SYNC: 07/29/2021 09:16:02:854: -------------------------------------------------------------------------
SYNC: 07/29/2021 09:16:02:863: Starting SyncToy, version 2.1.0.0, built 10/19/2009 2:58:16 AM.
SYNC: 07/29/2021 09:18:24:381: Started scanning directory : C:\temp\
SYNC: 07/29/2021 09:18:24:381: Started scanning directory : G:\temp\
SYNC: 07/29/2021 09:20:40:506: Stopped scanning directory : C:\temp\
SYNC: 07/29/2021 09:22:14:696: Stopped scanning directory : G:\temp\
SYNC: 07/29/2021 09:55:17:892: Preview of C-temp-G-temp (C:\temp\, G:\temp\) in time 00:36:53:508.
SyncToy action was 'Synchronize'
Found 33098 actions to perform.
Found 691,342 files that did not require action.
Analyzed 312.3 files per second.
Avoided copying 898,845,349,530 bytes in 691,342 files.
Saved approximately 19:21:30:00 by not copying any files.

SYNC: 07/29/2021 10:13:32:335: Started scanning directory : C:\temp\rename\
SYNC: 07/29/2021 10:13:32:335: Started scanning directory : G:\temp\rename\
SYNC: 07/29/2021 10:15:37:869: Stopped scanning directory : G:\temp\rename\
SYNC: 07/29/2021 10:15:38:455: Stopped scanning directory : C:\temp\rename\
SYNC: 07/29/2021 10:43:15:498: Preview of C-temp-rename-G-temp-rename (C:\temp\rename\, G:\temp\rename\) in time 00:29:43:163.
SyncToy action was 'Synchronize'
Found 1244 actions to perform.
Found 681,088 files that did not require action.
Analyzed 382.0 files per second.
Avoided copying 891,822,276,962 bytes in 681,088 files.
Saved approximately 15:27:24:00 by not copying any files.

SYNC: 07/29/2021 11:24:07:147: Started scanning directory : C:\temp\rename\
SYNC: 07/29/2021 11:24:07:147: Started scanning directory : G:\temp\rename\
SYNC: 07/29/2021 11:25:58:125: Stopped scanning directory : C:\temp\rename\
SYNC: 07/29/2021 11:26:05:811: Stopped scanning directory : G:\temp\rename\
SYNC: 07/29/2021 11:36:40:741: Started scanning directory : C:\temp\
SYNC: 07/29/2021 11:36:40:741: Started scanning directory : D:\temp\
SYNC: 07/29/2021 11:38:48:865: Stopped scanning directory : C:\temp\
SYNC: 07/29/2021 11:40:06:349: Stopped scanning directory : D:\temp\
SYNC: 07/29/2021 12:08:57:366: Preview of C-temp-Lacie-temp (C:\temp\, D:\temp\) in time 00:32:16:626.
SyncToy action was 'Synchronize'
Found 13 actions to perform.
Found 693,820 files that did not require action.
Analyzed 358.3 files per second.
Avoided copying 900,817,549,262 bytes in 693,820 files.
Saved approximately 20:27:15:00 by not copying any files.

SYNC: 07/29/2021 12:40:57:446: SyncToy run of C-temp-Lacie-temp (C:\temp\, D:\temp\) completed at 7/29/2021 12:40:57 PM.
SyncToy action was 'Synchronize'.
SyncToy options were:
	Active for run all
	All files included
	No files excluded
	Do not check file contents
	Include read-only files
	Include hidden files
	Include system files
	Backup older files (send to Recycle Bin)
	All subfolders included
SyncToy run took 00:25:33:524.
Copied 11,413,082 bytes in 8 files in 00:25:33:524.
Bytes per second 7,442.4, files per second 0.0.
Avoided copying 900,817,549,262 bytes in 693,820 files that did not require action.
Saved approximately 21:53:55:194 by not copying all files.

SYNC: 07/29/2021 13:26:41:470: Started scanning directory : C:\temp\
SYNC: 07/29/2021 13:26:41:471: Started scanning directory : G:\temp\
SYNC: 07/29/2021 13:28:57:742: Stopped scanning directory : C:\temp\
SYNC: 07/29/2021 13:29:02:506: Stopped scanning directory : G:\temp\
SYNC: 07/29/2021 13:47:19:960: Preview of C-temp-G-temp (C:\temp\, G:\temp\) in time 00:20:38:491.
SyncToy action was 'Contribute'
Found 70 actions to perform.
Found 721,383 files that did not require action.
Analyzed 582.5 files per second.
Avoided copying 931,972,808,043 bytes in 721,383 files.
Saved approximately 13:45:45:00 by not copying any files.

SYNC: 07/29/2021 14:14:28:035: SyncToy run of C-temp-G-temp (C:\temp\, G:\temp\) completed at 7/29/2021 2:14:28 PM.
SyncToy action was 'Contribute'.
SyncToy options were:
	Active for run all
	All files included
	No files excluded
	Do not check file contents
	Include read-only files
	Include hidden files
	Include system files
	Backup older files (send to Recycle Bin)
	Some subfolders included
SyncToy run took 00:19:48:270.
Copied 201,899,834 bytes in 65 files in 00:19:48:270.
Bytes per second 169,910.7, files per second 0.1.
Avoided copying 931,972,808,043 bytes in 721,383 files that did not require action.
Saved approximately 11:37:54:731 by not copying all files.

SYNC: 07/29/2021 17:44:12:793: -------------------------------------------------------------------------
SYNC: 07/29/2021 17:44:12:800: Starting SyncToyCmd, version 2.1.0.0, built 10/19/2009 2:58:16 AM.
SYNC: 07/29/2021 17:44:12:887: *** Failed to execute folder pair C-temp-Lacie-temp. Could not locate folder D:\temp\.
SYNC: 07/30/2021 17:00:01:503: -------------------------------------------------------------------------
SYNC: 07/30/2021 17:00:01:515: Starting SyncToyCmd, version 2.1.0.0, built 10/19/2009 2:58:16 AM.
SYNC: 07/30/2021 17:00:01:567: *** Failed to execute folder pair C-temp-Lacie-temp. Could not locate folder D:\temp\.
SYNC: 07/31/2021 17:00:01:458: -------------------------------------------------------------------------
SYNC: 07/31/2021 17:00:01:469: Starting SyncToyCmd, version 2.1.0.0, built 10/19/2009 2:58:16 AM.
SYNC: 07/31/2021 17:00:01:511: *** Failed to execute folder pair C-temp-Lacie-temp. Could not locate folder D:\temp\.
SYNC: 08/02/2021 17:00:02:411: -------------------------------------------------------------------------
SYNC: 08/02/2021 17:00:02:417: Starting SyncToyCmd, version 2.1.0.0, built 10/19/2009 2:58:16 AM.
SYNC: 08/02/2021 17:00:02:467: *** Failed to execute folder pair C-temp-Lacie-temp. Could not locate folder D:\temp\.
SYNC: 08/03/2021 17:00:02:390: -------------------------------------------------------------------------
SYNC: 08/03/2021 17:00:02:398: Starting SyncToyCmd, version 2.1.0.0, built 10/19/2009 2:58:16 AM.
SYNC: 08/03/2021 17:00:02:454: *** Failed to execute folder pair C-temp-Lacie-temp. Could not locate folder D:\temp\.
SYNC: 08/06/2021 17:00:01:478: -------------------------------------------------------------------------
SYNC: 08/06/2021 17:00:01:489: Starting SyncToyCmd, version 2.1.0.0, built 10/19/2009 2:58:16 AM.
SYNC: 08/06/2021 17:00:01:533: *** Failed to execute folder pair C-temp-Lacie-temp. Could not locate folder D:\temp\.
SYNC: 08/09/2021 17:00:01:606: -------------------------------------------------------------------------
SYNC: 08/09/2021 17:00:01:618: Starting SyncToyCmd, version 2.1.0.0, built 10/19/2009 2:58:16 AM.
SYNC: 08/09/2021 17:00:01:656: *** Failed to execute folder pair C-temp-Lacie-temp. Could not locate folder D:\temp\.
SYNC: 08/10/2021 17:00:01:607: -------------------------------------------------------------------------
SYNC: 08/10/2021 17:00:01:607: Starting SyncToyCmd, version 2.1.0.0, built 10/19/2009 2:58:16 AM.
SYNC: 08/10/2021 17:00:01:671: *** Failed to execute folder pair C-temp-Lacie-temp. Could not locate folder D:\temp\.
SYNC: 08/16/2021 17:00:01:591: -------------------------------------------------------------------------
SYNC: 08/16/2021 17:00:01:604: Starting SyncToyCmd, version 2.1.0.0, built 10/19/2009 2:58:16 AM.
SYNC: 08/16/2021 17:00:01:666: *** Failed to execute folder pair C-temp-Lacie-temp. Could not locate folder D:\temp\.
SYNC: 08/18/2021 14:41:21:173: -------------------------------------------------------------------------
SYNC: 08/18/2021 14:41:21:177: Starting SyncToy, version 2.1.0.0, built 10/19/2009 2:58:16 AM.
SYNC: 08/18/2021 14:42:52:632: Started scanning directory : C:\Users\andre\Dropbox\
SYNC: 08/18/2021 14:42:52:632: Started scanning directory : D:\backup-dropbox\
SYNC: 08/18/2021 14:45:15:362: Stopped scanning directory : D:\backup-dropbox\
SYNC: 08/18/2021 14:47:52:673: Stopped scanning directory : C:\Users\andre\Dropbox\
SYNC: 08/18/2021 15:07:18:607: Preview of C-dropbox-Lacie-dropbox (C:\Users\andre\Dropbox\, D:\backup-dropbox\) in time 00:24:25:973.
SyncToy action was 'Contribute'
Found 94064 actions to perform.
Found 441,748 files that did not require action.
Analyzed 301.3 files per second.
Avoided copying 1,663,730,444,074 bytes in 441,748 files.
Saved approximately 12:17:40:00 by not copying any files.

SYNC: 08/18/2021 18:58:33:533: SyncToy run of C-dropbox-Lacie-dropbox (C:\Users\andre\Dropbox\, D:\backup-dropbox\) completed at 8/18/2021 6:58:33 PM.
SyncToy action was 'Contribute'.
SyncToy options were:
	Active for run all
	All files included
	No files excluded
	Do not check file contents
	Include read-only files
	Include hidden files
	Include system files
	Backup older files (send to Recycle Bin)
	All subfolders included
SyncToy run took 03:49:06:813.
Copied 11,225,861,496 bytes in 82,935 files in 03:49:06:813.
Bytes per second 816,615.5, files per second 6.0.
Avoided copying 1,663,730,034,553 bytes in 441,745 files that did not require action.
Saved approximately 13:55:47:977 by not copying all files.
Warning: 119 failures occured.
You can retry by selecting "Run" again or select "Preview" to see
the operations that remain to be performed.

SYNC: 08/18/2021 18:58:33:534: *** Error: The source file has been modified during the synchronization process. Item changed unexpectedly during synchronization. Copying C:\Users\andre\Dropbox\.dropbox.cache\marker_file to D:\backup-dropbox\.dropbox.cache\marker_file 

Error: The source file has been modified during the synchronization process. Item changed unexpectedly during synchronization. Copying C:\Users\andre\Dropbox\.dropbox.cache\qebcobkqbgpbzfynfuwbof\placeholder.aep to D:\backup-dropbox\.dropbox.cache\qebcobkqbgpbzfynfuwbof\placeholder.aep 

Error: The source file has been modified during the synchronization process. Item changed unexpectedly during synchronization. Copying C:\Users\andre\Dropbox\.dropbox.cache\qebcobkqbgpbzfynfuwbof\placeholder.ai to D:\backup-dropbox\.dropbox.cache\qebcobkqbgpbzfynfuwbof\placeholder.ai 

Error: The source file has been modified during the synchronization process. Item changed unexpectedly during synchronization. Copying C:\Users\andre\Dropbox\.dropbox.cache\qebcobkqbgpbzfynfuwbof\placeholder.avi to D:\backup-dropbox\.dropbox.cache\qebcobkqbgpbzfynfuwbof\placeholder.avi 

Error: The source file has been modified during the synchronization process. Item changed unexpectedly during synchronization. Copying C:\Users\andre\Dropbox\.dropbox.cache\qebcobkqbgpbzfynfuwbof\placeholder.bak to D:\backup-dropbox\.dropbox.cache\qebcobkqbgpbzfynfuwbof\placeholder.bak 

Error: The source file has been modified during the synchronization process. Item changed unexpectedly during synchronization. Copying C:\Users\andre\Dropbox\.dropbox.cache\qebcobkqbgpbzfynfuwbof\placeholder.bin to D:\backup-dropbox\.dropbox.cache\qebcobkqbgpbzfynfuwbof\placeholder.bin 

Error: The source file has been modified during the synchronization process. Item changed unexpectedly during synchronization. Copying C:\Users\andre\Dropbox\.dropbox.cache\qebcobkqbgpbzfynfuwbof\placeholder.bmp to D:\backup-dropbox\.dropbox.cache\qebcobkqbgpbzfynfuwbof\placeholder.bmp 

Error: The source file has been modified during the synchronization process. Item changed unexpectedly during synchronization. Copying C:\Users\andre\Dropbox\.dropbox.cache\qebcobkqbgpbzfynfuwbof\placeholder.cr2 to D:\backup-dropbox\.dropbox.cache\qebcobkqbgpbzfynfuwbof\placeholder.cr2 

Error: The source file has been modified during the synchronization process. Item changed unexpectedly during synchronization. Copying C:\Users\andre\Dropbox\.dropbox.cache\qebcobkqbgpbzfynfuwbof\placeholder.css to D:\backup-dropbox\.dropbox.cache\qebcobkqbgpbzfynfuwbof\placeholder.css 

Error: The source file has been modified during the synchronization process. Item changed unexpectedly during synchronization. Copying C:\Users\andre\Dropbox\.dropbox.cache\qebcobkqbgpbzfynfuwbof\placeholder.csv to D:\backup-dropbox\.dropbox.cache\qebcobkqbgpbzfynfuwbof\placeholder.csv 

Error: The source file has been modified during the synchronization process. Item changed unexpectedly during synchronization. Copying C:\Users\andre\Dropbox\.dropbox.cache\qebcobkqbgpbzfynfuwbof\placeholder.dat to D:\backup-dropbox\.dropbox.cache\qebcobkqbgpbzfynfuwbof\placeholder.dat 

Error: The source file has been modified during the synchronization process. Item changed unexpectedly during synchronization. Copying C:\Users\andre\Dropbox\.dropbox.cache\qebcobkqbgpbzfynfuwbof\placeholder.db to D:\backup-dropbox\.dropbox.cache\qebcobkqbgpbzfynfuwbof\placeholder.db 

Error: The source file has been modified during the synchronization process. Item changed unexpectedly during synchronization. Copying C:\Users\andre\Dropbox\.dropbox.cache\qebcobkqbgpbzfynfuwbof\placeholder.dfont to D:\backup-dropbox\.dropbox.cache\qebcobkqbgpbzfynfuwbof\placeholder.dfont 

Error: The source file has been modified during the synchronization process. Item changed unexpectedly during synchronization. Copying C:\Users\andre\Dropbox\.dropbox.cache\qebcobkqbgpbzfynfuwbof\placeholder.dll to D:\backup-dropbox\.dropbox.cache\qebcobkqbgpbzfynfuwbof\placeholder.dll 

Error: The source file has been modified during the synchronization process. Item changed unexpectedly during synchronization. Copying C:\Users\andre\Dropbox\.dropbox.cache\qebcobkqbgpbzfynfuwbof\placeholder.dmg to D:\backup-dropbox\.dropbox.cache\qebcobkqbgpbzfynfuwbof\placeholder.dmg 

Error: The source file has been modified during the synchronization process. Item changed unexpectedly during synchronization. Copying C:\Users\andre\Dropbox\.dropbox.cache\qebcobkqbgpbzfynfuwbof\placeholder.doc to D:\backup-dropbox\.dropbox.cache\qebcobkqbgpbzfynfuwbof\placeholder.doc 

Error: The source file has been modified during the synchronization process. Item changed unexpectedly during synchronization. Copying C:\Users\andre\Dropbox\.dropbox.cache\qebcobkqbgpbzfynfuwbof\placeholder.docm to D:\backup-dropbox\.dropbox.cache\qebcobkqbgpbzfynfuwbof\placeholder.docm 

Error: The source file has been modified during the synchronization process. Item changed unexpectedly during synchronization. Copying C:\Users\andre\Dropbox\.dropbox.cache\qebcobkqbgpbzfynfuwbof\placeholder.docx to D:\backup-dropbox\.dropbox.cache\qebcobkqbgpbzfynfuwbof\placeholder.docx 

Error: The source file has been modified during the synchronization process. Item changed unexpectedly during synchronization. Copying C:\Users\andre\Dropbox\.dropbox.cache\qebcobkqbgpbzfynfuwbof\placeholder.dotx to D:\backup-dropbox\.dropbox.cache\qebcobkqbgpbzfynfuwbof\placeholder.dotx 

Error: The source file has been modified during the synchronization process. Item changed unexpectedly during synchronization. Copying C:\Users\andre\Dropbox\.dropbox.cache\qebcobkqbgpbzfynfuwbof\placeholder.dwg to D:\backup-dropbox\.dropbox.cache\qebcobkqbgpbzfynfuwbof\placeholder.dwg 

Error: The source file has been modified during the synchronization process. Item changed unexpectedly during synchronization. Copying C:\Users\andre\Dropbox\.dropbox.cache\qebcobkqbgpbzfynfuwbof\placeholder.dxf to D:\backup-dropbox\.dropbox.cache\qebcobkqbgpbzfynfuwbof\placeholder.dxf 

Error: The source file has been modified during the synchronization process. Item changed unexpectedly during synchronization. Copying C:\Users\andre\Dropbox\.dropbox.cache\qebcobkqbgpbzfynfuwbof\placeholder.eml to D:\backup-dropbox\.dropbox.cache\qebcobkqbgpbzfynfuwbof\placeholder.eml 

Error: The source file has been modified during the synchronization process. Item changed unexpectedly during synchronization. Copying C:\Users\andre\Dropbox\.dropbox.cache\qebcobkqbgpbzfynfuwbof\placeholder.eps to D:\backup-dropbox\.dropbox.cache\qebcobkqbgpbzfynfuwbof\placeholder.eps 

Error: The source file has been modified during the synchronization process. Item changed unexpectedly during synchronization. Copying C:\Users\andre\Dropbox\.dropbox.cache\qebcobkqbgpbzfynfuwbof\placeholder.gif to D:\backup-dropbox\.dropbox.cache\qebcobkqbgpbzfynfuwbof\placeholder.gif 

Error: The source file has been modified during the synchronization process. Item changed unexpectedly during synchronization. Copying C:\Users\andre\Dropbox\.dropbox.cache\qebcobkqbgpbzfynfuwbof\placeholder.gz to D:\backup-dropbox\.dropbox.cache\qebcobkqbgpbzfynfuwbof\placeholder.gz 

Error: The source file has been modified during the synchronization process. Item changed unexpectedly during synchronization. Copying C:\Users\andre\Dropbox\.dropbox.cache\qebcobkqbgpbzfynfuwbof\placeholder.htm to D:\backup-dropbox\.dropbox.cache\qebcobkqbgpbzfynfuwbof\placeholder.htm 

Error: The source file has been modified during the synchronization process. Item changed unexpectedly during synchronization. Copying C:\Users\andre\Dropbox\.dropbox.cache\qebcobkqbgpbzfynfuwbof\placeholder.html to D:\backup-dropbox\.dropbox.cache\qebcobkqbgpbzfynfuwbof\placeholder.html 

Error: The source file has been modified during the synchronization process. Item changed unexpectedly during synchronization. Copying C:\Users\andre\Dropbox\.dropbox.cache\qebcobkqbgpbzfynfuwbof\placeholder.ico to D:\backup-dropbox\.dropbox.cache\qebcobkqbgpbzfynfuwbof\placeholder.ico 

Error: The source file has been modified during the synchronization process. Item changed unexpectedly during synchronization. Copying C:\Users\andre\Dropbox\.dropbox.cache\qebcobkqbgpbzfynfuwbof\placeholder.idlk to D:\backup-dropbox\.dropbox.cache\qebcobkqbgpbzfynfuwbof\placeholder.idlk 

Error: The source file has been modified during the synchronization process. Item changed unexpectedly during synchronization. Copying C:\Users\andre\Dropbox\.dropbox.cache\qebcobkqbgpbzfynfuwbof\placeholder.idml to D:\backup-dropbox\.dropbox.cache\qebcobkqbgpbzfynfuwbof\placeholder.idml 

Error: The source file has been modified during the synchronization process. Item changed unexpectedly during synchronization. Copying C:\Users\andre\Dropbox\.dropbox.cache\qebcobkqbgpbzfynfuwbof\placeholder.indd to D:\backup-dropbox\.dropbox.cache\qebcobkqbgpbzfynfuwbof\placeholder.indd 

Error: The source file has been modified during the synchronization process. Item changed unexpectedly during synchronization. Copying C:\Users\andre\Dropbox\.dropbox.cache\qebcobkqbgpbzfynfuwbof\placeholder.inf to D:\backup-dropbox\.dropbox.cache\qebcobkqbgpbzfynfuwbof\placeholder.inf 

Error: The source file has been modified during the synchronization process. Item changed unexpectedly during synchronization. Copying C:\Users\andre\Dropbox\.dropbox.cache\qebcobkqbgpbzfynfuwbof\placeholder.ini to D:\backup-dropbox\.dropbox.cache\qebcobkqbgpbzfynfuwbof\placeholder.ini 

Error: The source file has been modified during the synchronization process. Item changed unexpectedly during synchronization. Copying C:\Users\andre\Dropbox\.dropbox.cache\qebcobkqbgpbzfynfuwbof\placeholder.jar to D:\backup-dropbox\.dropbox.cache\qebcobkqbgpbzfynfuwbof\placeholder.jar 

Error: The source file has been modified during the synchronization process. Item changed unexpectedly during synchronization. Copying C:\Users\andre\Dropbox\.dropbox.cache\qebcobkqbgpbzfynfuwbof\placeholder.jpeg to D:\backup-dropbox\.dropbox.cache\qebcobkqbgpbzfynfuwbof\placeholder.jpeg 

Error: The source file has been modified during the synchronization process. Item changed unexpectedly during synchronization. Copying C:\Users\andre\Dropbox\.dropbox.cache\qebcobkqbgpbzfynfuwbof\placeholder.jpg to D:\backup-dropbox\.dropbox.cache\qebcobkqbgpbzfynfuwbof\placeholder.jpg 

Error: The source file has been modified during the synchronization process. Item changed unexpectedly during synchronization. Copying C:\Users\andre\Dropbox\.dropbox.cache\qebcobkqbgpbzfynfuwbof\placeholder.js to D:\backup-dropbox\.dropbox.cache\qebcobkqbgpbzfynfuwbof\placeholder.js 

Error: The source file has been modified during the synchronization process. Item changed unexpectedly during synchronization. Copying C:\Users\andre\Dropbox\.dropbox.cache\qebcobkqbgpbzfynfuwbof\placeholder.json to D:\backup-dropbox\.dropbox.cache\qebcobkqbgpbzfynfuwbof\placeholder.json 

Error: The source file has been modified during the synchronization process. Item changed unexpectedly during synchronization. Copying C:\Users\andre\Dropbox\.dropbox.cache\qebcobkqbgpbzfynfuwbof\placeholder.key to D:\backup-dropbox\.dropbox.cache\qebcobkqbgpbzfynfuwbof\placeholder.key 

Error: The source file has been modified during the synchronization process. Item changed unexpectedly during synchronization. Copying C:\Users\andre\Dropbox\.dropbox.cache\qebcobkqbgpbzfynfuwbof\placeholder.lnk to D:\backup-dropbox\.dropbox.cache\qebcobkqbgpbzfynfuwbof\placeholder.lnk 

Error: The source file has been modified during the synchronization process. Item changed unexpectedly during synchronization. Copying C:\Users\andre\Dropbox\.dropbox.cache\qebcobkqbgpbzfynfuwbof\placeholder.log to D:\backup-dropbox\.dropbox.cache\qebcobkqbgpbzfynfuwbof\placeholder.log 

Error: The source file has been modified during the synchronization process. Item changed unexpectedly during synchronization. Copying C:\Users\andre\Dropbox\.dropbox.cache\qebcobkqbgpbzfynfuwbof\placeholder.lst to D:\backup-dropbox\.dropbox.cache\qebcobkqbgpbzfynfuwbof\placeholder.lst 

Error: The source file has been modified during the synchronization process. Item changed unexpectedly during synchronization. Copying C:\Users\andre\Dropbox\.dropbox.cache\qebcobkqbgpbzfynfuwbof\placeholder.m to D:\backup-dropbox\.dropbox.cache\qebcobkqbgpbzfynfuwbof\placeholder.m 

Error: The source file has been modified during the synchronization process. Item changed unexpectedly during synchronization. Copying C:\Users\andre\Dropbox\.dropbox.cache\qebcobkqbgpbzfynfuwbof\placeholder.m4a to D:\backup-dropbox\.dropbox.cache\qebcobkqbgpbzfynfuwbof\placeholder.m4a 

Error: The source file has been modified during the synchronization process. Item changed unexpectedly during synchronization. Copying C:\Users\andre\Dropbox\.dropbox.cache\qebcobkqbgpbzfynfuwbof\placeholder.m4v to D:\backup-dropbox\.dropbox.cache\qebcobkqbgpbzfynfuwbof\placeholder.m4v 

Error: The source file has been modified during the synchronization process. Item changed unexpectedly during synchronization. Copying C:\Users\andre\Dropbox\.dropbox.cache\qebcobkqbgpbzfynfuwbof\placeholder.mat to D:\backup-dropbox\.dropbox.cache\qebcobkqbgpbzfynfuwbof\placeholder.mat 

Error: The source file has been modified during the synchronization process. Item changed unexpectedly during synchronization. Copying C:\Users\andre\Dropbox\.dropbox.cache\qebcobkqbgpbzfynfuwbof\placeholder.md to D:\backup-dropbox\.dropbox.cache\qebcobkqbgpbzfynfuwbof\placeholder.md 

Error: The source file has been modified during the synchronization process. Item changed unexpectedly during synchronization. Copying C:\Users\andre\Dropbox\.dropbox.cache\qebcobkqbgpbzfynfuwbof\placeholder.mdb to D:\backup-dropbox\.dropbox.cache\qebcobkqbgpbzfynfuwbof\placeholder.mdb 

Error: The source file has been modified during the synchronization process. Item changed unexpectedly during synchronization. Copying C:\Users\andre\Dropbox\.dropbox.cache\qebcobkqbgpbzfynfuwbof\placeholder.mov to D:\backup-dropbox\.dropbox.cache\qebcobkqbgpbzfynfuwbof\placeholder.mov 

Error: The source file has been modified during the synchronization process. Item changed unexpectedly during synchronization. Copying C:\Users\andre\Dropbox\.dropbox.cache\qebcobkqbgpbzfynfuwbof\placeholder.mp3 to D:\backup-dropbox\.dropbox.cache\qebcobkqbgpbzfynfuwbof\placeholder.mp3 

Error: The source file has been modified during the synchronization process. Item changed unexpectedly during synchronization. Copying C:\Users\andre\Dropbox\.dropbox.cache\qebcobkqbgpbzfynfuwbof\placeholder.mp4 to D:\backup-dropbox\.dropbox.cache\qebcobkqbgpbzfynfuwbof\placeholder.mp4 

Error: The source file has been modified during the synchronization process. Item changed unexpectedly during synchronization. Copying C:\Users\andre\Dropbox\.dropbox.cache\qebcobkqbgpbzfynfuwbof\placeholder.mpg to D:\backup-dropbox\.dropbox.cache\qebcobkqbgpbzfynfuwbof\placeholder.mpg 

Error: The source file has been modified during the synchronization process. Item changed unexpectedly during synchronization. Copying C:\Users\andre\Dropbox\.dropbox.cache\qebcobkqbgpbzfynfuwbof\placeholder.mpp to D:\backup-dropbox\.dropbox.cache\qebcobkqbgpbzfynfuwbof\placeholder.mpp 

Error: The source file has been modified during the synchronization process. Item changed unexpectedly during synchronization. Copying C:\Users\andre\Dropbox\.dropbox.cache\qebcobkqbgpbzfynfuwbof\placeholder.msg to D:\backup-dropbox\.dropbox.cache\qebcobkqbgpbzfynfuwbof\placeholder.msg 

Error: The source file has been modified during the synchronization process. Item changed unexpectedly during synchronization. Copying C:\Users\andre\Dropbox\.dropbox.cache\qebcobkqbgpbzfynfuwbof\placeholder.msi to D:\backup-dropbox\.dropbox.cache\qebcobkqbgpbzfynfuwbof\placeholder.msi 

Error: The source file has been modified during the synchronization process. Item changed unexpectedly during synchronization. Copying C:\Users\andre\Dropbox\.dropbox.cache\qebcobkqbgpbzfynfuwbof\placeholder.ods to D:\backup-dropbox\.dropbox.cache\qebcobkqbgpbzfynfuwbof\placeholder.ods 

Error: The source file has been modified during the synchronization process. Item changed unexpectedly during synchronization. Copying C:\Users\andre\Dropbox\.dropbox.cache\qebcobkqbgpbzfynfuwbof\placeholder.odt to D:\backup-dropbox\.dropbox.cache\qebcobkqbgpbzfynfuwbof\placeholder.odt 

Error: The source file has been modified during the synchronization process. Item changed unexpectedly during synchronization. Copying C:\Users\andre\Dropbox\.dropbox.cache\qebcobkqbgpbzfynfuwbof\placeholder.one to D:\backup-dropbox\.dropbox.cache\qebcobkqbgpbzfynfuwbof\placeholder.one 

Error: The source file has been modified during the synchronization process. Item changed unexpectedly during synchronization. Copying C:\Users\andre\Dropbox\.dropbox.cache\qebcobkqbgpbzfynfuwbof\placeholder.otf to D:\backup-dropbox\.dropbox.cache\qebcobkqbgpbzfynfuwbof\placeholder.otf 

Error: The source file has been modified during the synchronization process. Item changed unexpectedly during synchronization. Copying C:\Users\andre\Dropbox\.dropbox.cache\qebcobkqbgpbzfynfuwbof\placeholder.pdf to D:\backup-dropbox\.dropbox.cache\qebcobkqbgpbzfynfuwbof\placeholder.pdf 

Error: The source file has been modified during the synchronization process. Item changed unexpectedly during synchronization. Copying C:\Users\andre\Dropbox\.dropbox.cache\qebcobkqbgpbzfynfuwbof\placeholder.php to D:\backup-dropbox\.dropbox.cache\qebcobkqbgpbzfynfuwbof\placeholder.php 

Error: The source file has been modified during the synchronization process. Item changed unexpectedly during synchronization. Copying C:\Users\andre\Dropbox\.dropbox.cache\qebcobkqbgpbzfynfuwbof\placeholder.plist to D:\backup-dropbox\.dropbox.cache\qebcobkqbgpbzfynfuwbof\placeholder.plist 

Error: The source file has been modified during the synchronization process. Item changed unexpectedly during synchronization. Copying C:\Users\andre\Dropbox\.dropbox.cache\qebcobkqbgpbzfynfuwbof\placeholder.png to D:\backup-dropbox\.dropbox.cache\qebcobkqbgpbzfynfuwbof\placeholder.png 

Error: The source file has been modified during the synchronization process. Item changed unexpectedly during synchronization. Copying C:\Users\andre\Dropbox\.dropbox.cache\qebcobkqbgpbzfynfuwbof\placeholder.potx to D:\backup-dropbox\.dropbox.cache\qebcobkqbgpbzfynfuwbof\placeholder.potx 

Error: The source file has been modified during the synchronization process. Item changed unexpectedly during synchronization. Copying C:\Users\andre\Dropbox\.dropbox.cache\qebcobkqbgpbzfynfuwbof\placeholder.ppt to D:\backup-dropbox\.dropbox.cache\qebcobkqbgpbzfynfuwbof\placeholder.ppt 

Error: The source file has been modified during the synchronization process. Item changed unexpectedly during synchronization. Copying C:\Users\andre\Dropbox\.dropbox.cache\qebcobkqbgpbzfynfuwbof\placeholder.pptm to D:\backup-dropbox\.dropbox.cache\qebcobkqbgpbzfynfuwbof\placeholder.pptm 

Error: The source file has been modified during the synchronization process. Item changed unexpectedly during synchronization. Copying C:\Users\andre\Dropbox\.dropbox.cache\qebcobkqbgpbzfynfuwbof\placeholder.pptx to D:\backup-dropbox\.dropbox.cache\qebcobkqbgpbzfynfuwbof\placeholder.pptx 

Error: The source file has been modified during the synchronization process. Item changed unexpectedly during synchronization. Copying C:\Users\andre\Dropbox\.dropbox.cache\qebcobkqbgpbzfynfuwbof\placeholder.psd to D:\backup-dropbox\.dropbox.cache\qebcobkqbgpbzfynfuwbof\placeholder.psd 

Error: The source file has been modified during the synchronization process. Item changed unexpectedly during synchronization. Copying C:\Users\andre\Dropbox\.dropbox.cache\qebcobkqbgpbzfynfuwbof\placeholder.pub to D:\backup-dropbox\.dropbox.cache\qebcobkqbgpbzfynfuwbof\placeholder.pub 

Error: The source file has been modified during the synchronization process. Item changed unexpectedly during synchronization. Copying C:\Users\andre\Dropbox\.dropbox.cache\qebcobkqbgpbzfynfuwbof\placeholder.py to D:\backup-dropbox\.dropbox.cache\qebcobkqbgpbzfynfuwbof\placeholder.py 

Error: The source file has been modified during the synchronization process. Item changed unexpectedly during synchronization. Copying C:\Users\andre\Dropbox\.dropbox.cache\qebcobkqbgpbzfynfuwbof\placeholder.rar to D:\backup-dropbox\.dropbox.cache\qebcobkqbgpbzfynfuwbof\placeholder.rar 

Error: The source file has been modified during the synchronization process. Item changed unexpectedly during synchronization. Copying C:\Users\andre\Dropbox\.dropbox.cache\qebcobkqbgpbzfynfuwbof\placeholder.rtf to D:\backup-dropbox\.dropbox.cache\qebcobkqbgpbzfynfuwbof\placeholder.rtf 

Error: The source file has been modified during the synchronization process. Item changed unexpectedly during synchronization. Copying C:\Users\andre\Dropbox\.dropbox.cache\qebcobkqbgpbzfynfuwbof\placeholder.sql to D:\backup-dropbox\.dropbox.cache\qebcobkqbgpbzfynfuwbof\placeholder.sql 

Error: The source file has been modified during the synchronization process. Item changed unexpectedly during synchronization. Copying C:\Users\andre\Dropbox\.dropbox.cache\qebcobkqbgpbzfynfuwbof\placeholder.strings to D:\backup-dropbox\.dropbox.cache\qebcobkqbgpbzfynfuwbof\placeholder.strings 

Error: The source file has been modified during the synchronization process. Item changed unexpectedly during synchronization. Copying C:\Users\andre\Dropbox\.dropbox.cache\qebcobkqbgpbzfynfuwbof\placeholder.svg to D:\backup-dropbox\.dropbox.cache\qebcobkqbgpbzfynfuwbof\placeholder.svg 

Error: The source file has been modified during the synchronization process. Item changed unexpectedly during synchronization. Copying C:\Users\andre\Dropbox\.dropbox.cache\qebcobkqbgpbzfynfuwbof\placeholder.swf to D:\backup-dropbox\.dropbox.cache\qebcobkqbgpbzfynfuwbof\placeholder.swf 

Error: The source file has been modified during the synchronization process. Item changed unexpectedly during synchronization. Copying C:\Users\andre\Dropbox\.dropbox.cache\qebcobkqbgpbzfynfuwbof\placeholder.tex to D:\backup-dropbox\.dropbox.cache\qebcobkqbgpbzfynfuwbof\placeholder.tex 

Error: The source file has been modified during the synchronization process. Item changed unexpectedly during synchronization. Copying C:\Users\andre\Dropbox\.dropbox.cache\qebcobkqbgpbzfynfuwbof\placeholder.tif to D:\backup-dropbox\.dropbox.cache\qebcobkqbgpbzfynfuwbof\placeholder.tif 

Error: The source file has been modified during the synchronization process. Item changed unexpectedly during synchronization. Copying C:\Users\andre\Dropbox\.dropbox.cache\qebcobkqbgpbzfynfuwbof\placeholder.tiff to D:\backup-dropbox\.dropbox.cache\qebcobkqbgpbzfynfuwbof\placeholder.tiff 

Error: The source file has been modified during the synchronization process. Item changed unexpectedly during synchronization. Copying C:\Users\andre\Dropbox\.dropbox.cache\qebcobkqbgpbzfynfuwbof\placeholder.tmp to D:\backup-dropbox\.dropbox.cache\qebcobkqbgpbzfynfuwbof\placeholder.tmp 

Error: The source file has been modified during the synchronization process. Item changed unexpectedly during synchronization. Copying C:\Users\andre\Dropbox\.dropbox.cache\qebcobkqbgpbzfynfuwbof\placeholder.ttf to D:\backup-dropbox\.dropbox.cache\qebcobkqbgpbzfynfuwbof\placeholder.ttf 

Error: The source file has been modified during the synchronization process. Item changed unexpectedly during synchronization. Copying C:\Users\andre\Dropbox\.dropbox.cache\qebcobkqbgpbzfynfuwbof\placeholder.txt to D:\backup-dropbox\.dropbox.cache\qebcobkqbgpbzfynfuwbof\placeholder.txt 

Error: The source file has been modified during the synchronization process. Item changed unexpectedly during synchronization. Copying C:\Users\andre\Dropbox\.dropbox.cache\qebcobkqbgpbzfynfuwbof\placeholder.url to D:\backup-dropbox\.dropbox.cache\qebcobkqbgpbzfynfuwbof\placeholder.url 

Error: The source file has been modified during the synchronization process. Item changed unexpectedly during synchronization. Copying C:\Users\andre\Dropbox\.dropbox.cache\qebcobkqbgpbzfynfuwbof\placeholder.vsd to D:\backup-dropbox\.dropbox.cache\qebcobkqbgpbzfynfuwbof\placeholder.vsd 

Error: The source file has been modified during the synchronization process. Item changed unexpectedly during synchronization. Copying C:\Users\andre\Dropbox\.dropbox.cache\qebcobkqbgpbzfynfuwbof\placeholder.vsdx to D:\backup-dropbox\.dropbox.cache\qebcobkqbgpbzfynfuwbof\placeholder.vsdx 

Error: The source file has been modified during the synchronization process. Item changed unexpectedly during synchronization. Copying C:\Users\andre\Dropbox\.dropbox.cache\qebcobkqbgpbzfynfuwbof\placeholder.wav to D:\backup-dropbox\.dropbox.cache\qebcobkqbgpbzfynfuwbof\placeholder.wav 

Error: The source file has been modified during the synchronization process. Item changed unexpectedly during synchronization. Copying C:\Users\andre\Dropbox\.dropbox.cache\qebcobkqbgpbzfynfuwbof\placeholder.wmv to D:\backup-dropbox\.dropbox.cache\qebcobkqbgpbzfynfuwbof\placeholder.wmv 

Error: The source file has been modified during the synchronization process. Item changed unexpectedly during synchronization. Copying C:\Users\andre\Dropbox\.dropbox.cache\qebcobkqbgpbzfynfuwbof\placeholder.xls to D:\backup-dropbox\.dropbox.cache\qebcobkqbgpbzfynfuwbof\placeholder.xls 

Error: The source file has been modified during the synchronization process. Item changed unexpectedly during synchronization. Copying C:\Users\andre\Dropbox\.dropbox.cache\qebcobkqbgpbzfynfuwbof\placeholder.xlsb to D:\backup-dropbox\.dropbox.cache\qebcobkqbgpbzfynfuwbof\placeholder.xlsb 

Error: The source file has been modified during the synchronization process. Item changed unexpectedly during synchronization. Copying C:\Users\andre\Dropbox\.dropbox.cache\qebcobkqbgpbzfynfuwbof\placeholder.xlsm to D:\backup-dropbox\.dropbox.cache\qebcobkqbgpbzfynfuwbof\placeholder.xlsm 

Error: The source file has been modified during the synchronization process. Item changed unexpectedly during synchronization. Copying C:\Users\andre\Dropbox\.dropbox.cache\qebcobkqbgpbzfynfuwbof\placeholder.xlsx to D:\backup-dropbox\.dropbox.cache\qebcobkqbgpbzfynfuwbof\placeholder.xlsx 

Error: The source file has been modified during the synchronization process. Item changed unexpectedly during synchronization. Copying C:\Users\andre\Dropbox\.dropbox.cache\qebcobkqbgpbzfynfuwbof\placeholder.xml to D:\backup-dropbox\.dropbox.cache\qebcobkqbgpbzfynfuwbof\placeholder.xml 

Error: The source file has been modified during the synchronization process. Item changed unexpectedly during synchronization. Copying C:\Users\andre\Dropbox\.dropbox.cache\qebcobkqbgpbzfynfuwbof\placeholder.zip to D:\backup-dropbox\.dropbox.cache\qebcobkqbgpbzfynfuwbof\placeholder.zip 

Error: The source file has been modified during the synchronization process. Item changed unexpectedly during synchronization. Copying C:\Users\andre\Dropbox\.dropbox.cache\qebcobkqbgpbzfynfuwbof\placeholder.exe to D:\backup-dropbox\.dropbox.cache\qebcobkqbgpbzfynfuwbof\placeholder.exe 

Error: The source file has been modified during the synchronization process. Item changed unexpectedly during synchronization. Copying C:\Users\andre\Dropbox\.dropbox.cache\qebcobkqbgpbzfynfuwbof\placeholder.com to D:\backup-dropbox\.dropbox.cache\qebcobkqbgpbzfynfuwbof\placeholder.com 

Error: The source file has been modified during the synchronization process. Item changed unexpectedly during synchronization. Copying C:\Users\andre\Dropbox\.dropbox.cache\qebcobkqbgpbzfynfuwbof\placeholder.bat to D:\backup-dropbox\.dropbox.cache\qebcobkqbgpbzfynfuwbof\placeholder.bat 

Error: Cannot read from the source file C:\Users\andre\Dropbox\Rproj\Horse-Cattle-Elk-Grazing-Interaction-Study\data\vegetation\heber\2019-A51-landscape-apperance.xlsx. The system cannot find the file specified. (Exception from HRESULT: 0x80070002) Copying C:\Users\andre\Dropbox\Rproj\Horse-Cattle-Elk-Grazing-Interaction-Study\data\vegetation\heber\2019-A51-landscape-apperance.xlsx to D:\backup-dropbox\Rproj\Horse-Cattle-Elk-Grazing-Interaction-Study\data\vegetation\heber\2019-A51-landscape-apperance.xlsx 

Error: Cannot read from the source file C:\Users\andre\Dropbox\AZ-SRM\AZSRM-Summer-Meeting-2021-AGENDA.pdf. The system cannot find the path specified. (Exception from HRESULT: 0x80070003) Copying C:\Users\andre\Dropbox\AZ-SRM\AZSRM-Summer-Meeting-2021-AGENDA.pdf to D:\backup-dropbox\AZ-SRM\AZSRM-Summer-Meeting-2021-AGENDA.pdf 

Error: Cannot read from the source file C:\Users\andre\Dropbox\AZ-SRM\Screenshot 2021-08-10 110440.png. The system cannot find the path specified. (Exception from HRESULT: 0x80070003) Copying C:\Users\andre\Dropbox\AZ-SRM\Screenshot 2021-08-10 110440.png to D:\backup-dropbox\AZ-SRM\Screenshot 2021-08-10 110440.png 

Error: Cannot read from the source file C:\Users\andre\Dropbox\AZ-SRM\Screenshot 2021-08-10 110456.png. The system cannot find the path specified. (Exception from HRESULT: 0x80070003) Copying C:\Users\andre\Dropbox\AZ-SRM\Screenshot 2021-08-10 110456.png to D:\backup-dropbox\AZ-SRM\Screenshot 2021-08-10 110456.png 

Error: Cannot read from the source file C:\Users\andre\Dropbox\AZ-SRM\Screenshot 2021-08-03 183650.png. The system cannot find the path specified. (Exception from HRESULT: 0x80070003) Copying C:\Users\andre\Dropbox\AZ-SRM\Screenshot 2021-08-03 183650.png to D:\backup-dropbox\AZ-SRM\Screenshot 2021-08-03 183650.png 

Error: Cannot read from the source file C:\Users\andre\Dropbox\AZ-SRM\Screenshot 2021-08-10 105603.png. The system cannot find the path specified. (Exception from HRESULT: 0x80070003) Copying C:\Users\andre\Dropbox\AZ-SRM\Screenshot 2021-08-10 105603.png to D:\backup-dropbox\AZ-SRM\Screenshot 2021-08-10 105603.png 

Error: Cannot read from the source file C:\Users\andre\Dropbox\AZ-SRM\Events\2020-AZSRM-Summer-Meeting\Arizona_SRM_2020_Plant_Identification_Contest_Rules.pdf. The system cannot find the path specified. (Exception from HRESULT: 0x80070003) Copying C:\Users\andre\Dropbox\AZ-SRM\Events\2020-AZSRM-Summer-Meeting\Arizona_SRM_2020_Plant_Identification_Contest_Rules.pdf to D:\backup-dropbox\AZ-SRM\Events\2020-AZSRM-Summer-Meeting\Arizona_SRM_2020_Plant_Identification_Contest_Rules.pdf 

Error: Cannot read from the source file C:\Users\andre\Dropbox\AZ-SRM\Events\2020-AZSRM-Summer-Meeting\Arizona_Rangelands_2020_Photo_Contest_Rules.pdf. The system cannot find the path specified. (Exception from HRESULT: 0x80070003) Copying C:\Users\andre\Dropbox\AZ-SRM\Events\2020-AZSRM-Summer-Meeting\Arizona_Rangelands_2020_Photo_Contest_Rules.pdf to D:\backup-dropbox\AZ-SRM\Events\2020-AZSRM-Summer-Meeting\Arizona_Rangelands_2020_Photo_Contest_Rules.pdf 

Error: Cannot read from the source file C:\Users\andre\Dropbox\AZ-SRM\Events\2021-SRM-Virtual-Annual-Meeting\2020_Final_Report.docx. The system cannot find the path specified. (Exception from HRESULT: 0x80070003) Copying C:\Users\andre\Dropbox\AZ-SRM\Events\2021-SRM-Virtual-Annual-Meeting\2020_Final_Report.docx to D:\backup-dropbox\AZ-SRM\Events\2021-SRM-Virtual-Annual-Meeting\2020_Final_Report.docx 

Error: Cannot read from the source file Documents\Forest Ecology Term Paper\Managing Japanese Barberry (Ranunculales- Berberidaceae) Infestations Reduces Blacklegged Tick (Acari- Ixodidae) Abundance and Infection Prevalence with Borrelia burgdorferi (Spirochaetales- Spirochaetaceae).pdf. Path too long (Exception from HRESULT: 0x80010135) 

Error: Cannot read from the source file GoogleDrive\Grad School\Classes\Spring17_RNR696_Ecological_Modeling\Project\Backup_UniSim2-2.0.19_9Mar17\input\student\PestTox\PestTox_fate and transport_wbz0_2012 - sensitivity analysis_population vs concentrations in the water and topsoil.xml. Path too long (Exception from HRESULT: 0x80010135) 

Error: Cannot read from the source file GoogleDrive\Grad School\Classes\Spring17_RNR696_Ecological_Modeling\Project\Backup_UniSim2-2.0.19_9Mar17\input\student\PestTox\PestTox_fate and transport_wbz0_2013 - sensitivity analysis_population vs concentrations in the water and topsoil.xml. Path too long (Exception from HRESULT: 0x80010135) 

Error: Cannot read from the source file GoogleDrive\Grad School\Classes\Spring17_RNR696_Ecological_Modeling\Project\Backup_UniSim2-2.0.19_9Mar17\input\student\PestTox\PestTox_fate and transport_wbz30_2012 - sensitivity analysis_population vs concentrations in the water and topsoil.xml. Path too long (Exception from HRESULT: 0x80010135) 

Error: Cannot read from the source file GoogleDrive\Grad School\Classes\Spring17_RNR696_Ecological_Modeling\Project\Backup_UniSim2-2.0.19_9Mar17\input\student\PestTox\PestTox_fate and transport_wbz30_2013 - sensitivity analysis_population vs concentrations in the water and topsoil.xml. Path too long (Exception from HRESULT: 0x80010135) 

Error: Cannot read from the source file GoogleDrive\Grad School\Classes\Spring17_RNR696_Ecological_Modeling\Project\Backup_UniSim2-2.0.19_9Mar17\src\resources\data\input\student\PestTox\PestTox_fate and transport_Pnsz0_2012 - sensitivity analysis_buffer zone width vs runoff.xml. Path too long (Exception from HRESULT: 0x80010135) 

Error: Cannot read from the source file GoogleDrive\Grad School\Classes\Spring17_RNR696_Ecological_Modeling\Project\Backup_UniSim2-2.0.19_9Mar17\src\resources\data\input\student\PestTox\PestTox_fate and transport_Pnsz0_2013 - sensitivity analysis_buffer zone width vs runoff.xml. Path too long (Exception from HRESULT: 0x80010135) 

Error: Cannot read from the source file GoogleDrive\Grad School\Classes\Spring17_RNR696_Ecological_Modeling\Project\Backup_UniSim2-2.0.19_9Mar17\src\resources\data\input\student\PestTox\PestTox_fate and transport_Pnsz30_2012 - sensitivity analysis_buffer zone width vs runoff.xml. Path too long (Exception from HRESULT: 0x80010135) 

Error: Cannot read from the source file GoogleDrive\Grad School\Classes\Spring17_RNR696_Ecological_Modeling\Project\Backup_UniSim2-2.0.19_9Mar17\src\resources\data\input\student\PestTox\PestTox_fate and transport_Pnsz30_2013 - sensitivity analysis_buffer zone width vs runoff.xml. Path too long (Exception from HRESULT: 0x80010135) 

Error: Cannot read from the source file GoogleDrive\Grad School\Classes\Spring17_RNR696_Ecological_Modeling\Project\Backup_UniSim2-2.0.19_9Mar17\src\resources\data\input\student\PestTox\PestTox_fate and transport_wbz30_2012 - sensitivity analysis_population vs eggs per female.xml. Path too long (Exception from HRESULT: 0x80010135) 

Error: Cannot read from the source file GoogleDrive\Grad School\Classes\Spring17_RNR696_Ecological_Modeling\Project\Backup_UniSim2-2.0.19_9Mar17\src\resources\data\input\student\PestTox\PestTox_fate and transport_wbz30_2012 - sensitivity analysis_rainfall vs macropore flow.xml. Path too long (Exception from HRESULT: 0x80010135) 

Error: Cannot read from the source file GoogleDrive\Grad School\Classes\Spring17_RNR696_Ecological_Modeling\Project\Backup_UniSim2-2.0.19_9Mar17\src\resources\data\input\student\PestTox\PestTox_fate and transport_wbz30_2013 - sensitivity analysis_population vs eggs per female.xml. Path too long (Exception from HRESULT: 0x80010135) 

Error: Cannot read from the source file GoogleDrive\Grad School\Classes\Spring17_RNR696_Ecological_Modeling\Project\Backup_UniSim2-2.0.19_9Mar17\src\resources\data\input\student\PestTox\PestTox_fate and transport_wbz30_2013 - sensitivity analysis_rainfall vs macropore flow.xml. Path too long (Exception from HRESULT: 0x80010135) 

Error: Cannot read from the source file MS_Project\Cybertracker\Archive\Folder_Backup_20June2017_1927\Tablet_Backups\UA01_6Mar17\Android\data\com.symantec.mobilesecurity\files\symantec_update_temp\4\appinsight beryllium_1.0\appinsight$20beryllium_1.0_symalllanguages_livetri.zip. Path too long (Exception from HRESULT: 0x80010135) 


SYNC: 08/18/2021 19:23:17:698: Started scanning directory : C:\Users\andre\Dropbox\
SYNC: 08/18/2021 19:23:17:698: Started scanning directory : D:\backup-dropbox\
SYNC: 08/18/2021 19:25:12:671: Stopped scanning directory : C:\Users\andre\Dropbox\
SYNC: 08/18/2021 19:25:54:994: Stopped scanning directory : D:\backup-dropbox\
SYNC: 08/18/2021 19:26:05:341: Preview of C-dropbox-Lacie-dropbox (C:\Users\andre\Dropbox\, D:\backup-dropbox\) in time 00:02:47:644.
SyncToy action was 'Contribute'
Found 1387 actions to perform.
Found 603,984 files that did not require action.
Analyzed 3,602.8 files per second.
Avoided copying 1,681,854,105,236 bytes in 603,984 files.
Saved approximately 22:21:48:00 by not copying any files.

SYNC: 08/18/2021 19:32:32:822: SyncToy run of C-dropbox-Lacie-dropbox (C:\Users\andre\Dropbox\, D:\backup-dropbox\) completed at 8/18/2021 7:32:32 PM.
SyncToy action was 'Contribute'.
SyncToy options were:
	Active for run all
	All files included
	No files excluded
	Do not check file contents
	Include read-only files
	Include hidden files
	Include system files
	Backup older files (send to Recycle Bin)
	All subfolders included
SyncToy run took 00:05:45:736.
Copied 3,648,745,174 bytes in 148 files in 00:05:45:736.
Bytes per second 10,553,541.9, files per second 0.4.
Avoided copying 1,681,854,105,236 bytes in 603,984 files that did not require action.
Saved approximately 20:16:03:949 by not copying all files.
Warning: 47 failures occured.
You can retry by selecting "Run" again or select "Preview" to see
the operations that remain to be performed.

SYNC: 08/18/2021 19:32:32:822: *** Error: Cannot write to the destination file. The system cannot find the path specified. (Exception from HRESULT: 0x80070003) Renaming D:\backup-dropbox\AZ-SRM\Website\Examples\Society For Range Management_files\HP-SRM-Board-Calls.png to D:\backup-dropbox\AZSRM\Website\Examples\Society For Range Management_files\HP-SRM-Board-Calls.png 

Error: Cannot write to the destination file. The system cannot find the path specified. (Exception from HRESULT: 0x80070003) Renaming D:\backup-dropbox\AZ-SRM\Website\Examples\Society For Range Management_files\sdk.js.download to D:\backup-dropbox\AZSRM\Website\Examples\Society For Range Management_files\sdk.js.download 

Error: Cannot write to the destination file. The system cannot find the path specified. (Exception from HRESULT: 0x80070003) Renaming D:\backup-dropbox\AZ-SRM\Website\Examples\Society For Range Management_files\We-Are-Rangelands-2-1-2300x600_c.png to D:\backup-dropbox\AZSRM\Website\Examples\Society For Range Management_files\We-Are-Rangelands-2-1-2300x600_c.png 

Error: Cannot write to the destination file. The system cannot find the path specified. (Exception from HRESULT: 0x80070003) Renaming D:\backup-dropbox\AZ-SRM\Website\Examples\Society For Range Management_files\saved_resource.html to D:\backup-dropbox\AZSRM\Website\Examples\Society For Range Management_files\saved_resource.html 

Error: Cannot write to the destination file. The system cannot find the path specified. (Exception from HRESULT: 0x80070003) Renaming D:\backup-dropbox\AZ-SRM\Website\Examples\Society For Range Management_files\2018yir-2300x600_c.jpg to D:\backup-dropbox\AZSRM\Website\Examples\Society For Range Management_files\2018yir-2300x600_c.jpg 

Error: Cannot write to the destination file. The system cannot find the path specified. (Exception from HRESULT: 0x80070003) Renaming D:\backup-dropbox\AZ-SRM\Website\Examples\Society For Range Management_files\HKdv3i5W1Eh.js.download to D:\backup-dropbox\AZSRM\Website\Examples\Society For Range Management_files\HKdv3i5W1Eh.js.download 

Error: Cannot write to the destination file. The system cannot find the path specified. (Exception from HRESULT: 0x80070003) Renaming D:\backup-dropbox\AZ-SRM\Website\Examples\National\Society For Range Management_files\Survey2.jpg to D:\backup-dropbox\AZSRM\Website\Examples\National\Society For Range Management_files\Survey2.jpg 

Error: Cannot write to the destination file. The system cannot find the path specified. (Exception from HRESULT: 0x80070003) Renaming D:\backup-dropbox\AZ-SRM\Website\Examples\National\Society For Range Management_files\HP-SRM-Board-Calls.png to D:\backup-dropbox\AZSRM\Website\Examples\National\Society For Range Management_files\HP-SRM-Board-Calls.png 

Error: Cannot write to the destination file. The system cannot find the path specified. (Exception from HRESULT: 0x80070003) Renaming D:\backup-dropbox\AZ-SRM\Website\Examples\National\Society For Range Management_files\SRM-Awards-Graphic-2.png to D:\backup-dropbox\AZSRM\Website\Examples\National\Society For Range Management_files\SRM-Awards-Graphic-2.png 

Error: Cannot write to the destination file. The system cannot find the path specified. (Exception from HRESULT: 0x80070003) Renaming D:\backup-dropbox\AZ-SRM\Website\Examples\National\Society For Range Management_files\sdk.js to D:\backup-dropbox\AZSRM\Website\Examples\National\Society For Range Management_files\sdk.js 

Error: Cannot write to the destination file. The system cannot find the path specified. (Exception from HRESULT: 0x80070003) Renaming D:\backup-dropbox\AZ-SRM\Website\Examples\National\Society For Range Management_files\1-2.png to D:\backup-dropbox\AZSRM\Website\Examples\National\Society For Range Management_files\1-2.png 

Error: Cannot write to the destination file. The system cannot find the path specified. (Exception from HRESULT: 0x80070003) Renaming D:\backup-dropbox\AZ-SRM\Website\Examples\Utah\Utah Section Society for Range Management_files\site.css to D:\backup-dropbox\AZSRM\Website\Examples\Utah\Utah Section Society for Range Management_files\site.css 

Error: Cannot write to the destination file. The system cannot find the path specified. (Exception from HRESULT: 0x80070003) Renaming D:\backup-dropbox\AZ-SRM\Website\Examples\Utah\Utah Section Society for Range Management_files\performance-f621ad5eb58ce3e47605f-min.en-US.js.download to D:\backup-dropbox\AZSRM\Website\Examples\Utah\Utah Section Society for Range Management_files\performance-f621ad5eb58ce3e47605f-min.en-US.js.download 

Error: Cannot write to the destination file. The system cannot find the path specified. (Exception from HRESULT: 0x80070003) Renaming D:\backup-dropbox\AZ-SRM\Website\Examples\Utah\Utah Section Society for Range Management_files\common-9a45391802f7f172e420b-min.en-US.js.download to D:\backup-dropbox\AZSRM\Website\Examples\Utah\Utah Section Society for Range Management_files\common-9a45391802f7f172e420b-min.en-US.js.download 

Error: Cannot write to the destination file. The system cannot find the path specified. (Exception from HRESULT: 0x80070003) Renaming D:\backup-dropbox\AZ-SRM\Website\Examples\Utah\Utah Section Society for Range Management_files\Park+Valley+Sage+small.jpg to D:\backup-dropbox\AZSRM\Website\Examples\Utah\Utah Section Society for Range Management_files\Park+Valley+Sage+small.jpg 

Error: Cannot write to the destination file. The system cannot find the path specified. (Exception from HRESULT: 0x80070003) Renaming D:\backup-dropbox\AZ-SRM\Website\Examples\National\Society For Range Management_files\like_data\f5Z1SO8thq0.js to D:\backup-dropbox\AZSRM\Website\Examples\National\Society For Range Management_files\like_data\f5Z1SO8thq0.js 

Error: Cannot write to the destination file. The system cannot find the path specified. (Exception from HRESULT: 0x80070003) Renaming D:\backup-dropbox\AZ-SRM\Website\Examples\Nevada\Home - Nevada Section Society For Range Management_files\style.min(1).css to D:\backup-dropbox\AZSRM\Website\Examples\Nevada\Home - Nevada Section Society For Range Management_files\style.min(1).css 

Error: Cannot write to the destination file. The system cannot find the path specified. (Exception from HRESULT: 0x80070003) Renaming D:\backup-dropbox\AZ-SRM\Website\Examples\Nevada\Home - Nevada Section Society For Range Management_files\main.min.js.download to D:\backup-dropbox\AZSRM\Website\Examples\Nevada\Home - Nevada Section Society For Range Management_files\main.min.js.download 

Error: Cannot write to the destination file. The system cannot find the path specified. (Exception from HRESULT: 0x80070003) Renaming D:\backup-dropbox\AZ-SRM\Website\Examples\Arizona\New Site\Society for Range Management Arizona Section_files\a.png to D:\backup-dropbox\AZSRM\Website\Examples\Arizona\New Site\Society for Range Management Arizona Section_files\a.png 

Error: Cannot write to the destination file. The system cannot find the path specified. (Exception from HRESULT: 0x80070003) Renaming D:\backup-dropbox\AZ-SRM\Website\Examples\Arizona\New Site\Society for Range Management Arizona Section_files\performance-0343c90c01bd002fd41c1-min.js to D:\backup-dropbox\AZSRM\Website\Examples\Arizona\New Site\Society for Range Management Arizona Section_files\performance-0343c90c01bd002fd41c1-min.js 

Error: Cannot write to the destination file. The system cannot find the path specified. (Exception from HRESULT: 0x80070003) Renaming D:\backup-dropbox\AZ-SRM\Website\Examples\Arizona\New Site\Society for Range Management Arizona Section_files\AdobeStock_284035134.jfif to D:\backup-dropbox\AZSRM\Website\Examples\Arizona\New Site\Society for Range Management Arizona Section_files\AdobeStock_284035134.jfif 

Error: Cannot write to the destination file. The system cannot find the path specified. (Exception from HRESULT: 0x80070003) Renaming D:\backup-dropbox\AZ-SRM\Website\Examples\Arizona\New Site\Society for Range Management Arizona Section_files\common-154c3d0fe01148c09fb32-min.js to D:\backup-dropbox\AZSRM\Website\Examples\Arizona\New Site\Society for Range Management Arizona Section_files\common-154c3d0fe01148c09fb32-min.js 

Error: Cannot write to the destination file. The system cannot find the path specified. (Exception from HRESULT: 0x80070003) Renaming D:\backup-dropbox\AZ-SRM\Website\Examples\Arizona\New Site\Society for Range Management Arizona Section_files\commerce-898b6d5c59fbe95ce8597-min.js to D:\backup-dropbox\AZSRM\Website\Examples\Arizona\New Site\Society for Range Management Arizona Section_files\commerce-898b6d5c59fbe95ce8597-min.js 

Error: Cannot write to the destination file. The system cannot find the path specified. (Exception from HRESULT: 0x80070003) Renaming D:\backup-dropbox\AZ-SRM\Website\Examples\Arizona\New Site\Society for Range Management Arizona Section_files\site.css to D:\backup-dropbox\AZSRM\Website\Examples\Arizona\New Site\Society for Range Management Arizona Section_files\site.css 

Error: Cannot write to the destination file. The system cannot find the path specified. (Exception from HRESULT: 0x80070003) Renaming D:\backup-dropbox\AZ-SRM\Website\Examples\Arizona\New Site\Society for Range Management Arizona Section_files\site-bundle.js to D:\backup-dropbox\AZSRM\Website\Examples\Arizona\New Site\Society for Range Management Arizona Section_files\site-bundle.js 

Error: Cannot write to the destination file. The system cannot find the path specified. (Exception from HRESULT: 0x80070003) Renaming D:\backup-dropbox\AZ-SRM\Website\Examples\New Mexico\NMSU_ New Mexico Society for Range Management - Home_files\195_9504-800x600.jpg to D:\backup-dropbox\AZSRM\Website\Examples\New Mexico\NMSU_ New Mexico Society for Range Management - Home_files\195_9504-800x600.jpg 

Error: Cannot write to the destination file. The system cannot find the path specified. (Exception from HRESULT: 0x80070003) Renaming D:\backup-dropbox\AZ-SRM\Website\Examples\New Mexico\NMSU_ New Mexico Society for Range Management - Home_files\jquery-2.1.3.min.js.download to D:\backup-dropbox\AZSRM\Website\Examples\New Mexico\NMSU_ New Mexico Society for Range Management - Home_files\jquery-2.1.3.min.js.download 

Error: Cannot write to the destination file. The system cannot find the path specified. (Exception from HRESULT: 0x80070003) Renaming D:\backup-dropbox\AZ-SRM\Website\Examples\New Mexico\NMSU_ New Mexico Society for Range Management - Home_files\bootstrap-nmsu.min.css to D:\backup-dropbox\AZSRM\Website\Examples\New Mexico\NMSU_ New Mexico Society for Range Management - Home_files\bootstrap-nmsu.min.css 

Error: Cannot write to the destination file. The system cannot find the path specified. (Exception from HRESULT: 0x80070003) Renaming D:\backup-dropbox\AZ-SRM\Website\Examples\New Mexico\NMSU_ New Mexico Society for Range Management - Home_files\analytics.js.download to D:\backup-dropbox\AZSRM\Website\Examples\New Mexico\NMSU_ New Mexico Society for Range Management - Home_files\analytics.js.download 

Error: Cannot write to the destination file. The system cannot find the path specified. (Exception from HRESULT: 0x80070003) Renaming D:\backup-dropbox\AZ-SRM\Website\Examples\New Mexico\NMSU_ New Mexico Society for Range Management - Home_files\bootstrap.min.js.download to D:\backup-dropbox\AZSRM\Website\Examples\New Mexico\NMSU_ New Mexico Society for Range Management - Home_files\bootstrap.min.js.download 

Error: Cannot write to the destination file. The system cannot find the path specified. (Exception from HRESULT: 0x80070003) Renaming D:\backup-dropbox\AZ-SRM\Website\Examples\Arizona\The Arizona Section, Society for Range Management Home Page_files\widgets.js.download to D:\backup-dropbox\AZSRM\Website\Examples\Arizona\The Arizona Section, Society for Range Management Home Page_files\widgets.js.download 

Error: Cannot write to the destination file. The system cannot find the path specified. (Exception from HRESULT: 0x80070003) Renaming D:\backup-dropbox\AZ-SRM\Website\Examples\Arizona\The Arizona Section, Society for Range Management Home Page_files\follow_button.097c1f5038f9e8a0d62a39a892838d66.en.html to D:\backup-dropbox\AZSRM\Website\Examples\Arizona\The Arizona Section, Society for Range Management Home Page_files\follow_button.097c1f5038f9e8a0d62a39a892838d66.en.html 

Error: Cannot write to the destination file. The system cannot find the path specified. (Exception from HRESULT: 0x80070003) Renaming D:\backup-dropbox\AZ-SRM\Website\Examples\Arizona\The Arizona Section, Society for Range Management Home Page_files\ga.js.download to D:\backup-dropbox\AZSRM\Website\Examples\Arizona\The Arizona Section, Society for Range Management Home Page_files\ga.js.download 

Error: Cannot read from the source file Documents\Forest Ecology Term Paper\Managing Japanese Barberry (Ranunculales- Berberidaceae) Infestations Reduces Blacklegged Tick (Acari- Ixodidae) Abundance and Infection Prevalence with Borrelia burgdorferi (Spirochaetales- Spirochaetaceae).pdf. Path too long (Exception from HRESULT: 0x80010135) 

Error: Cannot read from the source file GoogleDrive\Grad School\Classes\Spring17_RNR696_Ecological_Modeling\Project\Backup_UniSim2-2.0.19_9Mar17\input\student\PestTox\PestTox_fate and transport_wbz0_2012 - sensitivity analysis_population vs concentrations in the water and topsoil.xml. Path too long (Exception from HRESULT: 0x80010135) 

Error: Cannot read from the source file GoogleDrive\Grad School\Classes\Spring17_RNR696_Ecological_Modeling\Project\Backup_UniSim2-2.0.19_9Mar17\input\student\PestTox\PestTox_fate and transport_wbz0_2013 - sensitivity analysis_population vs concentrations in the water and topsoil.xml. Path too long (Exception from HRESULT: 0x80010135) 

Error: Cannot read from the source file GoogleDrive\Grad School\Classes\Spring17_RNR696_Ecological_Modeling\Project\Backup_UniSim2-2.0.19_9Mar17\input\student\PestTox\PestTox_fate and transport_wbz30_2012 - sensitivity analysis_population vs concentrations in the water and topsoil.xml. Path too long (Exception from HRESULT: 0x80010135) 

Error: Cannot read from the source file GoogleDrive\Grad School\Classes\Spring17_RNR696_Ecological_Modeling\Project\Backup_UniSim2-2.0.19_9Mar17\input\student\PestTox\PestTox_fate and transport_wbz30_2013 - sensitivity analysis_population vs concentrations in the water and topsoil.xml. Path too long (Exception from HRESULT: 0x80010135) 

Error: Cannot read from the source file GoogleDrive\Grad School\Classes\Spring17_RNR696_Ecological_Modeling\Project\Backup_UniSim2-2.0.19_9Mar17\src\resources\data\input\student\PestTox\PestTox_fate and transport_Pnsz0_2012 - sensitivity analysis_buffer zone width vs runoff.xml. Path too long (Exception from HRESULT: 0x80010135) 

Error: Cannot read from the source file GoogleDrive\Grad School\Classes\Spring17_RNR696_Ecological_Modeling\Project\Backup_UniSim2-2.0.19_9Mar17\src\resources\data\input\student\PestTox\PestTox_fate and transport_Pnsz0_2013 - sensitivity analysis_buffer zone width vs runoff.xml. Path too long (Exception from HRESULT: 0x80010135) 

Error: Cannot read from the source file GoogleDrive\Grad School\Classes\Spring17_RNR696_Ecological_Modeling\Project\Backup_UniSim2-2.0.19_9Mar17\src\resources\data\input\student\PestTox\PestTox_fate and transport_Pnsz30_2012 - sensitivity analysis_buffer zone width vs runoff.xml. Path too long (Exception from HRESULT: 0x80010135) 

Error: Cannot read from the source file GoogleDrive\Grad School\Classes\Spring17_RNR696_Ecological_Modeling\Project\Backup_UniSim2-2.0.19_9Mar17\src\resources\data\input\student\PestTox\PestTox_fate and transport_Pnsz30_2013 - sensitivity analysis_buffer zone width vs runoff.xml. Path too long (Exception from HRESULT: 0x80010135) 

Error: Cannot read from the source file GoogleDrive\Grad School\Classes\Spring17_RNR696_Ecological_Modeling\Project\Backup_UniSim2-2.0.19_9Mar17\src\resources\data\input\student\PestTox\PestTox_fate and transport_wbz30_2012 - sensitivity analysis_population vs eggs per female.xml. Path too long (Exception from HRESULT: 0x80010135) 

Error: Cannot read from the source file GoogleDrive\Grad School\Classes\Spring17_RNR696_Ecological_Modeling\Project\Backup_UniSim2-2.0.19_9Mar17\src\resources\data\input\student\PestTox\PestTox_fate and transport_wbz30_2012 - sensitivity analysis_rainfall vs macropore flow.xml. Path too long (Exception from HRESULT: 0x80010135) 

Error: Cannot read from the source file GoogleDrive\Grad School\Classes\Spring17_RNR696_Ecological_Modeling\Project\Backup_UniSim2-2.0.19_9Mar17\src\resources\data\input\student\PestTox\PestTox_fate and transport_wbz30_2013 - sensitivity analysis_population vs eggs per female.xml. Path too long (Exception from HRESULT: 0x80010135) 

Error: Cannot read from the source file GoogleDrive\Grad School\Classes\Spring17_RNR696_Ecological_Modeling\Project\Backup_UniSim2-2.0.19_9Mar17\src\resources\data\input\student\PestTox\PestTox_fate and transport_wbz30_2013 - sensitivity analysis_rainfall vs macropore flow.xml. Path too long (Exception from HRESULT: 0x80010135) 

Error: Cannot read from the source file MS_Project\Cybertracker\Archive\Folder_Backup_20June2017_1927\Tablet_Backups\UA01_6Mar17\Android\data\com.symantec.mobilesecurity\files\symantec_update_temp\4\appinsight beryllium_1.0\appinsight$20beryllium_1.0_symalllanguages_livetri.zip. Path too long (Exception from HRESULT: 0x80010135) 


SYNC: 08/20/2021 17:00:02:334: -------------------------------------------------------------------------
SYNC: 08/20/2021 17:00:02:345: Starting SyncToyCmd, version 2.1.0.0, built 10/19/2009 2:58:16 AM.
SYNC: 08/20/2021 17:00:02:401: *** Failed to execute folder pair C-temp-Lacie-temp. Could not locate folder D:\temp\.
SYNC: 08/23/2021 17:00:01:695: -------------------------------------------------------------------------
SYNC: 08/23/2021 17:00:01:705: Starting SyncToyCmd, version 2.1.0.0, built 10/19/2009 2:58:16 AM.
SYNC: 08/23/2021 17:00:01:748: *** Failed to execute folder pair C-temp-Lacie-temp. Could not locate folder D:\temp\.
SYNC: 08/24/2021 17:00:01:700: -------------------------------------------------------------------------
SYNC: 08/24/2021 17:00:01:709: Starting SyncToyCmd, version 2.1.0.0, built 10/19/2009 2:58:16 AM.
SYNC: 08/24/2021 17:00:01:740: *** Failed to execute folder pair C-temp-Lacie-temp. Could not locate folder D:\temp\.
SYNC: 08/25/2021 17:00:01:704: -------------------------------------------------------------------------
SYNC: 08/25/2021 17:00:01:720: Starting SyncToyCmd, version 2.1.0.0, built 10/19/2009 2:58:16 AM.
SYNC: 08/25/2021 17:00:01:788: *** Failed to execute folder pair C-temp-Lacie-temp. Could not locate folder D:\temp\.
SYNC: 08/26/2021 17:00:01:740: -------------------------------------------------------------------------
SYNC: 08/26/2021 17:00:01:751: Starting SyncToyCmd, version 2.1.0.0, built 10/19/2009 2:58:16 AM.
SYNC: 08/26/2021 17:00:01:799: *** Failed to execute folder pair C-temp-Lacie-temp. Could not locate folder D:\temp\.
SYNC: 08/27/2021 17:00:01:716: -------------------------------------------------------------------------
SYNC: 08/27/2021 17:00:01:726: Starting SyncToyCmd, version 2.1.0.0, built 10/19/2009 2:58:16 AM.
SYNC: 08/27/2021 17:00:01:771: *** Failed to execute folder pair C-temp-Lacie-temp. Could not locate folder D:\temp\.
SYNC: 08/29/2021 17:00:01:946: -------------------------------------------------------------------------
SYNC: 08/29/2021 17:00:01:965: Starting SyncToyCmd, version 2.1.0.0, built 10/19/2009 2:58:16 AM.
SYNC: 08/29/2021 17:00:02:019: *** Failed to execute folder pair C-temp-Lacie-temp. Could not locate folder D:\temp\.
SYNC: 08/30/2021 17:00:01:930: -------------------------------------------------------------------------
SYNC: 08/30/2021 17:00:01:942: Starting SyncToyCmd, version 2.1.0.0, built 10/19/2009 2:58:16 AM.
SYNC: 08/30/2021 17:00:01:987: *** Failed to execute folder pair C-temp-Lacie-temp. Could not locate folder D:\temp\.
SYNC: 08/31/2021 17:00:01:564: -------------------------------------------------------------------------
SYNC: 08/31/2021 17:00:01:574: Starting SyncToyCmd, version 2.1.0.0, built 10/19/2009 2:58:16 AM.
SYNC: 08/31/2021 17:00:01:638: *** Failed to execute folder pair C-temp-Lacie-temp. Could not locate folder D:\temp\.
SYNC: 09/01/2021 17:00:01:860: -------------------------------------------------------------------------
SYNC: 09/01/2021 17:00:01:870: Starting SyncToyCmd, version 2.1.0.0, built 10/19/2009 2:58:16 AM.
SYNC: 09/01/2021 17:00:01:934: *** Failed to execute folder pair C-temp-Lacie-temp. Could not locate folder D:\temp\.
SYNC: 09/02/2021 12:06:28:345: -------------------------------------------------------------------------
SYNC: 09/02/2021 12:06:28:351: Starting SyncToy, version 2.1.0.0, built 10/19/2009 2:58:16 AM.
SYNC: 09/02/2021 12:06:42:280: Started scanning directory : C:\temp\
SYNC: 09/02/2021 12:06:42:280: Started scanning directory : D:\temp\
SYNC: 09/02/2021 12:48:35:700: Stopped scanning directory : C:\temp\
SYNC: 09/02/2021 12:55:31:474: -------------------------------------------------------------------------
SYNC: 09/02/2021 12:55:31:478: Starting SyncToy, version 2.1.0.0, built 10/19/2009 2:58:16 AM.
SYNC: 09/02/2021 12:56:16:693: Started scanning directory : C:\temp\
SYNC: 09/02/2021 12:56:16:693: Started scanning directory : D:\temp\
SYNC: 09/02/2021 12:59:40:029: Stopped scanning directory : C:\temp\
SYNC: 09/02/2021 13:00:21:395: Stopped scanning directory : D:\temp\
SYNC: 09/02/2021 14:03:32:121: Preview of C-temp-Lacie-temp (C:\temp\, D:\temp\) in time 01:07:15:425.
SyncToy action was 'Echo'
Found 328055 actions to perform.
Found 367,378 files that did not require action.
Analyzed 91.0 files per second.
Avoided copying 467,760,387,415 bytes in 367,378 files.
Saved approximately 19:52:00:00 by not copying any files.

SYNC: 09/02/2021 17:56:39:657: SyncToy run of C-temp-Lacie-temp (C:\temp\, D:\temp\) completed at 9/2/2021 5:56:39 PM.
SyncToy action was 'Echo'.
SyncToy options were:
	Active for run all
	All files included
	No files excluded
	Do not check file contents
	Include read-only files
	Include hidden files
	Include system files
	Backup older files (send to Recycle Bin)
	All subfolders included
SyncToy run took 02:23:59:767.
Copied 12,226,111 bytes in 3 files in 02:23:59:767.
Bytes per second 1,415.1, files per second 0.0.
Avoided copying 467,760,387,415 bytes in 367,378 files that did not require action.
Saved approximately 19:26:27:792 by not copying all files.

SYNC: 09/03/2021 17:00:02:075: -------------------------------------------------------------------------
SYNC: 09/03/2021 17:00:02:091: Starting SyncToyCmd, version 2.1.0.0, built 10/19/2009 2:58:16 AM.
SYNC: 09/03/2021 17:00:02:155: *** Failed to execute folder pair C-temp-Lacie-temp. Could not locate folder D:\temp\.
SYNC: 09/04/2021 17:00:01:725: -------------------------------------------------------------------------
SYNC: 09/04/2021 17:00:01:729: Starting SyncToyCmd, version 2.1.0.0, built 10/19/2009 2:58:16 AM.
SYNC: 09/04/2021 17:00:01:753: *** Failed to execute folder pair C-temp-Lacie-temp. Could not locate folder D:\temp\.
SYNC: 09/07/2021 19:40:01:584: -------------------------------------------------------------------------
SYNC: 09/07/2021 19:40:01:750: Starting SyncToyCmd, version 2.1.0.0, built 10/19/2009 2:58:16 AM.
SYNC: 09/07/2021 19:40:01:795: *** Failed to execute folder pair C-temp-Lacie-temp. Could not locate folder D:\temp\.
SYNC: 09/08/2021 17:00:01:552: -------------------------------------------------------------------------
SYNC: 09/08/2021 17:00:01:564: Starting SyncToyCmd, version 2.1.0.0, built 10/19/2009 2:58:16 AM.
SYNC: 09/08/2021 17:00:01:620: *** Failed to execute folder pair C-temp-Lacie-temp. Could not locate folder D:\temp\.
SYNC: 09/09/2021 10:29:19:729: -------------------------------------------------------------------------
SYNC: 09/09/2021 10:29:19:733: Starting SyncToy, version 2.1.0.0, built 10/19/2009 2:58:16 AM.
SYNC: 09/09/2021 10:29:35:920: Started scanning directory : C:\Users\andre\Dropbox\
SYNC: 09/09/2021 10:29:35:920: Started scanning directory : D:\backup-dropbox\
SYNC: 09/09/2021 10:33:22:974: Stopped scanning directory : C:\Users\andre\Dropbox\
SYNC: 09/09/2021 10:34:23:459: Stopped scanning directory : D:\backup-dropbox\
SYNC: 09/09/2021 10:40:06:828: Preview of C-dropbox-Lacie-dropbox (C:\Users\andre\Dropbox\, D:\backup-dropbox\) in time 00:10:30:910.
SyncToy action was 'Contribute'
Found 92869 actions to perform.
Found 541,062 files that did not require action.
Analyzed 857.6 files per second.
Avoided copying 1,691,600,248,771 bytes in 541,062 files.
Saved approximately 03:46:40:00 by not copying any files.

SYNC: 09/09/2021 14:33:23:696: SyncToy run of C-dropbox-Lacie-dropbox (C:\Users\andre\Dropbox\, D:\backup-dropbox\) completed at 9/9/2021 2:33:23 PM.
SyncToy action was 'Contribute'.
SyncToy options were:
	Active for run all
	All files included
	No files excluded
	Do not check file contents
	Include read-only files
	Include hidden files
	Include system files
	Backup older files (send to Recycle Bin)
	All subfolders included
SyncToy run took 03:52:23:636.
Copied 16,853,243,216 bytes in 37,663 files in 03:52:23:636.
Bytes per second 1,208,669.2, files per second 2.7.
Avoided copying 1,691,600,248,771 bytes in 541,062 files that did not require action.
Saved approximately 04:45:56:47 by not copying all files.
Warning: 162 failures occured.
You can retry by selecting "Run" again or select "Preview" to see
the operations that remain to be performed.

SYNC: 09/09/2021 14:33:23:697: *** Error: The source file has been modified during the synchronization process. Item changed unexpectedly during synchronization. Copying C:\Users\andre\Dropbox\Rproj\grazing-interaction\.git\COMMIT_EDITMSG to D:\backup-dropbox\Rproj\grazing-interaction\.git\COMMIT_EDITMSG 

Error: The source file has been modified during the synchronization process. Item changed unexpectedly during synchronization. Copying C:\Users\andre\Dropbox\Rproj\grazing-interaction\.Rprofile to D:\backup-dropbox\Rproj\grazing-interaction\.Rprofile 

Error: The source file has been modified during the synchronization process. Item changed unexpectedly during synchronization. Copying C:\Users\andre\Dropbox\Rproj\grazing-interaction\.git\FETCH_HEAD to D:\backup-dropbox\Rproj\grazing-interaction\.git\FETCH_HEAD 

Error: The source file has been modified during the synchronization process. Item changed unexpectedly during synchronization. Copying C:\Users\andre\Dropbox\Rproj\grazing-interaction\packages.R to D:\backup-dropbox\Rproj\grazing-interaction\packages.R 

Error: The source file has been modified during the synchronization process. Item changed unexpectedly during synchronization. Copying C:\Users\andre\Dropbox\Rproj\grazing-interaction\.Rproj.user\shared\notebooks\paths to D:\backup-dropbox\Rproj\grazing-interaction\.Rproj.user\shared\notebooks\paths 

Error: The source file has been modified during the synchronization process. Item changed unexpectedly during synchronization. Copying C:\Users\andre\Dropbox\Rproj\grazing-interaction\.git\logs\refs\remotes\origin\master to D:\backup-dropbox\Rproj\grazing-interaction\.git\logs\refs\remotes\origin\master 

Error: The source file has been modified during the synchronization process. Item changed unexpectedly during synchronization. Copying C:\Users\andre\Dropbox\Rproj\grazing-interaction\.git\logs\refs\heads\master to D:\backup-dropbox\Rproj\grazing-interaction\.git\logs\refs\heads\master 

Error: The source file has been modified during the synchronization process. Item changed unexpectedly during synchronization. Copying C:\Users\andre\Dropbox\Rproj\grazing-interaction\.git\logs\HEAD to D:\backup-dropbox\Rproj\grazing-interaction\.git\logs\HEAD 

Error: The source file has been modified during the synchronization process. Item changed unexpectedly during synchronization. Copying C:\Users\andre\Dropbox\Rproj\grazing-interaction\photoprocessing.Rmd to D:\backup-dropbox\Rproj\grazing-interaction\photoprocessing.Rmd 

Error: The source file has been modified during the synchronization process. Item changed unexpectedly during synchronization. Copying C:\Users\andre\Dropbox\Rproj\grazing-interaction\utilities\05-recombine-chunks.R to D:\backup-dropbox\Rproj\grazing-interaction\utilities\05-recombine-chunks.R 

Error: The source file has been modified during the synchronization process. Item changed unexpectedly during synchronization. Copying C:\Users\andre\Dropbox\Rproj\grazing-interaction\utilities\06-combine-data-by-site.R to D:\backup-dropbox\Rproj\grazing-interaction\utilities\06-combine-data-by-site.R 

Error: The source file has been modified during the synchronization process. Item changed unexpectedly during synchronization. Copying C:\Users\andre\Dropbox\Rproj\grazing-interaction\.Rproj.user\E0014006\sources\prop\B537C30E to D:\backup-dropbox\Rproj\grazing-interaction\.Rproj.user\E0014006\sources\prop\B537C30E 

Error: The source file has been modified during the synchronization process. Item changed unexpectedly during synchronization. Copying C:\Users\andre\Dropbox\Rproj\grazing-interaction\.Rproj.user\E0014006\sources\prop\4190DEB0 to D:\backup-dropbox\Rproj\grazing-interaction\.Rproj.user\E0014006\sources\prop\4190DEB0 

Error: The source file has been modified during the synchronization process. Item changed unexpectedly during synchronization. Copying C:\Users\andre\Dropbox\Rproj\grazing-interaction\.Rproj.user\E0014006\sources\prop\8B912503 to D:\backup-dropbox\Rproj\grazing-interaction\.Rproj.user\E0014006\sources\prop\8B912503 

Error: The source file has been modified during the synchronization process. Item changed unexpectedly during synchronization. Copying C:\Users\andre\Dropbox\Rproj\grazing-interaction\.Rproj.user\E0014006\sources\prop\E54E5116 to D:\backup-dropbox\Rproj\grazing-interaction\.Rproj.user\E0014006\sources\prop\E54E5116 

Error: The source file has been modified during the synchronization process. Item changed unexpectedly during synchronization. Copying C:\Users\andre\Dropbox\Rproj\grazing-interaction\.Rproj.user\shared\notebooks\DBE94146-photoprocessing\1\s\chunks.json to D:\backup-dropbox\Rproj\grazing-interaction\.Rproj.user\shared\notebooks\DBE94146-photoprocessing\1\s\chunks.json 

Error: The source file has been modified during the synchronization process. Item changed unexpectedly during synchronization. Copying C:\Users\andre\Dropbox\Rproj\grazing-interaction\.Rproj.user\E0014006\sources\prop\FF5D84B7 to D:\backup-dropbox\Rproj\grazing-interaction\.Rproj.user\E0014006\sources\prop\FF5D84B7 

Error: The source file has been modified during the synchronization process. Item changed unexpectedly during synchronization. Copying C:\Users\andre\Dropbox\Rproj\grazing-interaction\.Rproj.user\shared\notebooks\DBE94146-photoprocessing\1\s\c62ru9sltdeho\000002.csv to D:\backup-dropbox\Rproj\grazing-interaction\.Rproj.user\shared\notebooks\DBE94146-photoprocessing\1\s\c62ru9sltdeho\000002.csv 

Error: The source file has been modified during the synchronization process. Item changed unexpectedly during synchronization. Copying C:\Users\andre\Dropbox\Rproj\grazing-interaction\.Rproj.user\shared\notebooks\DBE94146-photoprocessing\1\s\ct8lscrno631k\000002.csv to D:\backup-dropbox\Rproj\grazing-interaction\.Rproj.user\shared\notebooks\DBE94146-photoprocessing\1\s\ct8lscrno631k\000002.csv 

Error: The source file has been modified during the synchronization process. Item changed unexpectedly during synchronization. Copying C:\Users\andre\Dropbox\Rproj\grazing-interaction\.Rproj.user\shared\notebooks\DBE94146-photoprocessing\1\s\ckbsq73h7tuoj\000002.csv to D:\backup-dropbox\Rproj\grazing-interaction\.Rproj.user\shared\notebooks\DBE94146-photoprocessing\1\s\ckbsq73h7tuoj\000002.csv 

Error: Cannot read from the source file C:\Users\andre\Dropbox\Rproj\grazing-interaction\.Rproj.user\shared\notebooks\DBE94146-photoprocessing\1\s\c3dkmsi2xykhc\00001a.csv. The system cannot find the file specified. (Exception from HRESULT: 0x80070002) Copying C:\Users\andre\Dropbox\Rproj\grazing-interaction\.Rproj.user\shared\notebooks\DBE94146-photoprocessing\1\s\c3dkmsi2xykhc\00001a.csv to D:\backup-dropbox\Rproj\grazing-interaction\.Rproj.user\shared\notebooks\DBE94146-photoprocessing\1\s\c3dkmsi2xykhc\00001a.csv 

Error: Cannot read from the source file C:\Users\andre\Dropbox\Rproj\grazing-interaction\.Rproj.user\shared\notebooks\DBE94146-photoprocessing\1\s\c3dkmsi2xykhc\00001b.rdf. The system cannot find the file specified. (Exception from HRESULT: 0x80070002) Copying C:\Users\andre\Dropbox\Rproj\grazing-interaction\.Rproj.user\shared\notebooks\DBE94146-photoprocessing\1\s\c3dkmsi2xykhc\00001b.rdf to D:\backup-dropbox\Rproj\grazing-interaction\.Rproj.user\shared\notebooks\DBE94146-photoprocessing\1\s\c3dkmsi2xykhc\00001b.rdf 

Error: Cannot read from the source file C:\Users\andre\Dropbox\Rproj\grazing-interaction\.Rproj.user\shared\notebooks\DBE94146-photoprocessing\1\s\c3dkmsi2xykhc\00001b.metadata. The system cannot find the file specified. (Exception from HRESULT: 0x80070002) Copying C:\Users\andre\Dropbox\Rproj\grazing-interaction\.Rproj.user\shared\notebooks\DBE94146-photoprocessing\1\s\c3dkmsi2xykhc\00001b.metadata to D:\backup-dropbox\Rproj\grazing-interaction\.Rproj.user\shared\notebooks\DBE94146-photoprocessing\1\s\c3dkmsi2xykhc\00001b.metadata 

Error: Cannot read from the source file C:\Users\andre\Dropbox\Rproj\grazing-interaction\.Rproj.user\shared\notebooks\DBE94146-photoprocessing\1\s\c3dkmsi2xykhc\00001c.csv. The system cannot find the file specified. (Exception from HRESULT: 0x80070002) Copying C:\Users\andre\Dropbox\Rproj\grazing-interaction\.Rproj.user\shared\notebooks\DBE94146-photoprocessing\1\s\c3dkmsi2xykhc\00001c.csv to D:\backup-dropbox\Rproj\grazing-interaction\.Rproj.user\shared\notebooks\DBE94146-photoprocessing\1\s\c3dkmsi2xykhc\00001c.csv 

Error: Cannot read from the source file C:\Users\andre\Dropbox\Rproj\grazing-interaction\.Rproj.user\shared\notebooks\DBE94146-photoprocessing\1\s\c3dkmsi2xykhc\00001d.rdf. The system cannot find the file specified. (Exception from HRESULT: 0x80070002) Copying C:\Users\andre\Dropbox\Rproj\grazing-interaction\.Rproj.user\shared\notebooks\DBE94146-photoprocessing\1\s\c3dkmsi2xykhc\00001d.rdf to D:\backup-dropbox\Rproj\grazing-interaction\.Rproj.user\shared\notebooks\DBE94146-photoprocessing\1\s\c3dkmsi2xykhc\00001d.rdf 

Error: Cannot read from the source file C:\Users\andre\Dropbox\Rproj\grazing-interaction\.Rproj.user\shared\notebooks\DBE94146-photoprocessing\1\s\c3dkmsi2xykhc\00001d.metadata. The system cannot find the file specified. (Exception from HRESULT: 0x80070002) Copying C:\Users\andre\Dropbox\Rproj\grazing-interaction\.Rproj.user\shared\notebooks\DBE94146-photoprocessing\1\s\c3dkmsi2xykhc\00001d.metadata to D:\backup-dropbox\Rproj\grazing-interaction\.Rproj.user\shared\notebooks\DBE94146-photoprocessing\1\s\c3dkmsi2xykhc\00001d.metadata 

Error: Cannot read from the source file C:\Users\andre\Dropbox\Rproj\grazing-interaction\.Rproj.user\shared\notebooks\DBE94146-photoprocessing\1\s\c3dkmsi2xykhc\00001e.csv. The system cannot find the file specified. (Exception from HRESULT: 0x80070002) Copying C:\Users\andre\Dropbox\Rproj\grazing-interaction\.Rproj.user\shared\notebooks\DBE94146-photoprocessing\1\s\c3dkmsi2xykhc\00001e.csv to D:\backup-dropbox\Rproj\grazing-interaction\.Rproj.user\shared\notebooks\DBE94146-photoprocessing\1\s\c3dkmsi2xykhc\00001e.csv 

Error: Cannot read from the source file C:\Users\andre\Dropbox\Rproj\grazing-interaction\.Rproj.user\shared\notebooks\DBE94146-photoprocessing\1\s\c3dkmsi2xykhc\00001f.rdf. The system cannot find the file specified. (Exception from HRESULT: 0x80070002) Copying C:\Users\andre\Dropbox\Rproj\grazing-interaction\.Rproj.user\shared\notebooks\DBE94146-photoprocessing\1\s\c3dkmsi2xykhc\00001f.rdf to D:\backup-dropbox\Rproj\grazing-interaction\.Rproj.user\shared\notebooks\DBE94146-photoprocessing\1\s\c3dkmsi2xykhc\00001f.rdf 

Error: Cannot read from the source file C:\Users\andre\Dropbox\Rproj\grazing-interaction\.Rproj.user\shared\notebooks\DBE94146-photoprocessing\1\s\c3dkmsi2xykhc\00001f.metadata. The system cannot find the file specified. (Exception from HRESULT: 0x80070002) Copying C:\Users\andre\Dropbox\Rproj\grazing-interaction\.Rproj.user\shared\notebooks\DBE94146-photoprocessing\1\s\c3dkmsi2xykhc\00001f.metadata to D:\backup-dropbox\Rproj\grazing-interaction\.Rproj.user\shared\notebooks\DBE94146-photoprocessing\1\s\c3dkmsi2xykhc\00001f.metadata 

Error: Cannot read from the source file C:\Users\andre\Dropbox\Rproj\grazing-interaction\.Rproj.user\shared\notebooks\DBE94146-photoprocessing\1\s\c3dkmsi2xykhc\000020.csv. The system cannot find the file specified. (Exception from HRESULT: 0x80070002) Copying C:\Users\andre\Dropbox\Rproj\grazing-interaction\.Rproj.user\shared\notebooks\DBE94146-photoprocessing\1\s\c3dkmsi2xykhc\000020.csv to D:\backup-dropbox\Rproj\grazing-interaction\.Rproj.user\shared\notebooks\DBE94146-photoprocessing\1\s\c3dkmsi2xykhc\000020.csv 

Error: Cannot read from the source file C:\Users\andre\Dropbox\Rproj\grazing-interaction\.Rproj.user\shared\notebooks\DBE94146-photoprocessing\1\s\c3dkmsi2xykhc\000021.rdf. The system cannot find the file specified. (Exception from HRESULT: 0x80070002) Copying C:\Users\andre\Dropbox\Rproj\grazing-interaction\.Rproj.user\shared\notebooks\DBE94146-photoprocessing\1\s\c3dkmsi2xykhc\000021.rdf to D:\backup-dropbox\Rproj\grazing-interaction\.Rproj.user\shared\notebooks\DBE94146-photoprocessing\1\s\c3dkmsi2xykhc\000021.rdf 

Error: Cannot read from the source file C:\Users\andre\Dropbox\Rproj\grazing-interaction\.Rproj.user\shared\notebooks\DBE94146-photoprocessing\1\s\c3dkmsi2xykhc\000021.metadata. The system cannot find the file specified. (Exception from HRESULT: 0x80070002) Copying C:\Users\andre\Dropbox\Rproj\grazing-interaction\.Rproj.user\shared\notebooks\DBE94146-photoprocessing\1\s\c3dkmsi2xykhc\000021.metadata to D:\backup-dropbox\Rproj\grazing-interaction\.Rproj.user\shared\notebooks\DBE94146-photoprocessing\1\s\c3dkmsi2xykhc\000021.metadata 

Error: Cannot read from the source file C:\Users\andre\Dropbox\Rproj\grazing-interaction\.Rproj.user\shared\notebooks\DBE94146-photoprocessing\1\s\cz1krfiufbkkl\00001e.csv. The system cannot find the file specified. (Exception from HRESULT: 0x80070002) Copying C:\Users\andre\Dropbox\Rproj\grazing-interaction\.Rproj.user\shared\notebooks\DBE94146-photoprocessing\1\s\cz1krfiufbkkl\00001e.csv to D:\backup-dropbox\Rproj\grazing-interaction\.Rproj.user\shared\notebooks\DBE94146-photoprocessing\1\s\cz1krfiufbkkl\00001e.csv 

Error: Cannot read from the source file C:\Users\andre\Dropbox\Rproj\grazing-interaction\.Rproj.user\shared\notebooks\DBE94146-photoprocessing\1\s\cz1krfiufbkkl\00001f.rdf. The system cannot find the file specified. (Exception from HRESULT: 0x80070002) Copying C:\Users\andre\Dropbox\Rproj\grazing-interaction\.Rproj.user\shared\notebooks\DBE94146-photoprocessing\1\s\cz1krfiufbkkl\00001f.rdf to D:\backup-dropbox\Rproj\grazing-interaction\.Rproj.user\shared\notebooks\DBE94146-photoprocessing\1\s\cz1krfiufbkkl\00001f.rdf 

Error: Cannot read from the source file C:\Users\andre\Dropbox\Rproj\grazing-interaction\.Rproj.user\shared\notebooks\DBE94146-photoprocessing\1\s\cz1krfiufbkkl\00001f.metadata. The system cannot find the file specified. (Exception from HRESULT: 0x80070002) Copying C:\Users\andre\Dropbox\Rproj\grazing-interaction\.Rproj.user\shared\notebooks\DBE94146-photoprocessing\1\s\cz1krfiufbkkl\00001f.metadata to D:\backup-dropbox\Rproj\grazing-interaction\.Rproj.user\shared\notebooks\DBE94146-photoprocessing\1\s\cz1krfiufbkkl\00001f.metadata 

Error: Cannot read from the source file C:\Users\andre\Dropbox\Rproj\grazing-interaction\.Rproj.user\shared\notebooks\DBE94146-photoprocessing\1\s\cz1krfiufbkkl\000020.csv. The system cannot find the file specified. (Exception from HRESULT: 0x80070002) Copying C:\Users\andre\Dropbox\Rproj\grazing-interaction\.Rproj.user\shared\notebooks\DBE94146-photoprocessing\1\s\cz1krfiufbkkl\000020.csv to D:\backup-dropbox\Rproj\grazing-interaction\.Rproj.user\shared\notebooks\DBE94146-photoprocessing\1\s\cz1krfiufbkkl\000020.csv 

Error: Cannot read from the source file C:\Users\andre\Dropbox\Rproj\grazing-interaction\.Rproj.user\shared\notebooks\DBE94146-photoprocessing\1\s\cz1krfiufbkkl\000021.rdf. The system cannot find the file specified. (Exception from HRESULT: 0x80070002) Copying C:\Users\andre\Dropbox\Rproj\grazing-interaction\.Rproj.user\shared\notebooks\DBE94146-photoprocessing\1\s\cz1krfiufbkkl\000021.rdf to D:\backup-dropbox\Rproj\grazing-interaction\.Rproj.user\shared\notebooks\DBE94146-photoprocessing\1\s\cz1krfiufbkkl\000021.rdf 

Error: Cannot read from the source file C:\Users\andre\Dropbox\Rproj\grazing-interaction\.Rproj.user\shared\notebooks\DBE94146-photoprocessing\1\s\cz1krfiufbkkl\000021.metadata. The system cannot find the file specified. (Exception from HRESULT: 0x80070002) Copying C:\Users\andre\Dropbox\Rproj\grazing-interaction\.Rproj.user\shared\notebooks\DBE94146-photoprocessing\1\s\cz1krfiufbkkl\000021.metadata to D:\backup-dropbox\Rproj\grazing-interaction\.Rproj.user\shared\notebooks\DBE94146-photoprocessing\1\s\cz1krfiufbkkl\000021.metadata 

Error: Cannot read from the source file C:\Users\andre\Dropbox\Rproj\grazing-interaction\.Rproj.user\shared\notebooks\DBE94146-photoprocessing\1\s\cz1krfiufbkkl\000022.csv. The system cannot find the file specified. (Exception from HRESULT: 0x80070002) Copying C:\Users\andre\Dropbox\Rproj\grazing-interaction\.Rproj.user\shared\notebooks\DBE94146-photoprocessing\1\s\cz1krfiufbkkl\000022.csv to D:\backup-dropbox\Rproj\grazing-interaction\.Rproj.user\shared\notebooks\DBE94146-photoprocessing\1\s\cz1krfiufbkkl\000022.csv 

Error: Cannot read from the source file C:\Users\andre\Dropbox\Rproj\grazing-interaction\.Rproj.user\shared\notebooks\DBE94146-photoprocessing\1\s\cz1krfiufbkkl\000023.rdf. The system cannot find the file specified. (Exception from HRESULT: 0x80070002) Copying C:\Users\andre\Dropbox\Rproj\grazing-interaction\.Rproj.user\shared\notebooks\DBE94146-photoprocessing\1\s\cz1krfiufbkkl\000023.rdf to D:\backup-dropbox\Rproj\grazing-interaction\.Rproj.user\shared\notebooks\DBE94146-photoprocessing\1\s\cz1krfiufbkkl\000023.rdf 

Error: Cannot read from the source file C:\Users\andre\Dropbox\Rproj\grazing-interaction\.Rproj.user\shared\notebooks\DBE94146-photoprocessing\1\s\cz1krfiufbkkl\000023.metadata. The system cannot find the file specified. (Exception from HRESULT: 0x80070002) Copying C:\Users\andre\Dropbox\Rproj\grazing-interaction\.Rproj.user\shared\notebooks\DBE94146-photoprocessing\1\s\cz1krfiufbkkl\000023.metadata to D:\backup-dropbox\Rproj\grazing-interaction\.Rproj.user\shared\notebooks\DBE94146-photoprocessing\1\s\cz1krfiufbkkl\000023.metadata 

Error: Cannot read from the source file C:\Users\andre\Dropbox\Rproj\grazing-interaction\.Rproj.user\shared\notebooks\DBE94146-photoprocessing\1\s\cz1krfiufbkkl\000024.csv. The system cannot find the file specified. (Exception from HRESULT: 0x80070002) Copying C:\Users\andre\Dropbox\Rproj\grazing-interaction\.Rproj.user\shared\notebooks\DBE94146-photoprocessing\1\s\cz1krfiufbkkl\000024.csv to D:\backup-dropbox\Rproj\grazing-interaction\.Rproj.user\shared\notebooks\DBE94146-photoprocessing\1\s\cz1krfiufbkkl\000024.csv 

Error: Cannot read from the source file C:\Users\andre\Dropbox\Rproj\grazing-interaction\.Rproj.user\shared\notebooks\DBE94146-photoprocessing\1\s\cz1krfiufbkkl\000025.rdf. The system cannot find the file specified. (Exception from HRESULT: 0x80070002) Copying C:\Users\andre\Dropbox\Rproj\grazing-interaction\.Rproj.user\shared\notebooks\DBE94146-photoprocessing\1\s\cz1krfiufbkkl\000025.rdf to D:\backup-dropbox\Rproj\grazing-interaction\.Rproj.user\shared\notebooks\DBE94146-photoprocessing\1\s\cz1krfiufbkkl\000025.rdf 

Error: Cannot read from the source file C:\Users\andre\Dropbox\Rproj\grazing-interaction\.Rproj.user\shared\notebooks\DBE94146-photoprocessing\1\s\cz1krfiufbkkl\000025.metadata. The system cannot find the file specified. (Exception from HRESULT: 0x80070002) Copying C:\Users\andre\Dropbox\Rproj\grazing-interaction\.Rproj.user\shared\notebooks\DBE94146-photoprocessing\1\s\cz1krfiufbkkl\000025.metadata to D:\backup-dropbox\Rproj\grazing-interaction\.Rproj.user\shared\notebooks\DBE94146-photoprocessing\1\s\cz1krfiufbkkl\000025.metadata 

Error: Cannot read from the source file C:\Users\andre\Dropbox\Rproj\grazing-interaction\.Rproj.user\shared\notebooks\DBE94146-photoprocessing\1\s\cz1krfiufbkkl\000026.csv. The system cannot find the file specified. (Exception from HRESULT: 0x80070002) Copying C:\Users\andre\Dropbox\Rproj\grazing-interaction\.Rproj.user\shared\notebooks\DBE94146-photoprocessing\1\s\cz1krfiufbkkl\000026.csv to D:\backup-dropbox\Rproj\grazing-interaction\.Rproj.user\shared\notebooks\DBE94146-photoprocessing\1\s\cz1krfiufbkkl\000026.csv 

Error: Cannot read from the source file C:\Users\andre\Dropbox\Rproj\grazing-interaction\.Rproj.user\shared\notebooks\DBE94146-photoprocessing\1\s\cz1krfiufbkkl\000027.rdf. The system cannot find the file specified. (Exception from HRESULT: 0x80070002) Copying C:\Users\andre\Dropbox\Rproj\grazing-interaction\.Rproj.user\shared\notebooks\DBE94146-photoprocessing\1\s\cz1krfiufbkkl\000027.rdf to D:\backup-dropbox\Rproj\grazing-interaction\.Rproj.user\shared\notebooks\DBE94146-photoprocessing\1\s\cz1krfiufbkkl\000027.rdf 

Error: Cannot read from the source file C:\Users\andre\Dropbox\Rproj\grazing-interaction\.Rproj.user\shared\notebooks\DBE94146-photoprocessing\1\s\cz1krfiufbkkl\000027.metadata. The system cannot find the file specified. (Exception from HRESULT: 0x80070002) Copying C:\Users\andre\Dropbox\Rproj\grazing-interaction\.Rproj.user\shared\notebooks\DBE94146-photoprocessing\1\s\cz1krfiufbkkl\000027.metadata to D:\backup-dropbox\Rproj\grazing-interaction\.Rproj.user\shared\notebooks\DBE94146-photoprocessing\1\s\cz1krfiufbkkl\000027.metadata 

Error: Cannot read from the source file C:\Users\andre\Dropbox\Rproj\grazing-interaction\.Rproj.user\shared\notebooks\DBE94146-photoprocessing\1\s\cz1krfiufbkkl\000028.csv. The system cannot find the file specified. (Exception from HRESULT: 0x80070002) Copying C:\Users\andre\Dropbox\Rproj\grazing-interaction\.Rproj.user\shared\notebooks\DBE94146-photoprocessing\1\s\cz1krfiufbkkl\000028.csv to D:\backup-dropbox\Rproj\grazing-interaction\.Rproj.user\shared\notebooks\DBE94146-photoprocessing\1\s\cz1krfiufbkkl\000028.csv 

Error: Cannot read from the source file C:\Users\andre\Dropbox\Rproj\grazing-interaction\.Rproj.user\shared\notebooks\DBE94146-photoprocessing\1\s\cz1krfiufbkkl\000029.rdf. The system cannot find the file specified. (Exception from HRESULT: 0x80070002) Copying C:\Users\andre\Dropbox\Rproj\grazing-interaction\.Rproj.user\shared\notebooks\DBE94146-photoprocessing\1\s\cz1krfiufbkkl\000029.rdf to D:\backup-dropbox\Rproj\grazing-interaction\.Rproj.user\shared\notebooks\DBE94146-photoprocessing\1\s\cz1krfiufbkkl\000029.rdf 

Error: Cannot read from the source file C:\Users\andre\Dropbox\Rproj\grazing-interaction\.Rproj.user\shared\notebooks\DBE94146-photoprocessing\1\s\cz1krfiufbkkl\000029.metadata. The system cannot find the file specified. (Exception from HRESULT: 0x80070002) Copying C:\Users\andre\Dropbox\Rproj\grazing-interaction\.Rproj.user\shared\notebooks\DBE94146-photoprocessing\1\s\cz1krfiufbkkl\000029.metadata to D:\backup-dropbox\Rproj\grazing-interaction\.Rproj.user\shared\notebooks\DBE94146-photoprocessing\1\s\cz1krfiufbkkl\000029.metadata 

Error: Cannot read from the source file C:\Users\andre\Dropbox\Rproj\grazing-interaction\.Rproj.user\shared\notebooks\DBE94146-photoprocessing\1\s\cz1krfiufbkkl\00002a.csv. The system cannot find the file specified. (Exception from HRESULT: 0x80070002) Copying C:\Users\andre\Dropbox\Rproj\grazing-interaction\.Rproj.user\shared\notebooks\DBE94146-photoprocessing\1\s\cz1krfiufbkkl\00002a.csv to D:\backup-dropbox\Rproj\grazing-interaction\.Rproj.user\shared\notebooks\DBE94146-photoprocessing\1\s\cz1krfiufbkkl\00002a.csv 

Error: Cannot read from the source file C:\Users\andre\Dropbox\Rproj\grazing-interaction\.Rproj.user\shared\notebooks\DBE94146-photoprocessing\1\s\cz1krfiufbkkl\00002b.rdf. The system cannot find the file specified. (Exception from HRESULT: 0x80070002) Copying C:\Users\andre\Dropbox\Rproj\grazing-interaction\.Rproj.user\shared\notebooks\DBE94146-photoprocessing\1\s\cz1krfiufbkkl\00002b.rdf to D:\backup-dropbox\Rproj\grazing-interaction\.Rproj.user\shared\notebooks\DBE94146-photoprocessing\1\s\cz1krfiufbkkl\00002b.rdf 

Error: Cannot read from the source file C:\Users\andre\Dropbox\Rproj\grazing-interaction\.Rproj.user\shared\notebooks\DBE94146-photoprocessing\1\s\cz1krfiufbkkl\00002b.metadata. The system cannot find the file specified. (Exception from HRESULT: 0x80070002) Copying C:\Users\andre\Dropbox\Rproj\grazing-interaction\.Rproj.user\shared\notebooks\DBE94146-photoprocessing\1\s\cz1krfiufbkkl\00002b.metadata to D:\backup-dropbox\Rproj\grazing-interaction\.Rproj.user\shared\notebooks\DBE94146-photoprocessing\1\s\cz1krfiufbkkl\00002b.metadata 

Error: Cannot read from the source file C:\Users\andre\Dropbox\Rproj\grazing-interaction\.Rproj.user\shared\notebooks\DBE94146-photoprocessing\1\s\cu5sdt1qwe3k7\00001a.csv. The system cannot find the file specified. (Exception from HRESULT: 0x80070002) Copying C:\Users\andre\Dropbox\Rproj\grazing-interaction\.Rproj.user\shared\notebooks\DBE94146-photoprocessing\1\s\cu5sdt1qwe3k7\00001a.csv to D:\backup-dropbox\Rproj\grazing-interaction\.Rproj.user\shared\notebooks\DBE94146-photoprocessing\1\s\cu5sdt1qwe3k7\00001a.csv 

Error: Cannot read from the source file C:\Users\andre\Dropbox\Rproj\grazing-interaction\.Rproj.user\shared\notebooks\DBE94146-photoprocessing\1\s\cu5sdt1qwe3k7\00001b.rdf. The system cannot find the file specified. (Exception from HRESULT: 0x80070002) Copying C:\Users\andre\Dropbox\Rproj\grazing-interaction\.Rproj.user\shared\notebooks\DBE94146-photoprocessing\1\s\cu5sdt1qwe3k7\00001b.rdf to D:\backup-dropbox\Rproj\grazing-interaction\.Rproj.user\shared\notebooks\DBE94146-photoprocessing\1\s\cu5sdt1qwe3k7\00001b.rdf 

Error: Cannot read from the source file C:\Users\andre\Dropbox\Rproj\grazing-interaction\.Rproj.user\shared\notebooks\DBE94146-photoprocessing\1\s\cu5sdt1qwe3k7\00001b.metadata. The system cannot find the file specified. (Exception from HRESULT: 0x80070002) Copying C:\Users\andre\Dropbox\Rproj\grazing-interaction\.Rproj.user\shared\notebooks\DBE94146-photoprocessing\1\s\cu5sdt1qwe3k7\00001b.metadata to D:\backup-dropbox\Rproj\grazing-interaction\.Rproj.user\shared\notebooks\DBE94146-photoprocessing\1\s\cu5sdt1qwe3k7\00001b.metadata 

Error: Cannot read from the source file C:\Users\andre\Dropbox\Rproj\grazing-interaction\.Rproj.user\shared\notebooks\DBE94146-photoprocessing\1\s\cu5sdt1qwe3k7\00001c.csv. The system cannot find the file specified. (Exception from HRESULT: 0x80070002) Copying C:\Users\andre\Dropbox\Rproj\grazing-interaction\.Rproj.user\shared\notebooks\DBE94146-photoprocessing\1\s\cu5sdt1qwe3k7\00001c.csv to D:\backup-dropbox\Rproj\grazing-interaction\.Rproj.user\shared\notebooks\DBE94146-photoprocessing\1\s\cu5sdt1qwe3k7\00001c.csv 

Error: Cannot read from the source file C:\Users\andre\Dropbox\Rproj\grazing-interaction\.Rproj.user\shared\notebooks\DBE94146-photoprocessing\1\s\cu5sdt1qwe3k7\00001d.rdf. The system cannot find the file specified. (Exception from HRESULT: 0x80070002) Copying C:\Users\andre\Dropbox\Rproj\grazing-interaction\.Rproj.user\shared\notebooks\DBE94146-photoprocessing\1\s\cu5sdt1qwe3k7\00001d.rdf to D:\backup-dropbox\Rproj\grazing-interaction\.Rproj.user\shared\notebooks\DBE94146-photoprocessing\1\s\cu5sdt1qwe3k7\00001d.rdf 

Error: Cannot read from the source file C:\Users\andre\Dropbox\Rproj\grazing-interaction\.Rproj.user\shared\notebooks\DBE94146-photoprocessing\1\s\cu5sdt1qwe3k7\00001d.metadata. The system cannot find the file specified. (Exception from HRESULT: 0x80070002) Copying C:\Users\andre\Dropbox\Rproj\grazing-interaction\.Rproj.user\shared\notebooks\DBE94146-photoprocessing\1\s\cu5sdt1qwe3k7\00001d.metadata to D:\backup-dropbox\Rproj\grazing-interaction\.Rproj.user\shared\notebooks\DBE94146-photoprocessing\1\s\cu5sdt1qwe3k7\00001d.metadata 

Error: Cannot read from the source file C:\Users\andre\Dropbox\Rproj\grazing-interaction\.Rproj.user\shared\notebooks\DBE94146-photoprocessing\1\s\cu5sdt1qwe3k7\00001e.csv. The system cannot find the file specified. (Exception from HRESULT: 0x80070002) Copying C:\Users\andre\Dropbox\Rproj\grazing-interaction\.Rproj.user\shared\notebooks\DBE94146-photoprocessing\1\s\cu5sdt1qwe3k7\00001e.csv to D:\backup-dropbox\Rproj\grazing-interaction\.Rproj.user\shared\notebooks\DBE94146-photoprocessing\1\s\cu5sdt1qwe3k7\00001e.csv 

Error: Cannot read from the source file C:\Users\andre\Dropbox\Rproj\grazing-interaction\.Rproj.user\shared\notebooks\DBE94146-photoprocessing\1\s\cu5sdt1qwe3k7\00001f.rdf. The system cannot find the file specified. (Exception from HRESULT: 0x80070002) Copying C:\Users\andre\Dropbox\Rproj\grazing-interaction\.Rproj.user\shared\notebooks\DBE94146-photoprocessing\1\s\cu5sdt1qwe3k7\00001f.rdf to D:\backup-dropbox\Rproj\grazing-interaction\.Rproj.user\shared\notebooks\DBE94146-photoprocessing\1\s\cu5sdt1qwe3k7\00001f.rdf 

Error: Cannot read from the source file C:\Users\andre\Dropbox\Rproj\grazing-interaction\.Rproj.user\shared\notebooks\DBE94146-photoprocessing\1\s\cu5sdt1qwe3k7\00001f.metadata. The system cannot find the file specified. (Exception from HRESULT: 0x80070002) Copying C:\Users\andre\Dropbox\Rproj\grazing-interaction\.Rproj.user\shared\notebooks\DBE94146-photoprocessing\1\s\cu5sdt1qwe3k7\00001f.metadata to D:\backup-dropbox\Rproj\grazing-interaction\.Rproj.user\shared\notebooks\DBE94146-photoprocessing\1\s\cu5sdt1qwe3k7\00001f.metadata 

Error: Cannot read from the source file C:\Users\andre\Dropbox\Rproj\grazing-interaction\.Rproj.user\shared\notebooks\DBE94146-photoprocessing\1\s\cu5sdt1qwe3k7\000020.csv. The system cannot find the file specified. (Exception from HRESULT: 0x80070002) Copying C:\Users\andre\Dropbox\Rproj\grazing-interaction\.Rproj.user\shared\notebooks\DBE94146-photoprocessing\1\s\cu5sdt1qwe3k7\000020.csv to D:\backup-dropbox\Rproj\grazing-interaction\.Rproj.user\shared\notebooks\DBE94146-photoprocessing\1\s\cu5sdt1qwe3k7\000020.csv 

Error: Cannot read from the source file C:\Users\andre\Dropbox\Rproj\grazing-interaction\.Rproj.user\shared\notebooks\DBE94146-photoprocessing\1\s\cu5sdt1qwe3k7\000021.rdf. The system cannot find the file specified. (Exception from HRESULT: 0x80070002) Copying C:\Users\andre\Dropbox\Rproj\grazing-interaction\.Rproj.user\shared\notebooks\DBE94146-photoprocessing\1\s\cu5sdt1qwe3k7\000021.rdf to D:\backup-dropbox\Rproj\grazing-interaction\.Rproj.user\shared\notebooks\DBE94146-photoprocessing\1\s\cu5sdt1qwe3k7\000021.rdf 

Error: Cannot read from the source file C:\Users\andre\Dropbox\Rproj\grazing-interaction\.Rproj.user\shared\notebooks\DBE94146-photoprocessing\1\s\cu5sdt1qwe3k7\000021.metadata. The system cannot find the file specified. (Exception from HRESULT: 0x80070002) Copying C:\Users\andre\Dropbox\Rproj\grazing-interaction\.Rproj.user\shared\notebooks\DBE94146-photoprocessing\1\s\cu5sdt1qwe3k7\000021.metadata to D:\backup-dropbox\Rproj\grazing-interaction\.Rproj.user\shared\notebooks\DBE94146-photoprocessing\1\s\cu5sdt1qwe3k7\000021.metadata 

Error: Cannot read from the source file C:\Users\andre\Dropbox\Rproj\grazing-interaction\.Rproj.user\shared\notebooks\DBE94146-photoprocessing\1\s\cu5sdt1qwe3k7\000022.csv. The system cannot find the file specified. (Exception from HRESULT: 0x80070002) Copying C:\Users\andre\Dropbox\Rproj\grazing-interaction\.Rproj.user\shared\notebooks\DBE94146-photoprocessing\1\s\cu5sdt1qwe3k7\000022.csv to D:\backup-dropbox\Rproj\grazing-interaction\.Rproj.user\shared\notebooks\DBE94146-photoprocessing\1\s\cu5sdt1qwe3k7\000022.csv 

Error: Cannot read from the source file C:\Users\andre\Dropbox\Rproj\grazing-interaction\.Rproj.user\shared\notebooks\DBE94146-photoprocessing\1\s\cu5sdt1qwe3k7\000023.rdf. The system cannot find the file specified. (Exception from HRESULT: 0x80070002) Copying C:\Users\andre\Dropbox\Rproj\grazing-interaction\.Rproj.user\shared\notebooks\DBE94146-photoprocessing\1\s\cu5sdt1qwe3k7\000023.rdf to D:\backup-dropbox\Rproj\grazing-interaction\.Rproj.user\shared\notebooks\DBE94146-photoprocessing\1\s\cu5sdt1qwe3k7\000023.rdf 

Error: Cannot read from the source file C:\Users\andre\Dropbox\Rproj\grazing-interaction\.Rproj.user\shared\notebooks\DBE94146-photoprocessing\1\s\cu5sdt1qwe3k7\000023.metadata. The system cannot find the file specified. (Exception from HRESULT: 0x80070002) Copying C:\Users\andre\Dropbox\Rproj\grazing-interaction\.Rproj.user\shared\notebooks\DBE94146-photoprocessing\1\s\cu5sdt1qwe3k7\000023.metadata to D:\backup-dropbox\Rproj\grazing-interaction\.Rproj.user\shared\notebooks\DBE94146-photoprocessing\1\s\cu5sdt1qwe3k7\000023.metadata 

Error: Cannot read from the source file C:\Users\andre\Dropbox\Rproj\grazing-interaction\.Rproj.user\shared\notebooks\DBE94146-photoprocessing\1\s\cu5sdt1qwe3k7\000024.csv. The system cannot find the file specified. (Exception from HRESULT: 0x80070002) Copying C:\Users\andre\Dropbox\Rproj\grazing-interaction\.Rproj.user\shared\notebooks\DBE94146-photoprocessing\1\s\cu5sdt1qwe3k7\000024.csv to D:\backup-dropbox\Rproj\grazing-interaction\.Rproj.user\shared\notebooks\DBE94146-photoprocessing\1\s\cu5sdt1qwe3k7\000024.csv 

Error: Cannot read from the source file C:\Users\andre\Dropbox\Rproj\grazing-interaction\.Rproj.user\shared\notebooks\DBE94146-photoprocessing\1\s\cu5sdt1qwe3k7\000025.rdf. The system cannot find the file specified. (Exception from HRESULT: 0x80070002) Copying C:\Users\andre\Dropbox\Rproj\grazing-interaction\.Rproj.user\shared\notebooks\DBE94146-photoprocessing\1\s\cu5sdt1qwe3k7\000025.rdf to D:\backup-dropbox\Rproj\grazing-interaction\.Rproj.user\shared\notebooks\DBE94146-photoprocessing\1\s\cu5sdt1qwe3k7\000025.rdf 

Error: Cannot read from the source file C:\Users\andre\Dropbox\Rproj\grazing-interaction\.Rproj.user\shared\notebooks\DBE94146-photoprocessing\1\s\cu5sdt1qwe3k7\000025.metadata. The system cannot find the file specified. (Exception from HRESULT: 0x80070002) Copying C:\Users\andre\Dropbox\Rproj\grazing-interaction\.Rproj.user\shared\notebooks\DBE94146-photoprocessing\1\s\cu5sdt1qwe3k7\000025.metadata to D:\backup-dropbox\Rproj\grazing-interaction\.Rproj.user\shared\notebooks\DBE94146-photoprocessing\1\s\cu5sdt1qwe3k7\000025.metadata 

Error: Cannot read from the source file C:\Users\andre\Dropbox\Rproj\grazing-interaction\.Rproj.user\shared\notebooks\DBE94146-photoprocessing\1\s\cwx4eia1f579c\000012.csv. The system cannot find the file specified. (Exception from HRESULT: 0x80070002) Copying C:\Users\andre\Dropbox\Rproj\grazing-interaction\.Rproj.user\shared\notebooks\DBE94146-photoprocessing\1\s\cwx4eia1f579c\000012.csv to D:\backup-dropbox\Rproj\grazing-interaction\.Rproj.user\shared\notebooks\DBE94146-photoprocessing\1\s\cwx4eia1f579c\000012.csv 

Error: Cannot read from the source file C:\Users\andre\Dropbox\Rproj\grazing-interaction\.Rproj.user\shared\notebooks\DBE94146-photoprocessing\1\s\cwx4eia1f579c\000013.rdf. The system cannot find the file specified. (Exception from HRESULT: 0x80070002) Copying C:\Users\andre\Dropbox\Rproj\grazing-interaction\.Rproj.user\shared\notebooks\DBE94146-photoprocessing\1\s\cwx4eia1f579c\000013.rdf to D:\backup-dropbox\Rproj\grazing-interaction\.Rproj.user\shared\notebooks\DBE94146-photoprocessing\1\s\cwx4eia1f579c\000013.rdf 

Error: Cannot read from the source file C:\Users\andre\Dropbox\Rproj\grazing-interaction\.Rproj.user\shared\notebooks\DBE94146-photoprocessing\1\s\cwx4eia1f579c\000013.metadata. The system cannot find the file specified. (Exception from HRESULT: 0x80070002) Copying C:\Users\andre\Dropbox\Rproj\grazing-interaction\.Rproj.user\shared\notebooks\DBE94146-photoprocessing\1\s\cwx4eia1f579c\000013.metadata to D:\backup-dropbox\Rproj\grazing-interaction\.Rproj.user\shared\notebooks\DBE94146-photoprocessing\1\s\cwx4eia1f579c\000013.metadata 

Error: Cannot read from the source file C:\Users\andre\Dropbox\Rproj\grazing-interaction\.Rproj.user\shared\notebooks\DBE94146-photoprocessing\1\s\cwx4eia1f579c\000014.csv. The system cannot find the file specified. (Exception from HRESULT: 0x80070002) Copying C:\Users\andre\Dropbox\Rproj\grazing-interaction\.Rproj.user\shared\notebooks\DBE94146-photoprocessing\1\s\cwx4eia1f579c\000014.csv to D:\backup-dropbox\Rproj\grazing-interaction\.Rproj.user\shared\notebooks\DBE94146-photoprocessing\1\s\cwx4eia1f579c\000014.csv 

Error: Cannot read from the source file C:\Users\andre\Dropbox\Rproj\grazing-interaction\.Rproj.user\shared\notebooks\DBE94146-photoprocessing\1\s\cwx4eia1f579c\000015.rdf. The system cannot find the file specified. (Exception from HRESULT: 0x80070002) Copying C:\Users\andre\Dropbox\Rproj\grazing-interaction\.Rproj.user\shared\notebooks\DBE94146-photoprocessing\1\s\cwx4eia1f579c\000015.rdf to D:\backup-dropbox\Rproj\grazing-interaction\.Rproj.user\shared\notebooks\DBE94146-photoprocessing\1\s\cwx4eia1f579c\000015.rdf 

Error: Cannot read from the source file C:\Users\andre\Dropbox\Rproj\grazing-interaction\.Rproj.user\shared\notebooks\DBE94146-photoprocessing\1\s\cwx4eia1f579c\000015.metadata. The system cannot find the file specified. (Exception from HRESULT: 0x80070002) Copying C:\Users\andre\Dropbox\Rproj\grazing-interaction\.Rproj.user\shared\notebooks\DBE94146-photoprocessing\1\s\cwx4eia1f579c\000015.metadata to D:\backup-dropbox\Rproj\grazing-interaction\.Rproj.user\shared\notebooks\DBE94146-photoprocessing\1\s\cwx4eia1f579c\000015.metadata 

Error: Cannot read from the source file C:\Users\andre\Dropbox\Rproj\grazing-interaction\.Rproj.user\shared\notebooks\DBE94146-photoprocessing\1\s\cwx4eia1f579c\000016.csv. The system cannot find the file specified. (Exception from HRESULT: 0x80070002) Copying C:\Users\andre\Dropbox\Rproj\grazing-interaction\.Rproj.user\shared\notebooks\DBE94146-photoprocessing\1\s\cwx4eia1f579c\000016.csv to D:\backup-dropbox\Rproj\grazing-interaction\.Rproj.user\shared\notebooks\DBE94146-photoprocessing\1\s\cwx4eia1f579c\000016.csv 

Error: Cannot read from the source file C:\Users\andre\Dropbox\Rproj\grazing-interaction\.Rproj.user\shared\notebooks\DBE94146-photoprocessing\1\s\cwx4eia1f579c\000017.rdf. The system cannot find the file specified. (Exception from HRESULT: 0x80070002) Copying C:\Users\andre\Dropbox\Rproj\grazing-interaction\.Rproj.user\shared\notebooks\DBE94146-photoprocessing\1\s\cwx4eia1f579c\000017.rdf to D:\backup-dropbox\Rproj\grazing-interaction\.Rproj.user\shared\notebooks\DBE94146-photoprocessing\1\s\cwx4eia1f579c\000017.rdf 

Error: Cannot read from the source file C:\Users\andre\Dropbox\Rproj\grazing-interaction\.Rproj.user\shared\notebooks\DBE94146-photoprocessing\1\s\cwx4eia1f579c\000017.metadata. The system cannot find the file specified. (Exception from HRESULT: 0x80070002) Copying C:\Users\andre\Dropbox\Rproj\grazing-interaction\.Rproj.user\shared\notebooks\DBE94146-photoprocessing\1\s\cwx4eia1f579c\000017.metadata to D:\backup-dropbox\Rproj\grazing-interaction\.Rproj.user\shared\notebooks\DBE94146-photoprocessing\1\s\cwx4eia1f579c\000017.metadata 

Error: Cannot read from the source file C:\Users\andre\Dropbox\Rproj\grazing-interaction\.Rproj.user\shared\notebooks\DBE94146-photoprocessing\1\s\cwx4eia1f579c\000018.csv. The system cannot find the file specified. (Exception from HRESULT: 0x80070002) Copying C:\Users\andre\Dropbox\Rproj\grazing-interaction\.Rproj.user\shared\notebooks\DBE94146-photoprocessing\1\s\cwx4eia1f579c\000018.csv to D:\backup-dropbox\Rproj\grazing-interaction\.Rproj.user\shared\notebooks\DBE94146-photoprocessing\1\s\cwx4eia1f579c\000018.csv 

Error: Cannot read from the source file C:\Users\andre\Dropbox\Rproj\grazing-interaction\.Rproj.user\shared\notebooks\DBE94146-photoprocessing\1\s\cwx4eia1f579c\000019.rdf. The system cannot find the file specified. (Exception from HRESULT: 0x80070002) Copying C:\Users\andre\Dropbox\Rproj\grazing-interaction\.Rproj.user\shared\notebooks\DBE94146-photoprocessing\1\s\cwx4eia1f579c\000019.rdf to D:\backup-dropbox\Rproj\grazing-interaction\.Rproj.user\shared\notebooks\DBE94146-photoprocessing\1\s\cwx4eia1f579c\000019.rdf 

Error: Cannot read from the source file C:\Users\andre\Dropbox\Rproj\grazing-interaction\.Rproj.user\shared\notebooks\DBE94146-photoprocessing\1\s\cwx4eia1f579c\000019.metadata. The system cannot find the file specified. (Exception from HRESULT: 0x80070002) Copying C:\Users\andre\Dropbox\Rproj\grazing-interaction\.Rproj.user\shared\notebooks\DBE94146-photoprocessing\1\s\cwx4eia1f579c\000019.metadata to D:\backup-dropbox\Rproj\grazing-interaction\.Rproj.user\shared\notebooks\DBE94146-photoprocessing\1\s\cwx4eia1f579c\000019.metadata 

Error: Cannot read from the source file C:\Users\andre\Dropbox\Rproj\grazing-interaction\.Rproj.user\shared\notebooks\DBE94146-photoprocessing\1\s\c9i0ham5p4lly\00000a.csv. The system cannot find the file specified. (Exception from HRESULT: 0x80070002) Copying C:\Users\andre\Dropbox\Rproj\grazing-interaction\.Rproj.user\shared\notebooks\DBE94146-photoprocessing\1\s\c9i0ham5p4lly\00000a.csv to D:\backup-dropbox\Rproj\grazing-interaction\.Rproj.user\shared\notebooks\DBE94146-photoprocessing\1\s\c9i0ham5p4lly\00000a.csv 

Error: Cannot read from the source file C:\Users\andre\Dropbox\Rproj\grazing-interaction\.Rproj.user\shared\notebooks\DBE94146-photoprocessing\1\s\c0vicreabz2sp\000008.csv. The system cannot find the file specified. (Exception from HRESULT: 0x80070002) Copying C:\Users\andre\Dropbox\Rproj\grazing-interaction\.Rproj.user\shared\notebooks\DBE94146-photoprocessing\1\s\c0vicreabz2sp\000008.csv to D:\backup-dropbox\Rproj\grazing-interaction\.Rproj.user\shared\notebooks\DBE94146-photoprocessing\1\s\c0vicreabz2sp\000008.csv 

Error: Cannot read from the source file C:\Users\andre\Dropbox\Rproj\grazing-interaction\.Rproj.user\shared\notebooks\DBE94146-photoprocessing\1\s\c0vicreabz2sp\000009.rdf. The system cannot find the file specified. (Exception from HRESULT: 0x80070002) Copying C:\Users\andre\Dropbox\Rproj\grazing-interaction\.Rproj.user\shared\notebooks\DBE94146-photoprocessing\1\s\c0vicreabz2sp\000009.rdf to D:\backup-dropbox\Rproj\grazing-interaction\.Rproj.user\shared\notebooks\DBE94146-photoprocessing\1\s\c0vicreabz2sp\000009.rdf 

Error: Cannot read from the source file C:\Users\andre\Dropbox\Rproj\grazing-interaction\.Rproj.user\shared\notebooks\DBE94146-photoprocessing\1\s\c0vicreabz2sp\000009.metadata. The system cannot find the file specified. (Exception from HRESULT: 0x80070002) Copying C:\Users\andre\Dropbox\Rproj\grazing-interaction\.Rproj.user\shared\notebooks\DBE94146-photoprocessing\1\s\c0vicreabz2sp\000009.metadata to D:\backup-dropbox\Rproj\grazing-interaction\.Rproj.user\shared\notebooks\DBE94146-photoprocessing\1\s\c0vicreabz2sp\000009.metadata 

Error: The source file has been modified during the synchronization process. Item changed unexpectedly during synchronization. Copying C:\Users\andre\Dropbox\Rproj\grazing-interaction\.Rproj.user\shared\notebooks\DBE94146-photoprocessing\1\s\cufqkjc5a9ffg\000002.csv to D:\backup-dropbox\Rproj\grazing-interaction\.Rproj.user\shared\notebooks\DBE94146-photoprocessing\1\s\cufqkjc5a9ffg\000002.csv 

Error: Cannot read from the source file C:\Users\andre\Dropbox\Rproj\grazing-interaction\.Rproj.user\shared\notebooks\DBE94146-photoprocessing\1\s\cpto3x81pj7f8\000002.csv. The system cannot find the file specified. (Exception from HRESULT: 0x80070002) Copying C:\Users\andre\Dropbox\Rproj\grazing-interaction\.Rproj.user\shared\notebooks\DBE94146-photoprocessing\1\s\cpto3x81pj7f8\000002.csv to D:\backup-dropbox\Rproj\grazing-interaction\.Rproj.user\shared\notebooks\DBE94146-photoprocessing\1\s\cpto3x81pj7f8\000002.csv 

Error: Cannot read from the source file C:\Users\andre\Dropbox\Rproj\grazing-interaction\.Rproj.user\shared\notebooks\DBE94146-photoprocessing\1\s\cpto3x81pj7f8\000003.rdf. The system cannot find the file specified. (Exception from HRESULT: 0x80070002) Copying C:\Users\andre\Dropbox\Rproj\grazing-interaction\.Rproj.user\shared\notebooks\DBE94146-photoprocessing\1\s\cpto3x81pj7f8\000003.rdf to D:\backup-dropbox\Rproj\grazing-interaction\.Rproj.user\shared\notebooks\DBE94146-photoprocessing\1\s\cpto3x81pj7f8\000003.rdf 

Error: Cannot read from the source file C:\Users\andre\Dropbox\Rproj\grazing-interaction\.Rproj.user\shared\notebooks\DBE94146-photoprocessing\1\s\cpto3x81pj7f8\000003.metadata. The system cannot find the file specified. (Exception from HRESULT: 0x80070002) Copying C:\Users\andre\Dropbox\Rproj\grazing-interaction\.Rproj.user\shared\notebooks\DBE94146-photoprocessing\1\s\cpto3x81pj7f8\000003.metadata to D:\backup-dropbox\Rproj\grazing-interaction\.Rproj.user\shared\notebooks\DBE94146-photoprocessing\1\s\cpto3x81pj7f8\000003.metadata 

Error: The source file has been modified during the synchronization process. Item changed unexpectedly during synchronization. Copying C:\Users\andre\Dropbox\Rproj\grazing-interaction\.Rproj.user\shared\notebooks\DBE94146-photoprocessing\1\s\c9nhm7ffzro75\000002.csv to D:\backup-dropbox\Rproj\grazing-interaction\.Rproj.user\shared\notebooks\DBE94146-photoprocessing\1\s\c9nhm7ffzro75\000002.csv 

Error: Cannot read from the source file C:\Users\andre\Dropbox\Rproj\grazing-interaction\.Rproj.user\shared\notebooks\DBE94146-photoprocessing\1\s\cw0xvvlq85yc8\000002.csv. The system cannot find the file specified. (Exception from HRESULT: 0x80070002) Copying C:\Users\andre\Dropbox\Rproj\grazing-interaction\.Rproj.user\shared\notebooks\DBE94146-photoprocessing\1\s\cw0xvvlq85yc8\000002.csv to D:\backup-dropbox\Rproj\grazing-interaction\.Rproj.user\shared\notebooks\DBE94146-photoprocessing\1\s\cw0xvvlq85yc8\000002.csv 

Error: Cannot read from the source file C:\Users\andre\Dropbox\Rproj\grazing-interaction\.Rproj.user\shared\notebooks\DBE94146-photoprocessing\1\s\cw0xvvlq85yc8\000003.rdf. The system cannot find the file specified. (Exception from HRESULT: 0x80070002) Copying C:\Users\andre\Dropbox\Rproj\grazing-interaction\.Rproj.user\shared\notebooks\DBE94146-photoprocessing\1\s\cw0xvvlq85yc8\000003.rdf to D:\backup-dropbox\Rproj\grazing-interaction\.Rproj.user\shared\notebooks\DBE94146-photoprocessing\1\s\cw0xvvlq85yc8\000003.rdf 

Error: Cannot read from the source file C:\Users\andre\Dropbox\Rproj\grazing-interaction\.Rproj.user\shared\notebooks\DBE94146-photoprocessing\1\s\cw0xvvlq85yc8\000003.metadata. The system cannot find the file specified. (Exception from HRESULT: 0x80070002) Copying C:\Users\andre\Dropbox\Rproj\grazing-interaction\.Rproj.user\shared\notebooks\DBE94146-photoprocessing\1\s\cw0xvvlq85yc8\000003.metadata to D:\backup-dropbox\Rproj\grazing-interaction\.Rproj.user\shared\notebooks\DBE94146-photoprocessing\1\s\cw0xvvlq85yc8\000003.metadata 

Error: Cannot read from the source file C:\Users\andre\Dropbox\Rproj\grazing-interaction\.Rproj.user\shared\notebooks\DBE94146-photoprocessing\1\s\c7udlvnfbwc13\000002.csv. The system cannot find the file specified. (Exception from HRESULT: 0x80070002) Copying C:\Users\andre\Dropbox\Rproj\grazing-interaction\.Rproj.user\shared\notebooks\DBE94146-photoprocessing\1\s\c7udlvnfbwc13\000002.csv to D:\backup-dropbox\Rproj\grazing-interaction\.Rproj.user\shared\notebooks\DBE94146-photoprocessing\1\s\c7udlvnfbwc13\000002.csv 

Error: Cannot read from the source file C:\Users\andre\Dropbox\Rproj\grazing-interaction\.Rproj.user\shared\notebooks\DBE94146-photoprocessing\1\s\cm826t0ahguig\000002.csv. The system cannot find the file specified. (Exception from HRESULT: 0x80070002) Copying C:\Users\andre\Dropbox\Rproj\grazing-interaction\.Rproj.user\shared\notebooks\DBE94146-photoprocessing\1\s\cm826t0ahguig\000002.csv to D:\backup-dropbox\Rproj\grazing-interaction\.Rproj.user\shared\notebooks\DBE94146-photoprocessing\1\s\cm826t0ahguig\000002.csv 

Error: Cannot read from the source file C:\Users\andre\Dropbox\Rproj\grazing-interaction\.Rproj.user\shared\notebooks\DBE94146-photoprocessing\1\s\cm826t0ahguig\000003.rdf. The system cannot find the file specified. (Exception from HRESULT: 0x80070002) Copying C:\Users\andre\Dropbox\Rproj\grazing-interaction\.Rproj.user\shared\notebooks\DBE94146-photoprocessing\1\s\cm826t0ahguig\000003.rdf to D:\backup-dropbox\Rproj\grazing-interaction\.Rproj.user\shared\notebooks\DBE94146-photoprocessing\1\s\cm826t0ahguig\000003.rdf 

Error: Cannot read from the source file C:\Users\andre\Dropbox\Rproj\grazing-interaction\.Rproj.user\shared\notebooks\DBE94146-photoprocessing\1\s\cm826t0ahguig\000003.metadata. The system cannot find the file specified. (Exception from HRESULT: 0x80070002) Copying C:\Users\andre\Dropbox\Rproj\grazing-interaction\.Rproj.user\shared\notebooks\DBE94146-photoprocessing\1\s\cm826t0ahguig\000003.metadata to D:\backup-dropbox\Rproj\grazing-interaction\.Rproj.user\shared\notebooks\DBE94146-photoprocessing\1\s\cm826t0ahguig\000003.metadata 

Error: The source file has been modified during the synchronization process. Item changed unexpectedly during synchronization. Copying C:\Users\andre\Dropbox\Rproj\grazing-interaction\.Rproj.user\shared\notebooks\DBE94146-photoprocessing\1\s\c6d42vbe2taia\000002.csv to D:\backup-dropbox\Rproj\grazing-interaction\.Rproj.user\shared\notebooks\DBE94146-photoprocessing\1\s\c6d42vbe2taia\000002.csv 

Error: The source file has been modified during the synchronization process. Item changed unexpectedly during synchronization. Copying C:\Users\andre\Dropbox\Rproj\grazing-interaction\.Rproj.user\shared\notebooks\DBE94146-photoprocessing\1\s\cd7rr9v8e7z8x\000002.csv to D:\backup-dropbox\Rproj\grazing-interaction\.Rproj.user\shared\notebooks\DBE94146-photoprocessing\1\s\cd7rr9v8e7z8x\000002.csv 

Error: The source file has been modified during the synchronization process. Item changed unexpectedly during synchronization. Copying C:\Users\andre\Dropbox\Rproj\grazing-interaction\.Rproj.user\shared\notebooks\DBE94146-photoprocessing\1\s\c52jukp949auu\000002.csv to D:\backup-dropbox\Rproj\grazing-interaction\.Rproj.user\shared\notebooks\DBE94146-photoprocessing\1\s\c52jukp949auu\000002.csv 

Error: The source file has been modified during the synchronization process. Item changed unexpectedly during synchronization. Copying C:\Users\andre\Dropbox\Rproj\grazing-interaction\.Rproj.user\shared\notebooks\DBE94146-photoprocessing\1\s\cl576z67z3zvp\000002.csv to D:\backup-dropbox\Rproj\grazing-interaction\.Rproj.user\shared\notebooks\DBE94146-photoprocessing\1\s\cl576z67z3zvp\000002.csv 

Error: Cannot read from the source file C:\Users\andre\Dropbox\Rproj\grazing-interaction\.Rproj.user\shared\notebooks\DBE94146-photoprocessing\1\s\c3zp7xgq89cjg\000004.csv. The system cannot find the file specified. (Exception from HRESULT: 0x80070002) Copying C:\Users\andre\Dropbox\Rproj\grazing-interaction\.Rproj.user\shared\notebooks\DBE94146-photoprocessing\1\s\c3zp7xgq89cjg\000004.csv to D:\backup-dropbox\Rproj\grazing-interaction\.Rproj.user\shared\notebooks\DBE94146-photoprocessing\1\s\c3zp7xgq89cjg\000004.csv 

Error: Cannot read from the source file C:\Users\andre\Dropbox\Rproj\grazing-interaction\.Rproj.user\shared\notebooks\DBE94146-photoprocessing\1\s\c3zp7xgq89cjg\000005.rdf. The system cannot find the file specified. (Exception from HRESULT: 0x80070002) Copying C:\Users\andre\Dropbox\Rproj\grazing-interaction\.Rproj.user\shared\notebooks\DBE94146-photoprocessing\1\s\c3zp7xgq89cjg\000005.rdf to D:\backup-dropbox\Rproj\grazing-interaction\.Rproj.user\shared\notebooks\DBE94146-photoprocessing\1\s\c3zp7xgq89cjg\000005.rdf 

Error: Cannot read from the source file C:\Users\andre\Dropbox\Rproj\grazing-interaction\.Rproj.user\shared\notebooks\DBE94146-photoprocessing\1\s\c3zp7xgq89cjg\000005.metadata. The system cannot find the file specified. (Exception from HRESULT: 0x80070002) Copying C:\Users\andre\Dropbox\Rproj\grazing-interaction\.Rproj.user\shared\notebooks\DBE94146-photoprocessing\1\s\c3zp7xgq89cjg\000005.metadata to D:\backup-dropbox\Rproj\grazing-interaction\.Rproj.user\shared\notebooks\DBE94146-photoprocessing\1\s\c3zp7xgq89cjg\000005.metadata 

Error: Cannot read from the source file C:\Users\andre\Dropbox\Rproj\grazing-interaction\.Rproj.user\shared\notebooks\DBE94146-photoprocessing\1\s\cazr5dojhigi2\000002.csv. The system cannot find the file specified. (Exception from HRESULT: 0x80070002) Copying C:\Users\andre\Dropbox\Rproj\grazing-interaction\.Rproj.user\shared\notebooks\DBE94146-photoprocessing\1\s\cazr5dojhigi2\000002.csv to D:\backup-dropbox\Rproj\grazing-interaction\.Rproj.user\shared\notebooks\DBE94146-photoprocessing\1\s\cazr5dojhigi2\000002.csv 

Error: Cannot read from the source file C:\Users\andre\Dropbox\Rproj\grazing-interaction\.Rproj.user\shared\notebooks\DBE94146-photoprocessing\1\s\cazr5dojhigi2\000003.rdf. The system cannot find the file specified. (Exception from HRESULT: 0x80070002) Copying C:\Users\andre\Dropbox\Rproj\grazing-interaction\.Rproj.user\shared\notebooks\DBE94146-photoprocessing\1\s\cazr5dojhigi2\000003.rdf to D:\backup-dropbox\Rproj\grazing-interaction\.Rproj.user\shared\notebooks\DBE94146-photoprocessing\1\s\cazr5dojhigi2\000003.rdf 

Error: Cannot read from the source file C:\Users\andre\Dropbox\Rproj\grazing-interaction\.Rproj.user\shared\notebooks\DBE94146-photoprocessing\1\s\cazr5dojhigi2\000003.metadata. The system cannot find the file specified. (Exception from HRESULT: 0x80070002) Copying C:\Users\andre\Dropbox\Rproj\grazing-interaction\.Rproj.user\shared\notebooks\DBE94146-photoprocessing\1\s\cazr5dojhigi2\000003.metadata to D:\backup-dropbox\Rproj\grazing-interaction\.Rproj.user\shared\notebooks\DBE94146-photoprocessing\1\s\cazr5dojhigi2\000003.metadata 

Error: Cannot read from the source file C:\Users\andre\Dropbox\Rproj\grazing-interaction\.Rproj.user\shared\notebooks\DBE94146-photoprocessing\1\s\c1uu2kmkzn10e\00000c.csv. The system cannot find the file specified. (Exception from HRESULT: 0x80070002) Copying C:\Users\andre\Dropbox\Rproj\grazing-interaction\.Rproj.user\shared\notebooks\DBE94146-photoprocessing\1\s\c1uu2kmkzn10e\00000c.csv to D:\backup-dropbox\Rproj\grazing-interaction\.Rproj.user\shared\notebooks\DBE94146-photoprocessing\1\s\c1uu2kmkzn10e\00000c.csv 

Error: Cannot read from the source file C:\Users\andre\Dropbox\Rproj\grazing-interaction\.Rproj.user\shared\notebooks\DBE94146-photoprocessing\1\s\c1uu2kmkzn10e\00000d.rdf. The system cannot find the file specified. (Exception from HRESULT: 0x80070002) Copying C:\Users\andre\Dropbox\Rproj\grazing-interaction\.Rproj.user\shared\notebooks\DBE94146-photoprocessing\1\s\c1uu2kmkzn10e\00000d.rdf to D:\backup-dropbox\Rproj\grazing-interaction\.Rproj.user\shared\notebooks\DBE94146-photoprocessing\1\s\c1uu2kmkzn10e\00000d.rdf 

Error: Cannot read from the source file C:\Users\andre\Dropbox\Rproj\grazing-interaction\.Rproj.user\shared\notebooks\DBE94146-photoprocessing\1\s\c1uu2kmkzn10e\00000d.metadata. The system cannot find the file specified. (Exception from HRESULT: 0x80070002) Copying C:\Users\andre\Dropbox\Rproj\grazing-interaction\.Rproj.user\shared\notebooks\DBE94146-photoprocessing\1\s\c1uu2kmkzn10e\00000d.metadata to D:\backup-dropbox\Rproj\grazing-interaction\.Rproj.user\shared\notebooks\DBE94146-photoprocessing\1\s\c1uu2kmkzn10e\00000d.metadata 

Error: Cannot read from the source file C:\Users\andre\Dropbox\Rproj\grazing-interaction\.Rproj.user\shared\notebooks\DBE94146-photoprocessing\1\s\cg5h0lwr93ofd\000002.csv. The system cannot find the file specified. (Exception from HRESULT: 0x80070002) Copying C:\Users\andre\Dropbox\Rproj\grazing-interaction\.Rproj.user\shared\notebooks\DBE94146-photoprocessing\1\s\cg5h0lwr93ofd\000002.csv to D:\backup-dropbox\Rproj\grazing-interaction\.Rproj.user\shared\notebooks\DBE94146-photoprocessing\1\s\cg5h0lwr93ofd\000002.csv 

Error: Cannot read from the source file C:\Users\andre\Dropbox\Rproj\grazing-interaction\.Rproj.user\shared\notebooks\DBE94146-photoprocessing\1\s\cg5h0lwr93ofd\000003.rdf. The system cannot find the file specified. (Exception from HRESULT: 0x80070002) Copying C:\Users\andre\Dropbox\Rproj\grazing-interaction\.Rproj.user\shared\notebooks\DBE94146-photoprocessing\1\s\cg5h0lwr93ofd\000003.rdf to D:\backup-dropbox\Rproj\grazing-interaction\.Rproj.user\shared\notebooks\DBE94146-photoprocessing\1\s\cg5h0lwr93ofd\000003.rdf 

Error: Cannot read from the source file C:\Users\andre\Dropbox\Rproj\grazing-interaction\.Rproj.user\shared\notebooks\DBE94146-photoprocessing\1\s\cg5h0lwr93ofd\000003.metadata. The system cannot find the file specified. (Exception from HRESULT: 0x80070002) Copying C:\Users\andre\Dropbox\Rproj\grazing-interaction\.Rproj.user\shared\notebooks\DBE94146-photoprocessing\1\s\cg5h0lwr93ofd\000003.metadata to D:\backup-dropbox\Rproj\grazing-interaction\.Rproj.user\shared\notebooks\DBE94146-photoprocessing\1\s\cg5h0lwr93ofd\000003.metadata 

Error: Cannot read from the source file C:\Users\andre\Dropbox\Rproj\grazing-interaction\.Rproj.user\shared\notebooks\DBE94146-photoprocessing\1\s\cvighoo87ot6y\000004.csv. The system cannot find the file specified. (Exception from HRESULT: 0x80070002) Copying C:\Users\andre\Dropbox\Rproj\grazing-interaction\.Rproj.user\shared\notebooks\DBE94146-photoprocessing\1\s\cvighoo87ot6y\000004.csv to D:\backup-dropbox\Rproj\grazing-interaction\.Rproj.user\shared\notebooks\DBE94146-photoprocessing\1\s\cvighoo87ot6y\000004.csv 

Error: Cannot read from the source file C:\Users\andre\Dropbox\Rproj\grazing-interaction\.Rproj.user\shared\notebooks\DBE94146-photoprocessing\1\s\cvighoo87ot6y\000005.rdf. The system cannot find the file specified. (Exception from HRESULT: 0x80070002) Copying C:\Users\andre\Dropbox\Rproj\grazing-interaction\.Rproj.user\shared\notebooks\DBE94146-photoprocessing\1\s\cvighoo87ot6y\000005.rdf to D:\backup-dropbox\Rproj\grazing-interaction\.Rproj.user\shared\notebooks\DBE94146-photoprocessing\1\s\cvighoo87ot6y\000005.rdf 

Error: Cannot read from the source file C:\Users\andre\Dropbox\Rproj\grazing-interaction\.Rproj.user\shared\notebooks\DBE94146-photoprocessing\1\s\cvighoo87ot6y\000005.metadata. The system cannot find the file specified. (Exception from HRESULT: 0x80070002) Copying C:\Users\andre\Dropbox\Rproj\grazing-interaction\.Rproj.user\shared\notebooks\DBE94146-photoprocessing\1\s\cvighoo87ot6y\000005.metadata to D:\backup-dropbox\Rproj\grazing-interaction\.Rproj.user\shared\notebooks\DBE94146-photoprocessing\1\s\cvighoo87ot6y\000005.metadata 

Error: Cannot read from the source file C:\Users\andre\Dropbox\Rproj\grazing-interaction\.Rproj.user\shared\notebooks\DBE94146-photoprocessing\1\s\c5hc8mmuxyt7z\000004.csv. The system cannot find the file specified. (Exception from HRESULT: 0x80070002) Copying C:\Users\andre\Dropbox\Rproj\grazing-interaction\.Rproj.user\shared\notebooks\DBE94146-photoprocessing\1\s\c5hc8mmuxyt7z\000004.csv to D:\backup-dropbox\Rproj\grazing-interaction\.Rproj.user\shared\notebooks\DBE94146-photoprocessing\1\s\c5hc8mmuxyt7z\000004.csv 

Error: Cannot read from the source file C:\Users\andre\Dropbox\Rproj\grazing-interaction\.Rproj.user\shared\notebooks\DBE94146-photoprocessing\1\s\cxeglqen4uw5q\00000c.csv. The system cannot find the file specified. (Exception from HRESULT: 0x80070002) Copying C:\Users\andre\Dropbox\Rproj\grazing-interaction\.Rproj.user\shared\notebooks\DBE94146-photoprocessing\1\s\cxeglqen4uw5q\00000c.csv to D:\backup-dropbox\Rproj\grazing-interaction\.Rproj.user\shared\notebooks\DBE94146-photoprocessing\1\s\cxeglqen4uw5q\00000c.csv 

Error: Cannot read from the source file C:\Users\andre\Dropbox\Rproj\grazing-interaction\.Rproj.user\shared\notebooks\DBE94146-photoprocessing\1\s\cxeglqen4uw5q\00000d.rdf. The system cannot find the file specified. (Exception from HRESULT: 0x80070002) Copying C:\Users\andre\Dropbox\Rproj\grazing-interaction\.Rproj.user\shared\notebooks\DBE94146-photoprocessing\1\s\cxeglqen4uw5q\00000d.rdf to D:\backup-dropbox\Rproj\grazing-interaction\.Rproj.user\shared\notebooks\DBE94146-photoprocessing\1\s\cxeglqen4uw5q\00000d.rdf 

Error: Cannot read from the source file C:\Users\andre\Dropbox\Rproj\grazing-interaction\.Rproj.user\shared\notebooks\DBE94146-photoprocessing\1\s\cxeglqen4uw5q\00000d.metadata. The system cannot find the file specified. (Exception from HRESULT: 0x80070002) Copying C:\Users\andre\Dropbox\Rproj\grazing-interaction\.Rproj.user\shared\notebooks\DBE94146-photoprocessing\1\s\cxeglqen4uw5q\00000d.metadata to D:\backup-dropbox\Rproj\grazing-interaction\.Rproj.user\shared\notebooks\DBE94146-photoprocessing\1\s\cxeglqen4uw5q\00000d.metadata 

Error: Cannot read from the source file C:\Users\andre\Dropbox\Rproj\grazing-interaction\.Rproj.user\shared\notebooks\DBE94146-photoprocessing\1\s\cxeglqen4uw5q\00000e.csv. The system cannot find the file specified. (Exception from HRESULT: 0x80070002) Copying C:\Users\andre\Dropbox\Rproj\grazing-interaction\.Rproj.user\shared\notebooks\DBE94146-photoprocessing\1\s\cxeglqen4uw5q\00000e.csv to D:\backup-dropbox\Rproj\grazing-interaction\.Rproj.user\shared\notebooks\DBE94146-photoprocessing\1\s\cxeglqen4uw5q\00000e.csv 

Error: Cannot read from the source file C:\Users\andre\Dropbox\Rproj\grazing-interaction\.Rproj.user\shared\notebooks\DBE94146-photoprocessing\1\s\cxeglqen4uw5q\00000f.rdf. The system cannot find the file specified. (Exception from HRESULT: 0x80070002) Copying C:\Users\andre\Dropbox\Rproj\grazing-interaction\.Rproj.user\shared\notebooks\DBE94146-photoprocessing\1\s\cxeglqen4uw5q\00000f.rdf to D:\backup-dropbox\Rproj\grazing-interaction\.Rproj.user\shared\notebooks\DBE94146-photoprocessing\1\s\cxeglqen4uw5q\00000f.rdf 

Error: Cannot read from the source file C:\Users\andre\Dropbox\Rproj\grazing-interaction\.Rproj.user\shared\notebooks\DBE94146-photoprocessing\1\s\cxeglqen4uw5q\00000f.metadata. The system cannot find the file specified. (Exception from HRESULT: 0x80070002) Copying C:\Users\andre\Dropbox\Rproj\grazing-interaction\.Rproj.user\shared\notebooks\DBE94146-photoprocessing\1\s\cxeglqen4uw5q\00000f.metadata to D:\backup-dropbox\Rproj\grazing-interaction\.Rproj.user\shared\notebooks\DBE94146-photoprocessing\1\s\cxeglqen4uw5q\00000f.metadata 

Error: Cannot read from the source file C:\Users\andre\Dropbox\R\Cheatsheets\updated\tidyr.pdf. The process cannot access the file because it is being used by another process. (Exception from HRESULT: 0x80070020) Copying C:\Users\andre\Dropbox\R\Cheatsheets\updated\tidyr.pdf to D:\backup-dropbox\R\Cheatsheets\updated\tidyr.pdf 

Error: Cannot read from the source file C:\Users\andre\Dropbox\R\Cheatsheets\updated\purrr.pdf. The process cannot access the file because it is being used by another process. (Exception from HRESULT: 0x80070020) Copying C:\Users\andre\Dropbox\R\Cheatsheets\updated\purrr.pdf to D:\backup-dropbox\R\Cheatsheets\updated\purrr.pdf 

Error: Cannot read from the source file C:\Users\andre\Dropbox\R\Cheatsheets\updated\strings.pdf. The process cannot access the file because it is being used by another process. (Exception from HRESULT: 0x80070020) Copying C:\Users\andre\Dropbox\R\Cheatsheets\updated\strings.pdf to D:\backup-dropbox\R\Cheatsheets\updated\strings.pdf 

Error: Cannot read from the source file C:\Users\andre\Dropbox\R\Cheatsheets\updated\factors.pdf. The process cannot access the file because it is being used by another process. (Exception from HRESULT: 0x80070020) Copying C:\Users\andre\Dropbox\R\Cheatsheets\updated\factors.pdf to D:\backup-dropbox\R\Cheatsheets\updated\factors.pdf 

Error: Cannot read from the source file C:\Users\andre\Dropbox\R\Cheatsheets\updated\lubridate.pdf. The process cannot access the file because it is being used by another process. (Exception from HRESULT: 0x80070020) Copying C:\Users\andre\Dropbox\R\Cheatsheets\updated\lubridate.pdf to D:\backup-dropbox\R\Cheatsheets\updated\lubridate.pdf 

Error: Cannot read from the source file C:\Users\andre\Dropbox\R\Cheatsheets\updated\rmarkdown.pdf. The process cannot access the file because it is being used by another process. (Exception from HRESULT: 0x80070020) Copying C:\Users\andre\Dropbox\R\Cheatsheets\updated\rmarkdown.pdf to D:\backup-dropbox\R\Cheatsheets\updated\rmarkdown.pdf 

Error: Cannot read from the source file C:\Users\andre\Dropbox\R\Cheatsheets\updated\shiny.pdf. The process cannot access the file because it is being used by another process. (Exception from HRESULT: 0x80070020) Copying C:\Users\andre\Dropbox\R\Cheatsheets\updated\shiny.pdf to D:\backup-dropbox\R\Cheatsheets\updated\shiny.pdf 

Error: Cannot read from the source file C:\Users\andre\Dropbox\R\Cheatsheets\updated\rstudio-ide.pdf. The process cannot access the file because it is being used by another process. (Exception from HRESULT: 0x80070020) Copying C:\Users\andre\Dropbox\R\Cheatsheets\updated\rstudio-ide.pdf to D:\backup-dropbox\R\Cheatsheets\updated\rstudio-ide.pdf 

Error: Cannot read from the source file C:\Users\andre\Dropbox\R\Cheatsheets\updated\plumber.pdf. The process cannot access the file because it is being used by another process. (Exception from HRESULT: 0x80070020) Copying C:\Users\andre\Dropbox\R\Cheatsheets\updated\plumber.pdf to D:\backup-dropbox\R\Cheatsheets\updated\plumber.pdf 

Error: Cannot read from the source file C:\Users\andre\Dropbox\R\Cheatsheets\updated\reticulate.pdf. The process cannot access the file because it is being used by another process. (Exception from HRESULT: 0x80070020) Copying C:\Users\andre\Dropbox\R\Cheatsheets\updated\reticulate.pdf to D:\backup-dropbox\R\Cheatsheets\updated\reticulate.pdf 

Error: Cannot read from the source file C:\Users\andre\Dropbox\R\Cheatsheets\updated\sparklyr.pdf. The process cannot access the file because it is being used by another process. (Exception from HRESULT: 0x80070020) Copying C:\Users\andre\Dropbox\R\Cheatsheets\updated\sparklyr.pdf to D:\backup-dropbox\R\Cheatsheets\updated\sparklyr.pdf 

Error: The source file has been modified during the synchronization process. Item changed unexpectedly during synchronization. Copying C:\Users\andre\Dropbox\Rproj\grazing-interaction\.Rproj.user\shared\notebooks\DBE94146-photoprocessing\1\s\cskm30xzc7770\00002b.png to D:\backup-dropbox\Rproj\grazing-interaction\.Rproj.user\shared\notebooks\DBE94146-photoprocessing\1\s\cskm30xzc7770\00002b.png 

Error: The source file has been modified during the synchronization process. Item changed unexpectedly during synchronization. Copying C:\Users\andre\Dropbox\Rproj\grazing-interaction\.Rproj.user\E0014006\sources\s-37DA0F6F\09945479-contents to D:\backup-dropbox\Rproj\grazing-interaction\.Rproj.user\E0014006\sources\s-37DA0F6F\09945479-contents 

Error: The source file has been modified during the synchronization process. Item changed unexpectedly during synchronization. Copying C:\Users\andre\Dropbox\Rproj\grazing-interaction\.Rproj.user\E0014006\sources\s-37DA0F6F\09945479 to D:\backup-dropbox\Rproj\grazing-interaction\.Rproj.user\E0014006\sources\s-37DA0F6F\09945479 

Error: The source file has been modified during the synchronization process. Item changed unexpectedly during synchronization. Copying C:\Users\andre\Dropbox\Rproj\grazing-interaction\.Rproj.user\E0014006\sources\s-37DA0F6F\A0BB5B7F-contents to D:\backup-dropbox\Rproj\grazing-interaction\.Rproj.user\E0014006\sources\s-37DA0F6F\A0BB5B7F-contents 

Error: The source file has been modified during the synchronization process. Item changed unexpectedly during synchronization. Copying C:\Users\andre\Dropbox\Rproj\grazing-interaction\.Rproj.user\E0014006\sources\s-37DA0F6F\A0BB5B7F to D:\backup-dropbox\Rproj\grazing-interaction\.Rproj.user\E0014006\sources\s-37DA0F6F\A0BB5B7F 

Error: Cannot read from the source file C:\Users\andre\Dropbox\Rproj\grazing-interaction\.Rproj.user\E0014006\sources\s-37DA0F6F\lock_file. The process cannot access the file because it is being used by another process. (Exception from HRESULT: 0x80070020) Copying C:\Users\andre\Dropbox\Rproj\grazing-interaction\.Rproj.user\E0014006\sources\s-37DA0F6F\lock_file to D:\backup-dropbox\Rproj\grazing-interaction\.Rproj.user\E0014006\sources\s-37DA0F6F\lock_file 

Error: The source file has been modified during the synchronization process. Item changed unexpectedly during synchronization. Copying C:\Users\andre\Dropbox\Rproj\grazing-interaction\.Rproj.user\shared\notebooks\DBE94146-photoprocessing\1\s\cz44btf01posj\000002.csv to D:\backup-dropbox\Rproj\grazing-interaction\.Rproj.user\shared\notebooks\DBE94146-photoprocessing\1\s\cz44btf01posj\000002.csv 

Error: The source file has been modified during the synchronization process. Item changed unexpectedly during synchronization. Copying C:\Users\andre\Dropbox\Rproj\grazing-interaction\.Rproj.user\E0014006\sources\s-37DA0F6F\1213540A-contents to D:\backup-dropbox\Rproj\grazing-interaction\.Rproj.user\E0014006\sources\s-37DA0F6F\1213540A-contents 

Error: Cannot read from the source file C:\Users\andre\Dropbox\Rproj\grazing-interaction\.Rproj.user\E0014006\sources\s-37DA0F6F\1213540A. The system cannot find the file specified. (Exception from HRESULT: 0x80070002) Copying C:\Users\andre\Dropbox\Rproj\grazing-interaction\.Rproj.user\E0014006\sources\s-37DA0F6F\1213540A to D:\backup-dropbox\Rproj\grazing-interaction\.Rproj.user\E0014006\sources\s-37DA0F6F\1213540A 

Error: The source file has been modified during the synchronization process. Item changed unexpectedly during synchronization. Copying C:\Users\andre\Dropbox\Rproj\grazing-interaction\.git\refs\heads\master to D:\backup-dropbox\Rproj\grazing-interaction\.git\refs\heads\master 

Error: The source file has been modified during the synchronization process. Item changed unexpectedly during synchronization. Copying C:\Users\andre\Dropbox\Rproj\grazing-interaction\.git\refs\remotes\origin\master to D:\backup-dropbox\Rproj\grazing-interaction\.git\refs\remotes\origin\master 

Error: The source file has been modified during the synchronization process. Item changed unexpectedly during synchronization. Copying C:\Users\andre\Dropbox\Rproj\grazing-interaction\.git\index to D:\backup-dropbox\Rproj\grazing-interaction\.git\index 

Error: Cannot read from the source file Documents\Forest Ecology Term Paper\Managing Japanese Barberry (Ranunculales- Berberidaceae) Infestations Reduces Blacklegged Tick (Acari- Ixodidae) Abundance and Infection Prevalence with Borrelia burgdorferi (Spirochaetales- Spirochaetaceae).pdf. Path too long (Exception from HRESULT: 0x80010135) 

Error: Cannot read from the source file GoogleDrive\Grad School\Classes\Spring17_RNR696_Ecological_Modeling\Project\Backup_UniSim2-2.0.19_9Mar17\input\student\PestTox\PestTox_fate and transport_wbz0_2012 - sensitivity analysis_population vs concentrations in the water and topsoil.xml. Path too long (Exception from HRESULT: 0x80010135) 

Error: Cannot read from the source file GoogleDrive\Grad School\Classes\Spring17_RNR696_Ecological_Modeling\Project\Backup_UniSim2-2.0.19_9Mar17\input\student\PestTox\PestTox_fate and transport_wbz0_2013 - sensitivity analysis_population vs concentrations in the water and topsoil.xml. Path too long (Exception from HRESULT: 0x80010135) 

Error: Cannot read from the source file GoogleDrive\Grad School\Classes\Spring17_RNR696_Ecological_Modeling\Project\Backup_UniSim2-2.0.19_9Mar17\input\student\PestTox\PestTox_fate and transport_wbz30_2012 - sensitivity analysis_population vs concentrations in the water and topsoil.xml. Path too long (Exception from HRESULT: 0x80010135) 

Error: Cannot read from the source file GoogleDrive\Grad School\Classes\Spring17_RNR696_Ecological_Modeling\Project\Backup_UniSim2-2.0.19_9Mar17\input\student\PestTox\PestTox_fate and transport_wbz30_2013 - sensitivity analysis_population vs concentrations in the water and topsoil.xml. Path too long (Exception from HRESULT: 0x80010135) 

Error: Cannot read from the source file GoogleDrive\Grad School\Classes\Spring17_RNR696_Ecological_Modeling\Project\Backup_UniSim2-2.0.19_9Mar17\src\resources\data\input\student\PestTox\PestTox_fate and transport_Pnsz0_2012 - sensitivity analysis_buffer zone width vs runoff.xml. Path too long (Exception from HRESULT: 0x80010135) 

Error: Cannot read from the source file GoogleDrive\Grad School\Classes\Spring17_RNR696_Ecological_Modeling\Project\Backup_UniSim2-2.0.19_9Mar17\src\resources\data\input\student\PestTox\PestTox_fate and transport_Pnsz0_2013 - sensitivity analysis_buffer zone width vs runoff.xml. Path too long (Exception from HRESULT: 0x80010135) 

Error: Cannot read from the source file GoogleDrive\Grad School\Classes\Spring17_RNR696_Ecological_Modeling\Project\Backup_UniSim2-2.0.19_9Mar17\src\resources\data\input\student\PestTox\PestTox_fate and transport_Pnsz30_2012 - sensitivity analysis_buffer zone width vs runoff.xml. Path too long (Exception from HRESULT: 0x80010135) 

Error: Cannot read from the source file GoogleDrive\Grad School\Classes\Spring17_RNR696_Ecological_Modeling\Project\Backup_UniSim2-2.0.19_9Mar17\src\resources\data\input\student\PestTox\PestTox_fate and transport_Pnsz30_2013 - sensitivity analysis_buffer zone width vs runoff.xml. Path too long (Exception from HRESULT: 0x80010135) 

Error: Cannot read from the source file GoogleDrive\Grad School\Classes\Spring17_RNR696_Ecological_Modeling\Project\Backup_UniSim2-2.0.19_9Mar17\src\resources\data\input\student\PestTox\PestTox_fate and transport_wbz30_2012 - sensitivity analysis_population vs eggs per female.xml. Path too long (Exception from HRESULT: 0x80010135) 

Error: Cannot read from the source file GoogleDrive\Grad School\Classes\Spring17_RNR696_Ecological_Modeling\Project\Backup_UniSim2-2.0.19_9Mar17\src\resources\data\input\student\PestTox\PestTox_fate and transport_wbz30_2012 - sensitivity analysis_rainfall vs macropore flow.xml. Path too long (Exception from HRESULT: 0x80010135) 

Error: Cannot read from the source file GoogleDrive\Grad School\Classes\Spring17_RNR696_Ecological_Modeling\Project\Backup_UniSim2-2.0.19_9Mar17\src\resources\data\input\student\PestTox\PestTox_fate and transport_wbz30_2013 - sensitivity analysis_population vs eggs per female.xml. Path too long (Exception from HRESULT: 0x80010135) 

Error: Cannot read from the source file GoogleDrive\Grad School\Classes\Spring17_RNR696_Ecological_Modeling\Project\Backup_UniSim2-2.0.19_9Mar17\src\resources\data\input\student\PestTox\PestTox_fate and transport_wbz30_2013 - sensitivity analysis_rainfall vs macropore flow.xml. Path too long (Exception from HRESULT: 0x80010135) 

Error: Cannot read from the source file MS_Project\Cybertracker\Archive\Folder_Backup_20June2017_1927\Tablet_Backups\UA01_6Mar17\Android\data\com.symantec.mobilesecurity\files\symantec_update_temp\4\appinsight beryllium_1.0\appinsight$20beryllium_1.0_symalllanguages_livetri.zip. Path too long (Exception from HRESULT: 0x80010135) 


SYNC: 09/10/2021 17:00:01:997: -------------------------------------------------------------------------
SYNC: 09/10/2021 17:00:02:007: Starting SyncToyCmd, version 2.1.0.0, built 10/19/2009 2:58:16 AM.
SYNC: 09/10/2021 17:00:02:054: *** Failed to execute folder pair C-temp-Lacie-temp. Could not locate folder D:\temp\.
SYNC: 09/13/2021 17:00:01:551: -------------------------------------------------------------------------
SYNC: 09/13/2021 17:00:01:561: Starting SyncToyCmd, version 2.1.0.0, built 10/19/2009 2:58:16 AM.
SYNC: 09/13/2021 17:00:01:617: *** Failed to execute folder pair C-temp-Lacie-temp. Could not locate folder D:\temp\.
SYNC: 09/14/2021 17:00:01:600: -------------------------------------------------------------------------
SYNC: 09/14/2021 17:00:01:610: Starting SyncToyCmd, version 2.1.0.0, built 10/19/2009 2:58:16 AM.
SYNC: 09/14/2021 17:00:01:672: *** Failed to execute folder pair C-temp-Lacie-temp. Could not locate folder D:\temp\.
SYNC: 09/15/2021 17:00:01:620: -------------------------------------------------------------------------
SYNC: 09/15/2021 17:00:01:633: Starting SyncToyCmd, version 2.1.0.0, built 10/19/2009 2:58:16 AM.
SYNC: 09/15/2021 17:00:01:704: *** Failed to execute folder pair C-temp-Lacie-temp. Could not locate folder D:\temp\.
SYNC: 09/17/2021 17:00:01:498: -------------------------------------------------------------------------
SYNC: 09/17/2021 17:00:01:508: Starting SyncToyCmd, version 2.1.0.0, built 10/19/2009 2:58:16 AM.
SYNC: 09/17/2021 17:00:02:575: Started scanning directory : C:\temp\
SYNC: 09/17/2021 17:00:02:575: Started scanning directory : D:\temp\
SYNC: 09/17/2021 17:04:24:111: Stopped scanning directory : C:\temp\
SYNC: 09/17/2021 17:06:26:600: Stopped scanning directory : D:\temp\
SYNC: 09/18/2021 17:00:01:543: -------------------------------------------------------------------------
SYNC: 09/18/2021 17:00:01:557: Starting SyncToyCmd, version 2.1.0.0, built 10/19/2009 2:58:16 AM.
SYNC: 09/18/2021 17:00:01:794: Started scanning directory : D:\temp\
SYNC: 09/18/2021 17:00:01:794: Started scanning directory : C:\temp\
SYNC: 09/20/2021 17:00:01:488: -------------------------------------------------------------------------
SYNC: 09/20/2021 17:00:01:497: Starting SyncToyCmd, version 2.1.0.0, built 10/19/2009 2:58:16 AM.
SYNC: 09/20/2021 17:00:01:541: *** Failed to execute folder pair C-temp-Lacie-temp. Could not locate folder D:\temp\.
SYNC: 09/25/2021 17:00:02:295: -------------------------------------------------------------------------
SYNC: 09/25/2021 17:00:02:306: Starting SyncToyCmd, version 2.1.0.0, built 10/19/2009 2:58:16 AM.
SYNC: 09/25/2021 17:00:02:358: *** Failed to execute folder pair C-temp-Lacie-temp. Could not locate folder D:\temp\.
SYNC: 09/26/2021 17:00:02:219: -------------------------------------------------------------------------
SYNC: 09/26/2021 17:00:02:229: Starting SyncToyCmd, version 2.1.0.0, built 10/19/2009 2:58:16 AM.
SYNC: 09/26/2021 17:00:02:277: *** Failed to execute folder pair C-temp-Lacie-temp. Could not locate folder D:\temp\.
SYNC: 09/28/2021 09:15:26:053: -------------------------------------------------------------------------
SYNC: 09/28/2021 09:15:26:065: Starting SyncToyCmd, version 2.1.0.0, built 10/19/2009 2:58:16 AM.
SYNC: 09/28/2021 09:15:26:155: *** Failed to execute folder pair C-temp-Lacie-temp. Could not locate folder D:\temp\.
SYNC: 09/29/2021 17:00:02:428: -------------------------------------------------------------------------
SYNC: 09/29/2021 17:00:02:442: Starting SyncToyCmd, version 2.1.0.0, built 10/19/2009 2:58:16 AM.
SYNC: 09/29/2021 17:00:02:750: Started scanning directory : D:\temp\
SYNC: 09/29/2021 17:00:02:750: Started scanning directory : C:\temp\
SYNC: 09/29/2021 17:01:53:026: Stopped scanning directory : C:\temp\
SYNC: 09/29/2021 17:03:47:052: Stopped scanning directory : D:\temp\
SYNC: 09/29/2021 17:48:28:054: Preview of C-temp-Lacie-temp (C:\temp\, D:\temp\) in time 00:48:25:297.
SyncToy action was 'Echo'
Found 551815 actions to perform.
Found 62,079 files that did not require action.
Analyzed 21.4 files per second.
Avoided copying 48,677,799,907 bytes in 62,079 files.
Saved approximately 03:02:35:00 by not copying any files.

SYNC: 09/30/2021 17:00:02:430: -------------------------------------------------------------------------
SYNC: 09/30/2021 17:00:02:440: Starting SyncToyCmd, version 2.1.0.0, built 10/19/2009 2:58:16 AM.
SYNC: 09/30/2021 17:00:02:509: *** Failed to execute folder pair C-temp-Lacie-temp. Could not locate folder D:\temp\.
SYNC: 10/05/2021 17:00:01:645: -------------------------------------------------------------------------
SYNC: 10/05/2021 17:00:01:655: Starting SyncToyCmd, version 2.1.0.0, built 10/19/2009 2:58:16 AM.
SYNC: 10/05/2021 17:00:01:703: *** Failed to execute folder pair C-temp-Lacie-temp. Could not locate folder D:\temp\.
SYNC: 10/06/2021 17:00:01:686: -------------------------------------------------------------------------
SYNC: 10/06/2021 17:00:01:697: Starting SyncToyCmd, version 2.1.0.0, built 10/19/2009 2:58:16 AM.
SYNC: 10/06/2021 17:00:01:758: *** Failed to execute folder pair C-temp-Lacie-temp. Could not locate folder D:\temp\.
SYNC: 10/11/2021 17:00:01:986: -------------------------------------------------------------------------
SYNC: 10/11/2021 17:00:01:997: Starting SyncToyCmd, version 2.1.0.0, built 10/19/2009 2:58:16 AM.
SYNC: 10/11/2021 17:00:02:046: *** Failed to execute folder pair C-temp-Lacie-temp. Could not locate folder D:\temp\.
SYNC: 10/12/2021 17:00:02:040: -------------------------------------------------------------------------
SYNC: 10/12/2021 17:00:02:051: Starting SyncToyCmd, version 2.1.0.0, built 10/19/2009 2:58:16 AM.
SYNC: 10/12/2021 17:00:02:100: *** Failed to execute folder pair C-temp-Lacie-temp. Could not locate folder D:\temp\.
SYNC: 10/13/2021 12:06:29:573: -------------------------------------------------------------------------
SYNC: 10/13/2021 12:06:29:577: Starting SyncToy, version 2.1.0.0, built 10/19/2009 2:58:16 AM.
SYNC: 10/13/2021 12:10:00:437: Started scanning directory : C:\Users\andre\Zotero\
SYNC: 10/13/2021 12:10:00:437: Started scanning directory : D:\backup-zotero\
SYNC: 10/13/2021 12:10:02:399: Stopped scanning directory : D:\backup-zotero\
SYNC: 10/13/2021 12:10:02:529: Stopped scanning directory : C:\Users\andre\Zotero\
SYNC: 10/13/2021 12:10:10:463: Preview of C-zotero-Lacie-zotero (C:\Users\andre\Zotero\, D:\backup-zotero\) in time 00:00:10:29.
SyncToy action was 'Contribute'
Found 434 actions to perform.
Found 11,954 files that did not require action.
Analyzed 1,191.8 files per second.
Avoided copying 1,507,672,753 bytes in 11,954 files.
Saved approximately 00:50:15:00 by not copying any files.

SYNC: 10/13/2021 12:11:35:046: SyncToy run of C-zotero-Lacie-zotero (C:\Users\andre\Zotero\, D:\backup-zotero\) completed at 10/13/2021 12:11:35 PM.
SyncToy action was 'Contribute'.
SyncToy options were:
	Active for run all
	All files included
	No files excluded
	Do not check file contents
	Include read-only files
	Include hidden files
	Include system files
	Backup older files (send to Recycle Bin)
	All subfolders included
SyncToy run took 00:00:51:394.
Copied 249,389,230 bytes in 367 files in 00:00:51:394.
Bytes per second 4,852,443.5, files per second 7.1.
Avoided copying 1,507,672,753 bytes in 11,954 files that did not require action.
Saved approximately 00:05:10:704 by not copying all files.

SYNC: 10/13/2021 12:11:49:598: Started scanning directory : C:\Users\andre\Dropbox\
SYNC: 10/13/2021 12:11:49:598: Started scanning directory : D:\backup-dropbox\
SYNC: 10/13/2021 12:14:15:219: Stopped scanning directory : C:\Users\andre\Dropbox\
SYNC: 10/13/2021 12:18:03:307: Stopped scanning directory : D:\backup-dropbox\
SYNC: 10/13/2021 12:29:23:740: Preview of C-dropbox-Lacie-dropbox (C:\Users\andre\Dropbox\, D:\backup-dropbox\) in time 00:17:34:142.
SyncToy action was 'Contribute'
Found 9422 actions to perform.
Found 588,419 files that did not require action.
Analyzed 558.2 files per second.
Avoided copying 1,724,751,266,308 bytes in 588,419 files.
Saved approximately 22:11:42:00 by not copying any files.

SYNC: 10/13/2021 13:55:26:839: SyncToy run of C-dropbox-Lacie-dropbox (C:\Users\andre\Dropbox\, D:\backup-dropbox\) completed at 10/13/2021 1:55:26 PM.
SyncToy action was 'Contribute'.
SyncToy options were:
	Active for run all
	All files included
	No files excluded
	Do not check file contents
	Include read-only files
	Include hidden files
	Include system files
	Backup older files (send to Recycle Bin)
	All subfolders included
SyncToy run took 01:22:07:324.
Copied 37,485,598,739 bytes in 9,063 files in 01:22:07:324.
Bytes per second 7,607,699.1, files per second 1.8.
Avoided copying 1,724,751,266,308 bytes in 588,419 files that did not require action.
Saved approximately 14:58:31:289 by not copying all files.
Warning: 14 failures occured.
You can retry by selecting "Run" again or select "Preview" to see
the operations that remain to be performed.

SYNC: 10/13/2021 13:55:26:839: *** Error: Cannot read from the source file Documents\Forest Ecology Term Paper\Managing Japanese Barberry (Ranunculales- Berberidaceae) Infestations Reduces Blacklegged Tick (Acari- Ixodidae) Abundance and Infection Prevalence with Borrelia burgdorferi (Spirochaetales- Spirochaetaceae).pdf. Path too long (Exception from HRESULT: 0x80010135) 

Error: Cannot read from the source file GoogleDrive\Grad School\Classes\Spring17_RNR696_Ecological_Modeling\Project\Backup_UniSim2-2.0.19_9Mar17\input\student\PestTox\PestTox_fate and transport_wbz0_2012 - sensitivity analysis_population vs concentrations in the water and topsoil.xml. Path too long (Exception from HRESULT: 0x80010135) 

Error: Cannot read from the source file GoogleDrive\Grad School\Classes\Spring17_RNR696_Ecological_Modeling\Project\Backup_UniSim2-2.0.19_9Mar17\input\student\PestTox\PestTox_fate and transport_wbz0_2013 - sensitivity analysis_population vs concentrations in the water and topsoil.xml. Path too long (Exception from HRESULT: 0x80010135) 

Error: Cannot read from the source file GoogleDrive\Grad School\Classes\Spring17_RNR696_Ecological_Modeling\Project\Backup_UniSim2-2.0.19_9Mar17\input\student\PestTox\PestTox_fate and transport_wbz30_2012 - sensitivity analysis_population vs concentrations in the water and topsoil.xml. Path too long (Exception from HRESULT: 0x80010135) 

Error: Cannot read from the source file GoogleDrive\Grad School\Classes\Spring17_RNR696_Ecological_Modeling\Project\Backup_UniSim2-2.0.19_9Mar17\input\student\PestTox\PestTox_fate and transport_wbz30_2013 - sensitivity analysis_population vs concentrations in the water and topsoil.xml. Path too long (Exception from HRESULT: 0x80010135) 

Error: Cannot read from the source file GoogleDrive\Grad School\Classes\Spring17_RNR696_Ecological_Modeling\Project\Backup_UniSim2-2.0.19_9Mar17\src\resources\data\input\student\PestTox\PestTox_fate and transport_Pnsz0_2012 - sensitivity analysis_buffer zone width vs runoff.xml. Path too long (Exception from HRESULT: 0x80010135) 

Error: Cannot read from the source file GoogleDrive\Grad School\Classes\Spring17_RNR696_Ecological_Modeling\Project\Backup_UniSim2-2.0.19_9Mar17\src\resources\data\input\student\PestTox\PestTox_fate and transport_Pnsz0_2013 - sensitivity analysis_buffer zone width vs runoff.xml. Path too long (Exception from HRESULT: 0x80010135) 

Error: Cannot read from the source file GoogleDrive\Grad School\Classes\Spring17_RNR696_Ecological_Modeling\Project\Backup_UniSim2-2.0.19_9Mar17\src\resources\data\input\student\PestTox\PestTox_fate and transport_Pnsz30_2012 - sensitivity analysis_buffer zone width vs runoff.xml. Path too long (Exception from HRESULT: 0x80010135) 

Error: Cannot read from the source file GoogleDrive\Grad School\Classes\Spring17_RNR696_Ecological_Modeling\Project\Backup_UniSim2-2.0.19_9Mar17\src\resources\data\input\student\PestTox\PestTox_fate and transport_Pnsz30_2013 - sensitivity analysis_buffer zone width vs runoff.xml. Path too long (Exception from HRESULT: 0x80010135) 

Error: Cannot read from the source file GoogleDrive\Grad School\Classes\Spring17_RNR696_Ecological_Modeling\Project\Backup_UniSim2-2.0.19_9Mar17\src\resources\data\input\student\PestTox\PestTox_fate and transport_wbz30_2012 - sensitivity analysis_population vs eggs per female.xml. Path too long (Exception from HRESULT: 0x80010135) 

Error: Cannot read from the source file GoogleDrive\Grad School\Classes\Spring17_RNR696_Ecological_Modeling\Project\Backup_UniSim2-2.0.19_9Mar17\src\resources\data\input\student\PestTox\PestTox_fate and transport_wbz30_2012 - sensitivity analysis_rainfall vs macropore flow.xml. Path too long (Exception from HRESULT: 0x80010135) 

Error: Cannot read from the source file GoogleDrive\Grad School\Classes\Spring17_RNR696_Ecological_Modeling\Project\Backup_UniSim2-2.0.19_9Mar17\src\resources\data\input\student\PestTox\PestTox_fate and transport_wbz30_2013 - sensitivity analysis_population vs eggs per female.xml. Path too long (Exception from HRESULT: 0x80010135) 

Error: Cannot read from the source file GoogleDrive\Grad School\Classes\Spring17_RNR696_Ecological_Modeling\Project\Backup_UniSim2-2.0.19_9Mar17\src\resources\data\input\student\PestTox\PestTox_fate and transport_wbz30_2013 - sensitivity analysis_rainfall vs macropore flow.xml. Path too long (Exception from HRESULT: 0x80010135) 

Error: Cannot read from the source file MS_Project\Cybertracker\Archive\Folder_Backup_20June2017_1927\Tablet_Backups\UA01_6Mar17\Android\data\com.symantec.mobilesecurity\files\symantec_update_temp\4\appinsight beryllium_1.0\appinsight$20beryllium_1.0_symalllanguages_livetri.zip. Path too long (Exception from HRESULT: 0x80010135) 


SYNC: 10/13/2021 17:00:01:933: -------------------------------------------------------------------------
SYNC: 10/13/2021 17:00:01:943: Starting SyncToyCmd, version 2.1.0.0, built 10/19/2009 2:58:16 AM.
SYNC: 10/13/2021 17:00:01:992: *** Failed to execute folder pair C-temp-Lacie-temp. Could not locate folder D:\temp\.
SYNC: 10/14/2021 17:00:02:256: -------------------------------------------------------------------------
SYNC: 10/14/2021 17:00:02:269: Starting SyncToyCmd, version 2.1.0.0, built 10/19/2009 2:58:16 AM.
SYNC: 10/14/2021 17:00:02:443: *** Failed to execute folder pair C-temp-Lacie-temp. Could not locate folder D:\temp\.
SYNC: 11/04/2021 17:00:02:348: -------------------------------------------------------------------------
SYNC: 11/04/2021 17:00:02:356: Starting SyncToyCmd, version 2.1.0.0, built 10/19/2009 2:58:16 AM.
SYNC: 11/04/2021 17:00:02:399: *** Failed to execute folder pair C-temp-Lacie-temp. Could not locate folder D:\temp\.
SYNC: 11/08/2021 17:00:01:447: -------------------------------------------------------------------------
SYNC: 11/08/2021 17:00:01:456: Starting SyncToyCmd, version 2.1.0.0, built 10/19/2009 2:58:16 AM.
SYNC: 11/08/2021 17:00:01:497: *** Failed to execute folder pair C-temp-Lacie-temp. Could not locate folder D:\temp\.
SYNC: 11/11/2021 17:47:39:154: -------------------------------------------------------------------------
SYNC: 11/11/2021 17:47:39:173: Starting SyncToyCmd, version 2.1.0.0, built 10/19/2009 2:58:16 AM.
SYNC: 11/11/2021 17:47:39:361: *** Failed to execute folder pair C-temp-Lacie-temp. Could not locate folder D:\temp\.
SYNC: 11/14/2021 17:00:01:745: -------------------------------------------------------------------------
SYNC: 11/14/2021 17:00:01:753: Starting SyncToyCmd, version 2.1.0.0, built 10/19/2009 2:58:16 AM.
SYNC: 11/14/2021 17:00:01:795: *** Failed to execute folder pair C-temp-Lacie-temp. Could not locate folder D:\temp\.
SYNC: 11/17/2021 17:00:01:509: -------------------------------------------------------------------------
SYNC: 11/17/2021 17:00:01:518: Starting SyncToyCmd, version 2.1.0.0, built 10/19/2009 2:58:16 AM.
SYNC: 11/17/2021 17:00:01:558: *** Failed to execute folder pair C-temp-Lacie-temp. Could not locate folder D:\temp\.
SYNC: 11/29/2021 17:00:01:674: -------------------------------------------------------------------------
SYNC: 11/29/2021 17:00:01:684: Starting SyncToyCmd, version 2.1.0.0, built 10/19/2009 2:58:16 AM.
SYNC: 11/29/2021 17:00:01:734: *** SyncToyCmd has detected that the folder pair C-temp-Lacie-temp has not been synchronized yet. Please run SyncToy.exe to complete the initial synchronization.
SYNC: 11/30/2021 17:00:01:842: -------------------------------------------------------------------------
SYNC: 11/30/2021 17:00:01:852: Starting SyncToyCmd, version 2.1.0.0, built 10/19/2009 2:58:16 AM.
SYNC: 11/30/2021 17:00:01:893: *** Failed to execute folder pair C-temp-Lacie-temp. Could not locate folder D:\temp\.
SYNC: 12/02/2021 17:00:01:491: -------------------------------------------------------------------------
SYNC: 12/02/2021 17:00:01:502: Starting SyncToyCmd, version 2.1.0.0, built 10/19/2009 2:58:16 AM.
SYNC: 12/02/2021 17:00:01:550: *** Failed to execute folder pair C-temp-Lacie-temp. Could not locate folder D:\temp\.
SYNC: 12/03/2021 17:00:01:485: -------------------------------------------------------------------------
SYNC: 12/03/2021 17:00:01:496: Starting SyncToyCmd, version 2.1.0.0, built 10/19/2009 2:58:16 AM.
SYNC: 12/03/2021 17:00:01:538: *** Failed to execute folder pair C-temp-Lacie-temp. Could not locate folder C:\temp\.
SYNC: 12/06/2021 17:00:01:588: -------------------------------------------------------------------------
SYNC: 12/06/2021 17:00:01:599: Starting SyncToyCmd, version 2.1.0.0, built 10/19/2009 2:58:16 AM.
SYNC: 12/06/2021 17:00:01:642: *** Failed to execute folder pair C-temp-Lacie-temp. Could not locate folder C:\temp\.
SYNC: 12/07/2021 17:00:01:718: -------------------------------------------------------------------------
SYNC: 12/07/2021 17:00:01:733: Starting SyncToyCmd, version 2.1.0.0, built 10/19/2009 2:58:16 AM.
SYNC: 12/07/2021 17:00:01:804: *** Failed to execute folder pair C-temp-Lacie-temp. Could not locate folder C:\temp\.
SYNC: 12/08/2021 17:00:02:440: -------------------------------------------------------------------------
SYNC: 12/08/2021 17:00:02:452: Starting SyncToyCmd, version 2.1.0.0, built 10/19/2009 2:58:16 AM.
SYNC: 12/08/2021 17:00:02:533: *** Failed to execute folder pair C-temp-Lacie-temp. Could not locate folder C:\temp\.
SYNC: 12/09/2021 17:00:02:072: -------------------------------------------------------------------------
SYNC: 12/09/2021 17:00:02:084: Starting SyncToyCmd, version 2.1.0.0, built 10/19/2009 2:58:16 AM.
SYNC: 12/09/2021 17:00:02:178: *** Failed to execute folder pair C-temp-Lacie-temp. Could not locate folder C:\temp\.
SYNC: 12/10/2021 19:01:26:214: -------------------------------------------------------------------------
SYNC: 12/10/2021 19:01:26:232: Starting SyncToyCmd, version 2.1.0.0, built 10/19/2009 2:58:16 AM.
SYNC: 12/10/2021 19:01:26:285: *** Failed to execute folder pair C-temp-Lacie-temp. Could not locate folder C:\temp\.
SYNC: 12/11/2021 17:00:01:654: -------------------------------------------------------------------------
SYNC: 12/11/2021 17:00:01:664: Starting SyncToyCmd, version 2.1.0.0, built 10/19/2009 2:58:16 AM.
SYNC: 12/11/2021 17:00:01:709: *** Failed to execute folder pair C-temp-Lacie-temp. Could not locate folder C:\temp\.
SYNC: 12/12/2021 17:00:01:821: -------------------------------------------------------------------------
SYNC: 12/12/2021 17:00:01:833: Starting SyncToyCmd, version 2.1.0.0, built 10/19/2009 2:58:16 AM.
SYNC: 12/12/2021 17:00:01:879: *** Failed to execute folder pair C-temp-Lacie-temp. Could not locate folder C:\temp\.
SYNC: 12/14/2021 17:00:02:283: -------------------------------------------------------------------------
SYNC: 12/14/2021 17:00:02:321: Starting SyncToyCmd, version 2.1.0.0, built 10/19/2009 2:58:16 AM.
SYNC: 12/14/2021 17:00:02:402: *** Failed to execute folder pair C-temp-Lacie-temp. Could not locate folder C:\temp\.
SYNC: 12/15/2021 17:00:02:914: -------------------------------------------------------------------------
SYNC: 12/15/2021 17:00:02:926: Starting SyncToyCmd, version 2.1.0.0, built 10/19/2009 2:58:16 AM.
SYNC: 12/15/2021 17:00:02:989: *** Failed to execute folder pair C-temp-Lacie-temp. Could not locate folder C:\temp\.
SYNC: 12/16/2021 17:00:01:944: -------------------------------------------------------------------------
SYNC: 12/16/2021 17:00:01:955: Starting SyncToyCmd, version 2.1.0.0, built 10/19/2009 2:58:16 AM.
SYNC: 12/16/2021 17:00:02:004: *** Failed to execute folder pair C-temp-Lacie-temp. Could not locate folder C:\temp\.
SYNC: 12/16/2021 20:39:58:787: -------------------------------------------------------------------------
SYNC: 12/16/2021 20:39:58:790: Starting SyncToy, version 2.1.0.0, built 10/19/2009 2:58:16 AM.
SYNC: 12/16/2021 20:42:22:250: -------------------------------------------------------------------------
SYNC: 12/16/2021 20:42:22:253: Starting SyncToy, version 2.1.0.0, built 10/19/2009 2:58:16 AM.
SYNC: 12/16/2021 20:43:33:523: Started scanning directory : D:\cameratraps2\
SYNC: 12/16/2021 20:43:33:523: Started scanning directory : G:\backup-cameratraps\
SYNC: 12/16/2021 20:45:28:751: Stopped scanning directory : D:\cameratraps2\
SYNC: 12/16/2021 20:46:59:010: Stopped scanning directory : G:\backup-cameratraps\
SYNC: 12/16/2021 20:54:11:047: Preview of SNR3-Lacie-camertraps2 (D:\cameratraps2\, G:\backup-cameratraps\) in time 00:10:37:525.
SyncToy action was 'Echo'
Found 266489 actions to perform.
Found 360,366 files that did not require action.
Analyzed 565.3 files per second.
Avoided copying 469,748,794,982 bytes in 360,366 files.
Saved approximately 20:58:17:00 by not copying any files.

SYNC: 12/16/2021 21:18:11:875: *** Error: Unknown error. The request could not be performed because of an I/O device error. (Exception from HRESULT: 0x8007045D) Copying D:\cameratraps2\BUO23\BUO23_20210525_20210624\108EK113\2021-06-21-12-57-38_1.JPG to G:\backup-cameratraps\BUO23\BUO23_20210525_20210624\108EK113\2021-06-21-12-57-38_1.JPG 

Error: Unknown error. A device which does not exist was specified. (Exception from HRESULT: 0x800701B1) Copying D:\cameratraps2\BUO23\BUO23_20210525_20210624\108EK113\2021-06-21-12-57-40.JPG to G:\backup-cameratraps\BUO23\BUO23_20210525_20210624\108EK113\2021-06-21-12-57-40.JPG 

Error: Unknown error. A device which does not exist was specified. (Exception from HRESULT: 0x800701B1) Copying D:\cameratraps2\BUO23\BUO23_20210525_20210624\108EK113\2021-06-21-12-57-48.JPG to G:\backup-cameratraps\BUO23\BUO23_20210525_20210624\108EK113\2021-06-21-12-57-48.JPG 

Error: Cannot read from the source file D:\cameratraps2\BUO23\BUO23_20210525_20210624\108EK113\2021-06-21-12-58-16.JPG. A device which does not exist was specified. (Exception from HRESULT: 0x800701B1) Copying D:\cameratraps2\BUO23\BUO23_20210525_20210624\108EK113\2021-06-21-12-58-16.JPG to G:\backup-cameratraps\BUO23\BUO23_20210525_20210624\108EK113\2021-06-21-12-58-16.JPG 

Error: Cannot read from the source file D:\cameratraps2\BUO23\BUO23_20210525_20210624\108EK113\2021-06-21-12-58-22.JPG. A device which does not exist was specified. (Exception from HRESULT: 0x800701B1) Copying D:\cameratraps2\BUO23\BUO23_20210525_20210624\108EK113\2021-06-21-12-58-22.JPG to G:\backup-cameratraps\BUO23\BUO23_20210525_20210624\108EK113\2021-06-21-12-58-22.JPG 

Error: Cannot read from the source file D:\cameratraps2\BUO23\BUO23_20210525_20210624\108EK113\2021-06-21-12-58-40.JPG. A device which does not exist was specified. (Exception from HRESULT: 0x800701B1) Copying D:\cameratraps2\BUO23\BUO23_20210525_20210624\108EK113\2021-06-21-12-58-40.JPG to G:\backup-cameratraps\BUO23\BUO23_20210525_20210624\108EK113\2021-06-21-12-58-40.JPG 

Error: Cannot read from the source file D:\cameratraps2\BUO23\BUO23_20210525_20210624\108EK113\2021-06-21-12-58-42.JPG. A device which does not exist was specified. (Exception from HRESULT: 0x800701B1) Copying D:\cameratraps2\BUO23\BUO23_20210525_20210624\108EK113\2021-06-21-12-58-42.JPG to G:\backup-cameratraps\BUO23\BUO23_20210525_20210624\108EK113\2021-06-21-12-58-42.JPG 

Error: Cannot read from the source file D:\cameratraps2\BUO23\BUO23_20210525_20210624\108EK113\2021-06-21-13-02-26.JPG. A device which does not exist was specified. (Exception from HRESULT: 0x800701B1) Copying D:\cameratraps2\BUO23\BUO23_20210525_20210624\108EK113\2021-06-21-13-02-26.JPG to G:\backup-cameratraps\BUO23\BUO23_20210525_20210624\108EK113\2021-06-21-13-02-26.JPG 

Error: Cannot read from the source file D:\cameratraps2\BUO23\BUO23_20210525_20210624\108EK113\2021-06-21-13-02-26_1.JPG. A device which does not exist was specified. (Exception from HRESULT: 0x800701B1) Copying D:\cameratraps2\BUO23\BUO23_20210525_20210624\108EK113\2021-06-21-13-02-26_1.JPG to G:\backup-cameratraps\BUO23\BUO23_20210525_20210624\108EK113\2021-06-21-13-02-26_1.JPG 

Error: Cannot read from the source file D:\cameratraps2\BUO23\BUO23_20210525_20210624\108EK113\2021-06-21-13-02-28.JPG. A device which does not exist was specified. (Exception from HRESULT: 0x800701B1) Copying D:\cameratraps2\BUO23\BUO23_20210525_20210624\108EK113\2021-06-21-13-02-28.JPG to G:\backup-cameratraps\BUO23\BUO23_20210525_20210624\108EK113\2021-06-21-13-02-28.JPG 

Error: Cannot read from the source file D:\cameratraps2\BUO23\BUO23_20210525_20210624\108EK113\2021-06-21-13-02-40.JPG. A device which does not exist was specified. (Exception from HRESULT: 0x800701B1) Copying D:\cameratraps2\BUO23\BUO23_20210525_20210624\108EK113\2021-06-21-13-02-40.JPG to G:\backup-cameratraps\BUO23\BUO23_20210525_20210624\108EK113\2021-06-21-13-02-40.JPG 

Error: Cannot read from the source file D:\cameratraps2\BUO23\BUO23_20210525_20210624\108EK113\2021-06-21-13-03-26.JPG. A device which does not exist was specified. (Exception from HRESULT: 0x800701B1) Copying D:\cameratraps2\BUO23\BUO23_20210525_20210624\108EK113\2021-06-21-13-03-26.JPG to G:\backup-cameratraps\BUO23\BUO23_20210525_20210624\108EK113\2021-06-21-13-03-26.JPG 

Error: Cannot read from the source file D:\cameratraps2\BUO23\BUO23_20210525_20210624\108EK113\2021-06-21-13-04-42.JPG. A device which does not exist was specified. (Exception from HRESULT: 0x800701B1) Copying D:\cameratraps2\BUO23\BUO23_20210525_20210624\108EK113\2021-06-21-13-04-42.JPG to G:\backup-cameratraps\BUO23\BUO23_20210525_20210624\108EK113\2021-06-21-13-04-42.JPG 

Error: Cannot read from the source file D:\cameratraps2\BUO23\BUO23_20210525_20210624\108EK113\2021-06-21-13-24-58.JPG. A device which does not exist was specified. (Exception from HRESULT: 0x800701B1) Copying D:\cameratraps2\BUO23\BUO23_20210525_20210624\108EK113\2021-06-21-13-24-58.JPG to G:\backup-cameratraps\BUO23\BUO23_20210525_20210624\108EK113\2021-06-21-13-24-58.JPG 

Error: Cannot read from the source file D:\cameratraps2\BUO23\BUO23_20210525_20210624\108EK113\2021-06-21-13-42-12.JPG. A device which does not exist was specified. (Exception from HRESULT: 0x800701B1) Copying D:\cameratraps2\BUO23\BUO23_20210525_20210624\108EK113\2021-06-21-13-42-12.JPG to G:\backup-cameratraps\BUO23\BUO23_20210525_20210624\108EK113\2021-06-21-13-42-12.JPG 

Error: Cannot read from the source file D:\cameratraps2\BUO23\BUO23_20210525_20210624\108EK113\2021-06-21-13-42-16.JPG. A device which does not exist was specified. (Exception from HRESULT: 0x800701B1) Copying D:\cameratraps2\BUO23\BUO23_20210525_20210624\108EK113\2021-06-21-13-42-16.JPG to G:\backup-cameratraps\BUO23\BUO23_20210525_20210624\108EK113\2021-06-21-13-42-16.JPG 

Error: Cannot read from the source file D:\cameratraps2\BUO23\BUO23_20210525_20210624\108EK113\2021-06-21-13-50-30.JPG. A device which does not exist was specified. (Exception from HRESULT: 0x800701B1) Copying D:\cameratraps2\BUO23\BUO23_20210525_20210624\108EK113\2021-06-21-13-50-30.JPG to G:\backup-cameratraps\BUO23\BUO23_20210525_20210624\108EK113\2021-06-21-13-50-30.JPG 

Error: Cannot read from the source file D:\cameratraps2\BUO23\BUO23_20210525_20210624\108EK113\2021-06-21-13-50-34.JPG. A device which does not exist was specified. (Exception from HRESULT: 0x800701B1) Copying D:\cameratraps2\BUO23\BUO23_20210525_20210624\108EK113\2021-06-21-13-50-34.JPG to G:\backup-cameratraps\BUO23\BUO23_20210525_20210624\108EK113\2021-06-21-13-50-34.JPG 

Error: Cannot read from the source file D:\cameratraps2\BUO23\BUO23_20210525_20210624\108EK113\2021-06-21-13-58-06.JPG. A device which does not exist was specified. (Exception from HRESULT: 0x800701B1) Copying D:\cameratraps2\BUO23\BUO23_20210525_20210624\108EK113\2021-06-21-13-58-06.JPG to G:\backup-cameratraps\BUO23\BUO23_20210525_20210624\108EK113\2021-06-21-13-58-06.JPG 

Error: Cannot read from the source file D:\cameratraps2\BUO23\BUO23_20210525_20210624\108EK113\2021-06-21-13-58-40.JPG. A device which does not exist was specified. (Exception from HRESULT: 0x800701B1) Copying D:\cameratraps2\BUO23\BUO23_20210525_20210624\108EK113\2021-06-21-13-58-40.JPG to G:\backup-cameratraps\BUO23\BUO23_20210525_20210624\108EK113\2021-06-21-13-58-40.JPG 

Error: Cannot read from the source file D:\cameratraps2\BUO23\BUO23_20210525_20210624\108EK113\2021-06-21-13-58-50.JPG. A device which does not exist was specified. (Exception from HRESULT: 0x800701B1) Copying D:\cameratraps2\BUO23\BUO23_20210525_20210624\108EK113\2021-06-21-13-58-50.JPG to G:\backup-cameratraps\BUO23\BUO23_20210525_20210624\108EK113\2021-06-21-13-58-50.JPG 


SYNC: 12/16/2021 21:18:11:895: *** Exception during run: {0} : 
 Microsoft.Synchronization.SyncException: A device which does not exist was specified. (Exception from HRESULT: 0x800701B1) ---> System.Runtime.InteropServices.COMException (0x800701B1): A device which does not exist was specified. (Exception from HRESULT: 0x800701B1)
   at Microsoft.Synchronization.CoreInterop.ISyncSession.Start(CONFLICT_RESOLUTION_POLICY resolutionPolicy, _SYNC_SESSION_STATISTICS& pSyncSessionStatistics)
   at Microsoft.Synchronization.KnowledgeSyncOrchestrator.DoOneWaySyncHelper(SyncIdFormatGroup sourceIdFormats, SyncIdFormatGroup destinationIdFormats, KnowledgeSyncProviderConfiguration destinationConfiguration, SyncCallbacks DestinationCallbacks, ISyncProvider sourceProxy, ISyncProvider destinationProxy, ChangeDataAdapter callbackChangeDataAdapter, SyncDataConverter conflictDataConverter, Int32& changesApplied, Int32& changesFailed)
   --- End of inner exception stack trace ---
   at Microsoft.Synchronization.KnowledgeSyncOrchestrator.DoOneWaySyncHelper(SyncIdFormatGroup sourceIdFormats, SyncIdFormatGroup destinationIdFormats, KnowledgeSyncProviderConfiguration destinationConfiguration, SyncCallbacks DestinationCallbacks, ISyncProvider sourceProxy, ISyncProvider destinationProxy, ChangeDataAdapter callbackChangeDataAdapter, SyncDataConverter conflictDataConverter, Int32& changesApplied, Int32& changesFailed)
   at Microsoft.Synchronization.KnowledgeSyncOrchestrator.DoOneWayKnowledgeSync(SyncDataConverter sourceConverter, SyncDataConverter destinationConverter, SyncProvider sourceProvider, SyncProvider destinationProvider, Int32& changesApplied, Int32& changesFailed)
   at Microsoft.Synchronization.KnowledgeSyncOrchestrator.Synchronize()
   at Microsoft.Synchronization.SyncOrchestrator.Synchronize()
   at SyncToy.SyncEngine.CreateAndStartSession(FileSyncProvider destinationProvider, FileSyncProvider sourceProvider)
   at SyncToy.SyncEngine.RunSyncSessionsForChosenSyncType(FileSyncProvider leftProvider, FileSyncProvider rightProvider, SyncMode syncMode)
   at SyncToy.SyncEngine.Run(Boolean previewMode)
   at SyncToy.SyncEngine.Sync()
   at SyncToyUI.PreviewDialog.RunOnePair(SyncEngine syncEngine)
SYNC: 12/16/2021 21:18:11:896: *** Exception during run: A device which does not exist was specified. (Exception from HRESULT: 0x800701B1)
SYNC: 12/18/2021 17:00:01:787: -------------------------------------------------------------------------
SYNC: 12/18/2021 17:00:01:798: Starting SyncToyCmd, version 2.1.0.0, built 10/19/2009 2:58:16 AM.
SYNC: 12/18/2021 17:00:01:844: *** Failed to execute folder pair C-temp-Lacie-temp. Could not locate folder C:\temp\.
SYNC: 12/19/2021 17:00:01:750: -------------------------------------------------------------------------
SYNC: 12/19/2021 17:00:01:760: Starting SyncToyCmd, version 2.1.0.0, built 10/19/2009 2:58:16 AM.
SYNC: 12/19/2021 17:00:01:803: *** Failed to execute folder pair C-temp-Lacie-temp. Could not locate folder C:\temp\.
SYNC: 12/20/2021 17:00:01:857: -------------------------------------------------------------------------
SYNC: 12/20/2021 17:00:01:871: Starting SyncToyCmd, version 2.1.0.0, built 10/19/2009 2:58:16 AM.
SYNC: 12/20/2021 17:00:01:926: *** Failed to execute folder pair C-temp-Lacie-temp. Could not locate folder C:\temp\.
SYNC: 12/21/2021 17:00:01:623: -------------------------------------------------------------------------
SYNC: 12/21/2021 17:00:01:633: Starting SyncToyCmd, version 2.1.0.0, built 10/19/2009 2:58:16 AM.
SYNC: 12/21/2021 17:00:01:678: *** Failed to execute folder pair C-temp-Lacie-temp. Could not locate folder C:\temp\.
SYNC: 12/22/2021 17:00:01:821: -------------------------------------------------------------------------
SYNC: 12/22/2021 17:00:01:831: Starting SyncToyCmd, version 2.1.0.0, built 10/19/2009 2:58:16 AM.
SYNC: 12/22/2021 17:00:01:880: *** Failed to execute folder pair C-temp-Lacie-temp. Could not locate folder C:\temp\.
SYNC: 12/22/2021 18:41:23:206: -------------------------------------------------------------------------
SYNC: 12/22/2021 18:41:23:211: Starting SyncToy, version 2.1.0.0, built 10/19/2009 2:58:16 AM.
SYNC: 12/22/2021 18:42:29:201: Started scanning directory : D:\cameratraps2\
SYNC: 12/22/2021 18:42:29:201: Started scanning directory : G:\backup-cameratraps2\
SYNC: 12/22/2021 18:44:15:951: Stopped scanning directory : D:\cameratraps2\
SYNC: 12/22/2021 18:44:55:510: Stopped scanning directory : G:\backup-cameratraps2\
SYNC: 12/22/2021 18:55:30:087: Preview of SNR3-Lacie-camertraps2 (D:\cameratraps2\, G:\backup-cameratraps2\) in time 00:13:00:886.
SyncToy action was 'Echo'
Found 0 actions to perform.
Found 532,294 files that did not require action.
Analyzed 681.7 files per second.
Avoided copying 772,824,581,614 bytes in 532,294 files.
Saved approximately 21:20:49:00 by not copying any files.

SYNC: 12/22/2021 21:36:47:525: SyncToy run of SNR3-Lacie-camertraps2 (D:\cameratraps2\, G:\backup-cameratraps2\) completed at 12/22/2021 9:36:47 PM.
SyncToy action was 'Echo'.
SyncToy options were:
	Active for run all
	All files included
	No files excluded
	Do not check file contents
	Include read-only files
	Include hidden files
	Include system files
	Backup older files (send to Recycle Bin)
	All subfolders included
SyncToy run took 00:12:26:778.
Copied 0 bytes in 0 files in 00:12:26:778.
Bytes per second 0.0, files per second 0.0.
Avoided copying 772,824,581,614 bytes in 532,294 files that did not require action.
Saved approximately 21:20:49:00 by not copying all files.

SYNC: 12/23/2021 03:41:43:160: Started scanning directory : C:\Users\andre\temp\upload\
SYNC: 12/23/2021 03:41:43:161: Started scanning directory : D:\cameratraps2\
SYNC: 12/23/2021 03:43:26:847: Stopped scanning directory : D:\cameratraps2\
SYNC: 12/23/2021 03:43:40:555: Stopped scanning directory : C:\Users\andre\temp\upload\
SYNC: 12/23/2021 04:03:37:238: Preview of C-temp-upload-SNR3-camertraps2 (C:\Users\andre\temp\upload\, D:\cameratraps2\) in time 00:21:54:77.
SyncToy action was 'Synchronize'
Found 65598 actions to perform.
Found 532,170 files that did not require action.
Analyzed 405.0 files per second.
Avoided copying 772,804,904,168 bytes in 532,170 files.
Saved approximately 21:20:09:00 by not copying any files.

SYNC: 12/23/2021 10:07:14:092: Started scanning directory : G:\cameratraps2\
SYNC: 12/23/2021 10:07:14:092: Started scanning directory : C:\Users\andre\temp\upload\
SYNC: 12/23/2021 10:08:58:495: Stopped scanning directory : G:\cameratraps2\
SYNC: 12/23/2021 10:09:15:238: Stopped scanning directory : C:\Users\andre\temp\upload\
SYNC: 12/23/2021 10:20:39:488: Preview of C-temp-upload-SNR3-camertraps2 (C:\Users\andre\temp\upload\, G:\cameratraps2\) in time 00:13:25:397.
SyncToy action was 'Echo'
Found 65529 actions to perform.
Found 532,232 files that did not require action.
Analyzed 660.8 files per second.
Avoided copying 772,814,742,891 bytes in 532,232 files.
Saved approximately 21:20:29:00 by not copying any files.

SYNC: 12/23/2021 11:21:15:497: Started scanning directory : G:\cameratraps2\
SYNC: 12/23/2021 11:21:15:498: Started scanning directory : C:\Users\andre\temp\upload\
SYNC: 12/23/2021 11:23:22:433: Stopped scanning directory : G:\cameratraps2\
SYNC: 12/23/2021 11:23:57:075: Stopped scanning directory : C:\Users\andre\temp\upload\
SYNC: 12/23/2021 11:36:51:253: Preview of SNR3-cameratraps2-C-temp-upload (G:\cameratraps2\, C:\Users\andre\temp\upload\) in time 00:15:35:755.
SyncToy action was 'Echo'
Found 69 actions to perform.
Found 597,598 files that did not require action.
Analyzed 638.6 files per second.
Avoided copying 824,741,532,995 bytes in 597,598 files.
Saved approximately 02:11:23:00 by not copying any files.

SYNC: 12/23/2021 11:53:14:303: SyncToy run of SNR3-cameratraps2-C-temp-upload (G:\cameratraps2\, C:\Users\andre\temp\upload\) completed at 12/23/2021 11:53:14 AM.
SyncToy action was 'Echo'.
SyncToy options were:
	Active for run all
	All files included
	No files excluded
	Do not check file contents
	Include read-only files
	Include hidden files
	Include system files
	Backup older files (send to Recycle Bin)
	All subfolders included
SyncToy run took 00:12:53:187.
Copied 9,838,723 bytes in 62 files in 00:12:53:187.
Bytes per second 12,724.9, files per second 0.1.
Avoided copying 824,741,532,995 bytes in 597,598 files that did not require action.
Saved approximately 03:41:09:813 by not copying all files.

SYNC: 12/23/2021 11:54:09:238: Started scanning directory : G:\cameratraps2\
SYNC: 12/23/2021 11:54:09:238: Started scanning directory : C:\Users\andre\temp\upload\
SYNC: 12/23/2021 11:56:04:660: Stopped scanning directory : G:\cameratraps2\
SYNC: 12/23/2021 11:56:39:087: Stopped scanning directory : C:\Users\andre\temp\upload\
SYNC: 12/23/2021 11:56:40:600: Preview of SNR3-cameratraps2-C-temp-upload (G:\cameratraps2\, C:\Users\andre\temp\upload\) in time 00:02:31:362.
SyncToy action was 'Echo'
Found 2 actions to perform.
Found 597,721 files that did not require action.
Analyzed 3,948.9 files per second.
Avoided copying 824,759,964,047 bytes in 597,721 files.
Saved approximately 02:11:59:00 by not copying any files.

SYNC: 12/23/2021 11:56:51:771: SyncToy run of SNR3-cameratraps2-C-temp-upload (G:\cameratraps2\, C:\Users\andre\temp\upload\) completed at 12/23/2021 11:56:51 AM.
SyncToy action was 'Echo'.
SyncToy options were:
	Active for run all
	All files included
	No files excluded
	Do not check file contents
	Include read-only files
	Include hidden files
	Include system files
	Backup older files (send to Recycle Bin)
	All subfolders included
SyncToy run took 00:00:00:990.
Copied 30,404 bytes in 2 files in 00:00:00:990.
Bytes per second 30,698.5, files per second 2.0.
Avoided copying 824,759,964,047 bytes in 597,721 files that did not require action.
Saved approximately 22:53:42:908 by not copying all files.

SYNC: 12/23/2021 13:41:06:421: Started scanning directory : G:\cameratraps2\
SYNC: 12/23/2021 13:41:06:421: Started scanning directory : C:\Users\andre\temp\upload\
SYNC: 12/23/2021 13:42:45:989: Stopped scanning directory : G:\cameratraps2\
SYNC: 12/23/2021 13:43:37:948: Stopped scanning directory : C:\Users\andre\temp\upload\
SYNC: 12/23/2021 13:43:40:659: Preview of SNR3-cameratraps2-C-temp-upload (G:\cameratraps2\, C:\Users\andre\temp\upload\) in time 00:02:34:238.
SyncToy action was 'Echo'
Found 506 actions to perform.
Found 597,718 files that did not require action.
Analyzed 3,875.3 files per second.
Avoided copying 824,760,024,502 bytes in 597,718 files.
Saved approximately 02:12:00:00 by not copying any files.

SYNC: 12/23/2021 13:46:07:532: SyncToy run of SNR3-cameratraps2-C-temp-upload (G:\cameratraps2\, C:\Users\andre\temp\upload\) completed at 12/23/2021 1:46:07 PM.
SyncToy action was 'Echo'.
SyncToy options were:
	Active for run all
	All files included
	No files excluded
	Do not check file contents
	Include read-only files
	Include hidden files
	Include system files
	Backup older files (send to Recycle Bin)
	All subfolders included
SyncToy run took 00:00:08:790.
Copied 633,413,568 bytes in 503 files in 00:00:08:790.
Bytes per second 72,057,190.7, files per second 57.2.
Avoided copying 824,760,024,502 bytes in 597,718 files that did not require action.
Saved approximately 03:10:45:909 by not copying all files.

SYNC: 12/23/2021 13:58:55:275: Started scanning directory : G:\cameratraps2\
SYNC: 12/23/2021 13:58:55:275: Started scanning directory : C:\Users\andre\temp\upload\
SYNC: 12/23/2021 14:00:20:148: Stopped scanning directory : G:\cameratraps2\
SYNC: 12/23/2021 14:01:04:197: Stopped scanning directory : C:\Users\andre\temp\upload\
SYNC: 12/23/2021 14:01:05:916: Preview of SNR3-cameratraps2-C-temp-upload (G:\cameratraps2\, C:\Users\andre\temp\upload\) in time 00:02:10:641.
SyncToy action was 'Echo'
Found 498 actions to perform.
Found 598,721 files that did not require action.
Analyzed 4,582.9 files per second.
Avoided copying 826,026,851,605 bytes in 598,721 files.
Saved approximately 02:54:13:00 by not copying any files.

SYNC: 12/23/2021 14:21:19:696: SyncToy run of SNR3-cameratraps2-C-temp-upload (G:\cameratraps2\, C:\Users\andre\temp\upload\) completed at 12/23/2021 2:21:19 PM.
SyncToy action was 'Echo'.
SyncToy options were:
	Active for run all
	All files included
	No files excluded
	Do not check file contents
	Include read-only files
	Include hidden files
	Include system files
	Backup older files (send to Recycle Bin)
	All subfolders included
SyncToy run took 00:00:07:013.
Copied 631,445,436 bytes in 497 files in 00:00:07:13.
Bytes per second 90,030,898.5, files per second 70.9.
Avoided copying 826,026,851,605 bytes in 598,721 files that did not require action.
Saved approximately 02:32:54:926 by not copying all files.

SYNC: 12/23/2021 16:54:35:865: Started scanning directory : C:\Users\andre\Dropbox\
SYNC: 12/23/2021 16:54:35:865: Started scanning directory : D:\backup-dropbox\
SYNC: 12/23/2021 16:56:57:930: Stopped scanning directory : C:\Users\andre\Dropbox\
SYNC: 12/23/2021 17:01:18:711: Stopped scanning directory : D:\backup-dropbox\
SYNC: 12/23/2021 17:36:29:825: Preview of C-dropbox-Lacie-dropbox (C:\Users\andre\Dropbox\, D:\backup-dropbox\) in time 00:41:53:961.
SyncToy action was 'Contribute'
Found 18355 actions to perform.
Found 608,959 files that did not require action.
Analyzed 242.2 files per second.
Avoided copying 1,868,223,072,897 bytes in 608,959 files.
Saved approximately 05:54:06:00 by not copying any files.

SYNC: 12/23/2021 23:25:14:094: SyncToy run of C-dropbox-Lacie-dropbox (C:\Users\andre\Dropbox\, D:\backup-dropbox\) completed at 12/23/2021 11:25:14 PM.
SyncToy action was 'Contribute'.
SyncToy options were:
	Active for run all
	All files included
	No files excluded
	Do not check file contents
	Include read-only files
	Include hidden files
	Include system files
	Backup older files (send to Recycle Bin)
	All subfolders included
SyncToy run took 02:55:14:543.
Copied 26,393,332,427 bytes in 15,769 files in 02:55:14:543.
Bytes per second 2,510,173.8, files per second 1.5.
Avoided copying 1,868,223,072,897 bytes in 608,959 files that did not require action.
Saved approximately 14:44:20:436 by not copying all files.
Warning: 18 failures occured.
You can retry by selecting "Run" again or select "Preview" to see
the operations that remain to be performed.

SYNC: 12/23/2021 23:25:14:094: *** Error: The source file has been modified during the synchronization process. Item changed unexpectedly during synchronization. Copying C:\Users\andre\Dropbox\Rproj\grazing-interaction\.git\FETCH_HEAD to D:\backup-dropbox\Rproj\grazing-interaction\.git\FETCH_HEAD 

Error: Cannot read from the source file C:\Users\andre\Dropbox\Camera Uploads\2021-11-20 11.23.57.jpg. The process cannot access the file because it is being used by another process. (Exception from HRESULT: 0x80070020) Copying C:\Users\andre\Dropbox\Camera Uploads\2021-11-20 11.23.57.jpg to D:\backup-dropbox\Camera Uploads\2021-11-20 11.23.57.jpg 

Error: Cannot read from the source file C:\Users\andre\Dropbox\Camera Uploads\2021-11-07 09.15.25.jpg. The process cannot access the file because it is being used by another process. (Exception from HRESULT: 0x80070020) Copying C:\Users\andre\Dropbox\Camera Uploads\2021-11-07 09.15.25.jpg to D:\backup-dropbox\Camera Uploads\2021-11-07 09.15.25.jpg 

Error: Cannot read from the source file C:\Users\andre\Dropbox\Camera Uploads\2021-12-04 12.28.24.mp4. The process cannot access the file because it is being used by another process. (Exception from HRESULT: 0x80070020) Copying C:\Users\andre\Dropbox\Camera Uploads\2021-12-04 12.28.24.mp4 to D:\backup-dropbox\Camera Uploads\2021-12-04 12.28.24.mp4 

Error: Cannot read from the source file Documents\Forest Ecology Term Paper\Managing Japanese Barberry (Ranunculales- Berberidaceae) Infestations Reduces Blacklegged Tick (Acari- Ixodidae) Abundance and Infection Prevalence with Borrelia burgdorferi (Spirochaetales- Spirochaetaceae).pdf. Path too long (Exception from HRESULT: 0x80010135) 

Error: Cannot read from the source file GoogleDrive\Grad School\Classes\Spring17_RNR696_Ecological_Modeling\Project\Backup_UniSim2-2.0.19_9Mar17\input\student\PestTox\PestTox_fate and transport_wbz0_2012 - sensitivity analysis_population vs concentrations in the water and topsoil.xml. Path too long (Exception from HRESULT: 0x80010135) 

Error: Cannot read from the source file GoogleDrive\Grad School\Classes\Spring17_RNR696_Ecological_Modeling\Project\Backup_UniSim2-2.0.19_9Mar17\input\student\PestTox\PestTox_fate and transport_wbz0_2013 - sensitivity analysis_population vs concentrations in the water and topsoil.xml. Path too long (Exception from HRESULT: 0x80010135) 

Error: Cannot read from the source file GoogleDrive\Grad School\Classes\Spring17_RNR696_Ecological_Modeling\Project\Backup_UniSim2-2.0.19_9Mar17\input\student\PestTox\PestTox_fate and transport_wbz30_2012 - sensitivity analysis_population vs concentrations in the water and topsoil.xml. Path too long (Exception from HRESULT: 0x80010135) 

Error: Cannot read from the source file GoogleDrive\Grad School\Classes\Spring17_RNR696_Ecological_Modeling\Project\Backup_UniSim2-2.0.19_9Mar17\input\student\PestTox\PestTox_fate and transport_wbz30_2013 - sensitivity analysis_population vs concentrations in the water and topsoil.xml. Path too long (Exception from HRESULT: 0x80010135) 

Error: Cannot read from the source file GoogleDrive\Grad School\Classes\Spring17_RNR696_Ecological_Modeling\Project\Backup_UniSim2-2.0.19_9Mar17\src\resources\data\input\student\PestTox\PestTox_fate and transport_Pnsz0_2012 - sensitivity analysis_buffer zone width vs runoff.xml. Path too long (Exception from HRESULT: 0x80010135) 

Error: Cannot read from the source file GoogleDrive\Grad School\Classes\Spring17_RNR696_Ecological_Modeling\Project\Backup_UniSim2-2.0.19_9Mar17\src\resources\data\input\student\PestTox\PestTox_fate and transport_Pnsz0_2013 - sensitivity analysis_buffer zone width vs runoff.xml. Path too long (Exception from HRESULT: 0x80010135) 

Error: Cannot read from the source file GoogleDrive\Grad School\Classes\Spring17_RNR696_Ecological_Modeling\Project\Backup_UniSim2-2.0.19_9Mar17\src\resources\data\input\student\PestTox\PestTox_fate and transport_Pnsz30_2012 - sensitivity analysis_buffer zone width vs runoff.xml. Path too long (Exception from HRESULT: 0x80010135) 

Error: Cannot read from the source file GoogleDrive\Grad School\Classes\Spring17_RNR696_Ecological_Modeling\Project\Backup_UniSim2-2.0.19_9Mar17\src\resources\data\input\student\PestTox\PestTox_fate and transport_Pnsz30_2013 - sensitivity analysis_buffer zone width vs runoff.xml. Path too long (Exception from HRESULT: 0x80010135) 

Error: Cannot read from the source file GoogleDrive\Grad School\Classes\Spring17_RNR696_Ecological_Modeling\Project\Backup_UniSim2-2.0.19_9Mar17\src\resources\data\input\student\PestTox\PestTox_fate and transport_wbz30_2012 - sensitivity analysis_population vs eggs per female.xml. Path too long (Exception from HRESULT: 0x80010135) 

Error: Cannot read from the source file GoogleDrive\Grad School\Classes\Spring17_RNR696_Ecological_Modeling\Project\Backup_UniSim2-2.0.19_9Mar17\src\resources\data\input\student\PestTox\PestTox_fate and transport_wbz30_2012 - sensitivity analysis_rainfall vs macropore flow.xml. Path too long (Exception from HRESULT: 0x80010135) 

Error: Cannot read from the source file GoogleDrive\Grad School\Classes\Spring17_RNR696_Ecological_Modeling\Project\Backup_UniSim2-2.0.19_9Mar17\src\resources\data\input\student\PestTox\PestTox_fate and transport_wbz30_2013 - sensitivity analysis_population vs eggs per female.xml. Path too long (Exception from HRESULT: 0x80010135) 

Error: Cannot read from the source file GoogleDrive\Grad School\Classes\Spring17_RNR696_Ecological_Modeling\Project\Backup_UniSim2-2.0.19_9Mar17\src\resources\data\input\student\PestTox\PestTox_fate and transport_wbz30_2013 - sensitivity analysis_rainfall vs macropore flow.xml. Path too long (Exception from HRESULT: 0x80010135) 

Error: Cannot read from the source file MS_Project\Cybertracker\Archive\Folder_Backup_20June2017_1927\Tablet_Backups\UA01_6Mar17\Android\data\com.symantec.mobilesecurity\files\symantec_update_temp\4\appinsight beryllium_1.0\appinsight$20beryllium_1.0_symalllanguages_livetri.zip. Path too long (Exception from HRESULT: 0x80010135) 


SYNC: 12/24/2021 03:54:38:424: Started scanning directory : C:\Users\andre\Dropbox\
SYNC: 12/24/2021 03:54:38:425: Started scanning directory : D:\backup-dropbox\
SYNC: 12/24/2021 03:56:46:629: Stopped scanning directory : C:\Users\andre\Dropbox\
SYNC: 12/24/2021 04:01:16:862: Stopped scanning directory : D:\backup-dropbox\
SYNC: 12/24/2021 04:38:27:972: Preview of C-dropbox-Lacie-dropbox (C:\Users\andre\Dropbox\, D:\backup-dropbox\) in time 00:43:49:547.
SyncToy action was 'Contribute'
Found 3 actions to perform.
Found 639,777 files that did not require action.
Analyzed 243.3 files per second.
Avoided copying 1,919,765,091,617 bytes in 639,777 files.
Saved approximately 10:32:10:00 by not copying any files.

SYNC: 12/24/2021 08:56:52:277: SyncToy run of C-dropbox-Lacie-dropbox (C:\Users\andre\Dropbox\, D:\backup-dropbox\) completed at 12/24/2021 8:56:52 AM.
SyncToy action was 'Contribute'.
SyncToy options were:
	Active for run all
	All files included
	No files excluded
	Do not check file contents
	Include read-only files
	Include hidden files
	Include system files
	Backup older files (send to Recycle Bin)
	All subfolders included
SyncToy run took 01:12:03:696.
Copied 1,323 bytes in 3 files in 01:12:03:696.
Bytes per second 0.3, files per second 0.0.
Avoided copying 1,919,765,091,617 bytes in 639,777 files that did not require action.
Warning: 15 failures occured.
You can retry by selecting "Run" again or select "Preview" to see
the operations that remain to be performed.

SYNC: 12/24/2021 08:56:52:277: *** Error: The source file has been modified during the synchronization process. Item changed unexpectedly during synchronization. Copying C:\Users\andre\Dropbox\Rproj\grazing-interaction\.git\FETCH_HEAD to D:\backup-dropbox\Rproj\grazing-interaction\.git\FETCH_HEAD 

Error: Cannot read from the source file Documents\Forest Ecology Term Paper\Managing Japanese Barberry (Ranunculales- Berberidaceae) Infestations Reduces Blacklegged Tick (Acari- Ixodidae) Abundance and Infection Prevalence with Borrelia burgdorferi (Spirochaetales- Spirochaetaceae).pdf. Path too long (Exception from HRESULT: 0x80010135) 

Error: Cannot read from the source file GoogleDrive\Grad School\Classes\Spring17_RNR696_Ecological_Modeling\Project\Backup_UniSim2-2.0.19_9Mar17\input\student\PestTox\PestTox_fate and transport_wbz0_2012 - sensitivity analysis_population vs concentrations in the water and topsoil.xml. Path too long (Exception from HRESULT: 0x80010135) 

Error: Cannot read from the source file GoogleDrive\Grad School\Classes\Spring17_RNR696_Ecological_Modeling\Project\Backup_UniSim2-2.0.19_9Mar17\input\student\PestTox\PestTox_fate and transport_wbz0_2013 - sensitivity analysis_population vs concentrations in the water and topsoil.xml. Path too long (Exception from HRESULT: 0x80010135) 

Error: Cannot read from the source file GoogleDrive\Grad School\Classes\Spring17_RNR696_Ecological_Modeling\Project\Backup_UniSim2-2.0.19_9Mar17\input\student\PestTox\PestTox_fate and transport_wbz30_2012 - sensitivity analysis_population vs concentrations in the water and topsoil.xml. Path too long (Exception from HRESULT: 0x80010135) 

Error: Cannot read from the source file GoogleDrive\Grad School\Classes\Spring17_RNR696_Ecological_Modeling\Project\Backup_UniSim2-2.0.19_9Mar17\input\student\PestTox\PestTox_fate and transport_wbz30_2013 - sensitivity analysis_population vs concentrations in the water and topsoil.xml. Path too long (Exception from HRESULT: 0x80010135) 

Error: Cannot read from the source file GoogleDrive\Grad School\Classes\Spring17_RNR696_Ecological_Modeling\Project\Backup_UniSim2-2.0.19_9Mar17\src\resources\data\input\student\PestTox\PestTox_fate and transport_Pnsz0_2012 - sensitivity analysis_buffer zone width vs runoff.xml. Path too long (Exception from HRESULT: 0x80010135) 

Error: Cannot read from the source file GoogleDrive\Grad School\Classes\Spring17_RNR696_Ecological_Modeling\Project\Backup_UniSim2-2.0.19_9Mar17\src\resources\data\input\student\PestTox\PestTox_fate and transport_Pnsz0_2013 - sensitivity analysis_buffer zone width vs runoff.xml. Path too long (Exception from HRESULT: 0x80010135) 

Error: Cannot read from the source file GoogleDrive\Grad School\Classes\Spring17_RNR696_Ecological_Modeling\Project\Backup_UniSim2-2.0.19_9Mar17\src\resources\data\input\student\PestTox\PestTox_fate and transport_Pnsz30_2012 - sensitivity analysis_buffer zone width vs runoff.xml. Path too long (Exception from HRESULT: 0x80010135) 

Error: Cannot read from the source file GoogleDrive\Grad School\Classes\Spring17_RNR696_Ecological_Modeling\Project\Backup_UniSim2-2.0.19_9Mar17\src\resources\data\input\student\PestTox\PestTox_fate and transport_Pnsz30_2013 - sensitivity analysis_buffer zone width vs runoff.xml. Path too long (Exception from HRESULT: 0x80010135) 

Error: Cannot read from the source file GoogleDrive\Grad School\Classes\Spring17_RNR696_Ecological_Modeling\Project\Backup_UniSim2-2.0.19_9Mar17\src\resources\data\input\student\PestTox\PestTox_fate and transport_wbz30_2012 - sensitivity analysis_population vs eggs per female.xml. Path too long (Exception from HRESULT: 0x80010135) 

Error: Cannot read from the source file GoogleDrive\Grad School\Classes\Spring17_RNR696_Ecological_Modeling\Project\Backup_UniSim2-2.0.19_9Mar17\src\resources\data\input\student\PestTox\PestTox_fate and transport_wbz30_2012 - sensitivity analysis_rainfall vs macropore flow.xml. Path too long (Exception from HRESULT: 0x80010135) 

Error: Cannot read from the source file GoogleDrive\Grad School\Classes\Spring17_RNR696_Ecological_Modeling\Project\Backup_UniSim2-2.0.19_9Mar17\src\resources\data\input\student\PestTox\PestTox_fate and transport_wbz30_2013 - sensitivity analysis_population vs eggs per female.xml. Path too long (Exception from HRESULT: 0x80010135) 

Error: Cannot read from the source file GoogleDrive\Grad School\Classes\Spring17_RNR696_Ecological_Modeling\Project\Backup_UniSim2-2.0.19_9Mar17\src\resources\data\input\student\PestTox\PestTox_fate and transport_wbz30_2013 - sensitivity analysis_rainfall vs macropore flow.xml. Path too long (Exception from HRESULT: 0x80010135) 

Error: Cannot read from the source file MS_Project\Cybertracker\Archive\Folder_Backup_20June2017_1927\Tablet_Backups\UA01_6Mar17\Android\data\com.symantec.mobilesecurity\files\symantec_update_temp\4\appinsight beryllium_1.0\appinsight$20beryllium_1.0_symalllanguages_livetri.zip. Path too long (Exception from HRESULT: 0x80010135) 


SYNC: 12/24/2021 17:00:01:995: -------------------------------------------------------------------------
SYNC: 12/24/2021 17:00:02:007: Starting SyncToyCmd, version 2.1.0.0, built 10/19/2009 2:58:16 AM.
SYNC: 12/24/2021 17:00:02:057: *** Failed to execute folder pair C-temp-Lacie-temp. Could not locate folder C:\temp\.
SYNC: 12/25/2021 17:00:01:999: -------------------------------------------------------------------------
SYNC: 12/25/2021 17:00:02:011: Starting SyncToyCmd, version 2.1.0.0, built 10/19/2009 2:58:16 AM.
SYNC: 12/25/2021 17:00:02:079: *** Failed to execute folder pair C-temp-Lacie-temp. Could not locate folder C:\temp\.
SYNC: 12/26/2021 17:00:02:237: -------------------------------------------------------------------------
SYNC: 12/26/2021 17:00:02:246: Starting SyncToyCmd, version 2.1.0.0, built 10/19/2009 2:58:16 AM.
SYNC: 12/26/2021 17:00:02:293: *** Failed to execute folder pair C-temp-Lacie-temp. Could not locate folder C:\temp\.
SYNC: 12/27/2021 17:00:02:205: -------------------------------------------------------------------------
SYNC: 12/27/2021 17:00:02:214: Starting SyncToyCmd, version 2.1.0.0, built 10/19/2009 2:58:16 AM.
SYNC: 12/27/2021 17:00:02:256: *** Failed to execute folder pair C-temp-Lacie-temp. Could not locate folder C:\temp\.
SYNC: 12/28/2021 17:00:02:238: -------------------------------------------------------------------------
SYNC: 12/28/2021 17:00:02:247: Starting SyncToyCmd, version 2.1.0.0, built 10/19/2009 2:58:16 AM.
SYNC: 12/28/2021 17:00:02:290: *** Failed to execute folder pair C-temp-Lacie-temp. Could not locate folder C:\temp\.
SYNC: 12/29/2021 10:31:05:114: -------------------------------------------------------------------------
SYNC: 12/29/2021 10:31:05:117: Starting SyncToy, version 2.1.0.0, built 10/19/2009 2:58:16 AM.
SYNC: 12/29/2021 10:31:12:993: Started scanning directory : C:\Users\andre\Dropbox\
SYNC: 12/29/2021 10:31:12:994: Started scanning directory : D:\backup-dropbox\
SYNC: 12/29/2021 10:33:20:865: Stopped scanning directory : C:\Users\andre\Dropbox\
SYNC: 12/29/2021 10:38:20:989: Stopped scanning directory : D:\backup-dropbox\
SYNC: 12/29/2021 11:19:04:054: Preview of C-dropbox-Lacie-dropbox (C:\Users\andre\Dropbox\, D:\backup-dropbox\) in time 00:47:51:62.
SyncToy action was 'Contribute'
Found 36 actions to perform.
Found 639,779 files that did not require action.
Analyzed 222.8 files per second.
Avoided copying 1,919,765,092,378 bytes in 639,779 files.
Saved approximately 10:32:10:00 by not copying any files.

SYNC: 12/29/2021 13:01:32:045: SyncToy run of C-dropbox-Lacie-dropbox (C:\Users\andre\Dropbox\, D:\backup-dropbox\) completed at 12/29/2021 1:01:32 PM.
SyncToy action was 'Contribute'.
SyncToy options were:
	Active for run all
	All files included
	No files excluded
	Do not check file contents
	Include read-only files
	Include hidden files
	Include system files
	Backup older files (send to Recycle Bin)
	All subfolders included
SyncToy run took 01:12:32:354.
Copied 69,713,936 bytes in 36 files in 01:12:32:354.
Bytes per second 16,017.5, files per second 0.0.
Avoided copying 1,919,765,092,378 bytes in 639,779 files that did not require action.
Saved approximately 04:47:44:226 by not copying all files.
Warning: 14 failures occured.
You can retry by selecting "Run" again or select "Preview" to see
the operations that remain to be performed.

SYNC: 12/29/2021 13:01:32:045: *** Error: Cannot read from the source file Documents\Forest Ecology Term Paper\Managing Japanese Barberry (Ranunculales- Berberidaceae) Infestations Reduces Blacklegged Tick (Acari- Ixodidae) Abundance and Infection Prevalence with Borrelia burgdorferi (Spirochaetales- Spirochaetaceae).pdf. Path too long (Exception from HRESULT: 0x80010135) 

Error: Cannot read from the source file GoogleDrive\Grad School\Classes\Spring17_RNR696_Ecological_Modeling\Project\Backup_UniSim2-2.0.19_9Mar17\input\student\PestTox\PestTox_fate and transport_wbz0_2012 - sensitivity analysis_population vs concentrations in the water and topsoil.xml. Path too long (Exception from HRESULT: 0x80010135) 

Error: Cannot read from the source file GoogleDrive\Grad School\Classes\Spring17_RNR696_Ecological_Modeling\Project\Backup_UniSim2-2.0.19_9Mar17\input\student\PestTox\PestTox_fate and transport_wbz0_2013 - sensitivity analysis_population vs concentrations in the water and topsoil.xml. Path too long (Exception from HRESULT: 0x80010135) 

Error: Cannot read from the source file GoogleDrive\Grad School\Classes\Spring17_RNR696_Ecological_Modeling\Project\Backup_UniSim2-2.0.19_9Mar17\input\student\PestTox\PestTox_fate and transport_wbz30_2012 - sensitivity analysis_population vs concentrations in the water and topsoil.xml. Path too long (Exception from HRESULT: 0x80010135) 

Error: Cannot read from the source file GoogleDrive\Grad School\Classes\Spring17_RNR696_Ecological_Modeling\Project\Backup_UniSim2-2.0.19_9Mar17\input\student\PestTox\PestTox_fate and transport_wbz30_2013 - sensitivity analysis_population vs concentrations in the water and topsoil.xml. Path too long (Exception from HRESULT: 0x80010135) 

Error: Cannot read from the source file GoogleDrive\Grad School\Classes\Spring17_RNR696_Ecological_Modeling\Project\Backup_UniSim2-2.0.19_9Mar17\src\resources\data\input\student\PestTox\PestTox_fate and transport_Pnsz0_2012 - sensitivity analysis_buffer zone width vs runoff.xml. Path too long (Exception from HRESULT: 0x80010135) 

Error: Cannot read from the source file GoogleDrive\Grad School\Classes\Spring17_RNR696_Ecological_Modeling\Project\Backup_UniSim2-2.0.19_9Mar17\src\resources\data\input\student\PestTox\PestTox_fate and transport_Pnsz0_2013 - sensitivity analysis_buffer zone width vs runoff.xml. Path too long (Exception from HRESULT: 0x80010135) 

Error: Cannot read from the source file GoogleDrive\Grad School\Classes\Spring17_RNR696_Ecological_Modeling\Project\Backup_UniSim2-2.0.19_9Mar17\src\resources\data\input\student\PestTox\PestTox_fate and transport_Pnsz30_2012 - sensitivity analysis_buffer zone width vs runoff.xml. Path too long (Exception from HRESULT: 0x80010135) 

Error: Cannot read from the source file GoogleDrive\Grad School\Classes\Spring17_RNR696_Ecological_Modeling\Project\Backup_UniSim2-2.0.19_9Mar17\src\resources\data\input\student\PestTox\PestTox_fate and transport_Pnsz30_2013 - sensitivity analysis_buffer zone width vs runoff.xml. Path too long (Exception from HRESULT: 0x80010135) 

Error: Cannot read from the source file GoogleDrive\Grad School\Classes\Spring17_RNR696_Ecological_Modeling\Project\Backup_UniSim2-2.0.19_9Mar17\src\resources\data\input\student\PestTox\PestTox_fate and transport_wbz30_2012 - sensitivity analysis_population vs eggs per female.xml. Path too long (Exception from HRESULT: 0x80010135) 

Error: Cannot read from the source file GoogleDrive\Grad School\Classes\Spring17_RNR696_Ecological_Modeling\Project\Backup_UniSim2-2.0.19_9Mar17\src\resources\data\input\student\PestTox\PestTox_fate and transport_wbz30_2012 - sensitivity analysis_rainfall vs macropore flow.xml. Path too long (Exception from HRESULT: 0x80010135) 

Error: Cannot read from the source file GoogleDrive\Grad School\Classes\Spring17_RNR696_Ecological_Modeling\Project\Backup_UniSim2-2.0.19_9Mar17\src\resources\data\input\student\PestTox\PestTox_fate and transport_wbz30_2013 - sensitivity analysis_population vs eggs per female.xml. Path too long (Exception from HRESULT: 0x80010135) 

Error: Cannot read from the source file GoogleDrive\Grad School\Classes\Spring17_RNR696_Ecological_Modeling\Project\Backup_UniSim2-2.0.19_9Mar17\src\resources\data\input\student\PestTox\PestTox_fate and transport_wbz30_2013 - sensitivity analysis_rainfall vs macropore flow.xml. Path too long (Exception from HRESULT: 0x80010135) 

Error: Cannot read from the source file MS_Project\Cybertracker\Archive\Folder_Backup_20June2017_1927\Tablet_Backups\UA01_6Mar17\Android\data\com.symantec.mobilesecurity\files\symantec_update_temp\4\appinsight beryllium_1.0\appinsight$20beryllium_1.0_symalllanguages_livetri.zip. Path too long (Exception from HRESULT: 0x80010135) 


SYNC: 12/29/2021 14:15:00:716: *** Failed to execute folder pair SNR3-Lacie-camertraps2. Could not locate folder G:\backup-cameratraps2\. 
SYNC: 12/29/2021 14:15:54:229: *** Failed to execute folder pair SNR3-Lacie-camertraps2. Could not locate folder D:\cameratraps2\. 
SYNC: 12/29/2021 14:16:16:665: Started scanning directory : C:\Users\andre\Zotero\
SYNC: 12/29/2021 14:16:16:665: Started scanning directory : D:\backup-zotero\
SYNC: 12/29/2021 14:16:19:051: Stopped scanning directory : C:\Users\andre\Zotero\
SYNC: 12/29/2021 14:16:21:148: Stopped scanning directory : D:\backup-zotero\
SYNC: 12/29/2021 14:16:22:144: Preview of C-zotero-Lacie-zotero (C:\Users\andre\Zotero\, D:\backup-zotero\) in time 00:00:05:479.
SyncToy action was 'Contribute'
Found 1109 actions to perform.
Found 12,548 files that did not require action.
Analyzed 2,290.2 files per second.
Avoided copying 1,704,751,335 bytes in 12,548 files.
Saved approximately 00:56:49:00 by not copying any files.

SYNC: 12/29/2021 14:20:36:791: SyncToy run of C-zotero-Lacie-zotero (C:\Users\andre\Zotero\, D:\backup-zotero\) completed at 12/29/2021 2:20:36 PM.
SyncToy action was 'Contribute'.
SyncToy options were:
	Active for run all
	All files included
	No files excluded
	Do not check file contents
	Include read-only files
	Include hidden files
	Include system files
	Backup older files (send to Recycle Bin)
	All subfolders included
SyncToy run took 00:01:24:831.
Copied 428,588,538 bytes in 980 files in 00:01:24:831.
Bytes per second 5,052,234.6, files per second 11.6.
Avoided copying 1,704,751,335 bytes in 12,548 files that did not require action.
Saved approximately 00:05:37:425 by not copying all files.

SYNC: 12/29/2021 14:39:44:714: Started scanning directory : G:\cameratraps2\
SYNC: 12/29/2021 14:39:44:714: Started scanning directory : D:\backup-cameratraps2\
SYNC: 12/29/2021 14:41:32:996: Stopped scanning directory : D:\backup-cameratraps2\
SYNC: 12/29/2021 14:41:34:400: Stopped scanning directory : G:\cameratraps2\
SYNC: 12/29/2021 14:51:10:272: Preview of SNR3-camertraps2-Lacie-cameratraps2 (G:\cameratraps2\, D:\backup-cameratraps2\) in time 00:11:25:558.
SyncToy action was 'Echo'
Found 1004 actions to perform.
Found 532,289 files that did not require action.
Analyzed 776.4 files per second.
Avoided copying 772,824,581,421 bytes in 532,289 files.
Saved approximately 21:20:49:00 by not copying any files.

SYNC: 12/29/2021 16:02:59:551: SyncToy run of SNR3-camertraps2-Lacie-cameratraps2 (G:\cameratraps2\, D:\backup-cameratraps2\) completed at 12/29/2021 4:02:59 PM.
SyncToy action was 'Echo'.
SyncToy options were:
	Active for run all
	All files included
	No files excluded
	Do not check file contents
	Include read-only files
	Include hidden files
	Include system files
	Backup older files (send to Recycle Bin)
	All subfolders included
SyncToy run took 00:14:51:887.
Copied 1,264,889,408 bytes in 1,002 files in 00:14:51:887.
Bytes per second 1,418,215.8, files per second 1.1.
Avoided copying 772,824,581,421 bytes in 532,289 files that did not require action.
Saved approximately 07:22:07:343 by not copying all files.

SYNC: 12/29/2021 16:10:38:255: Started scanning directory : G:\cameratraps2\
SYNC: 12/29/2021 16:10:38:255: Started scanning directory : C:\Users\andre\temp\upload\
SYNC: 12/29/2021 16:12:31:263: Stopped scanning directory : G:\cameratraps2\
SYNC: 12/29/2021 16:12:57:507: Stopped scanning directory : C:\Users\andre\temp\upload\
SYNC: 12/29/2021 16:24:48:388: Preview of SNR3-camertraps2-C-temp-upload (G:\cameratraps2\, C:\Users\andre\temp\upload\) in time 00:14:10:133.
SyncToy action was 'Echo'
Found 1 actions to perform.
Found 599,714 files that did not require action.
Analyzed 705.4 files per second.
Avoided copying 827,288,496,083 bytes in 599,714 files.
Saved approximately 03:36:16:00 by not copying any files.

SYNC: 12/29/2021 16:38:11:470: SyncToy run of SNR3-camertraps2-C-temp-upload (G:\cameratraps2\, C:\Users\andre\temp\upload\) completed at 12/29/2021 4:38:11 PM.
SyncToy action was 'Echo'.
SyncToy options were:
	Active for run all
	All files included
	No files excluded
	Do not check file contents
	Include read-only files
	Include hidden files
	Include system files
	Backup older files (send to Recycle Bin)
	All subfolders included
SyncToy run took 00:12:11:365.
Copied 1,246,394 bytes in 1 files in 00:12:11:365.
Bytes per second 1,704.2, files per second 0.0.
Avoided copying 827,288,496,083 bytes in 599,714 files that did not require action.
Saved approximately 12:37:18:285 by not copying all files.

SYNC: 12/30/2021 17:00:02:089: -------------------------------------------------------------------------
SYNC: 12/30/2021 17:00:02:100: Starting SyncToyCmd, version 2.1.0.0, built 10/19/2009 2:58:16 AM.
SYNC: 12/30/2021 17:00:02:142: *** Folder pair C-temp-Lacie-temp not found.
SYNC: 12/31/2021 17:00:02:365: -------------------------------------------------------------------------
SYNC: 12/31/2021 17:00:02:375: Starting SyncToyCmd, version 2.1.0.0, built 10/19/2009 2:58:16 AM.
SYNC: 12/31/2021 17:00:02:416: *** Folder pair C-temp-Lacie-temp not found.
SYNC: 01/01/2022 17:00:02:666: -------------------------------------------------------------------------
SYNC: 01/01/2022 17:00:02:675: Starting SyncToyCmd, version 2.1.0.0, built 10/19/2009 2:58:16 AM.
SYNC: 01/01/2022 17:00:02:715: *** Folder pair C-temp-Lacie-temp not found.
SYNC: 01/02/2022 17:00:02:603: -------------------------------------------------------------------------
SYNC: 01/02/2022 17:00:02:617: Starting SyncToyCmd, version 2.1.0.0, built 10/19/2009 2:58:16 AM.
SYNC: 01/02/2022 17:00:02:662: *** Folder pair C-temp-Lacie-temp not found.
SYNC: 01/03/2022 17:00:02:712: -------------------------------------------------------------------------
SYNC: 01/03/2022 17:00:02:725: Starting SyncToyCmd, version 2.1.0.0, built 10/19/2009 2:58:16 AM.
SYNC: 01/03/2022 17:00:02:778: *** Folder pair C-temp-Lacie-temp not found.
SYNC: 01/04/2022 17:00:02:766: -------------------------------------------------------------------------
SYNC: 01/04/2022 17:00:02:786: Starting SyncToyCmd, version 2.1.0.0, built 10/19/2009 2:58:16 AM.
SYNC: 01/04/2022 17:00:02:871: *** Folder pair C-temp-Lacie-temp not found.
SYNC: 01/04/2022 20:26:37:890: -------------------------------------------------------------------------
SYNC: 01/04/2022 20:26:37:895: Starting SyncToy, version 2.1.0.0, built 10/19/2009 2:58:16 AM.
SYNC: 01/04/2022 20:26:58:472: Started scanning directory : G:\cameratraps2\
SYNC: 01/04/2022 20:26:58:472: Started scanning directory : D:\backup-cameratraps2\
SYNC: 01/04/2022 20:29:11:358: Stopped scanning directory : G:\cameratraps2\
SYNC: 01/04/2022 20:29:29:780: Stopped scanning directory : D:\backup-cameratraps2\
SYNC: 01/04/2022 20:29:40:370: Preview of SNR3-camertraps2-Lacie-cameratraps2 (G:\cameratraps2\, D:\backup-cameratraps2\) in time 00:02:41:898.
SyncToy action was 'Echo'
Found 9128 actions to perform.
Found 534,290 files that did not require action.
Analyzed 3,300.1 files per second.
Avoided copying 775,354,360,204 bytes in 534,290 files.
Saved approximately 22:45:08:00 by not copying any files.

SYNC: 01/04/2022 20:37:37:752: SyncToy run of SNR3-camertraps2-Lacie-cameratraps2 (G:\cameratraps2\, D:\backup-cameratraps2\) completed at 1/4/2022 8:37:37 PM.
SyncToy action was 'Echo'.
SyncToy options were:
	Active for run all
	All files included
	No files excluded
	Do not check file contents
	Include read-only files
	Include hidden files
	Include system files
	Backup older files (send to Recycle Bin)
	All subfolders included
SyncToy run took 00:07:42:138.
Copied 10,635,945,368 bytes in 9,104 files in 00:07:42:138.
Bytes per second 23,014,636.1, files per second 19.7.
Avoided copying 775,354,360,204 bytes in 534,290 files that did not require action.
Saved approximately 09:21:29:621 by not copying all files.

SYNC: 01/04/2022 20:38:32:156: Started scanning directory : C:\Users\andre\Dropbox\
SYNC: 01/04/2022 20:38:32:156: Started scanning directory : D:\backup-dropbox\
SYNC: 01/04/2022 20:40:52:012: Stopped scanning directory : C:\Users\andre\Dropbox\
SYNC: 01/04/2022 20:45:31:240: Stopped scanning directory : D:\backup-dropbox\
SYNC: 01/04/2022 21:24:51:309: Preview of C-dropbox-Lacie-dropbox (C:\Users\andre\Dropbox\, D:\backup-dropbox\) in time 00:46:19:152.
SyncToy action was 'Contribute'
Found 90 actions to perform.
Found 637,791 files that did not require action.
Analyzed 229.5 files per second.
Avoided copying 1,916,379,100,336 bytes in 637,791 files.
Saved approximately 08:39:18:00 by not copying any files.

SYNC: 01/04/2022 23:07:29:375: SyncToy run of C-dropbox-Lacie-dropbox (C:\Users\andre\Dropbox\, D:\backup-dropbox\) completed at 1/4/2022 11:07:29 PM.
SyncToy action was 'Contribute'.
SyncToy options were:
	Active for run all
	All files included
	No files excluded
	Do not check file contents
	Include read-only files
	Include hidden files
	Include system files
	Backup older files (send to Recycle Bin)
	All subfolders included
SyncToy run took 01:25:17:471.
Copied 10,099,356 bytes in 80 files in 01:25:17:471.
Bytes per second 1,973.5, files per second 0.0.
Avoided copying 1,916,379,100,336 bytes in 637,791 files that did not require action.
Saved approximately 01:04:38:113 by not copying all files.
Warning: 15 failures occured.
You can retry by selecting "Run" again or select "Preview" to see
the operations that remain to be performed.

SYNC: 01/04/2022 23:07:29:376: *** Error: Cannot read from the source file C:\Users\andre\Dropbox\Rproj\grazing-interaction\.Rproj.user\E0014006\sources\s-1573B793\lock_file. The process cannot access the file because it is being used by another process. (Exception from HRESULT: 0x80070020) Copying C:\Users\andre\Dropbox\Rproj\grazing-interaction\.Rproj.user\E0014006\sources\s-1573B793\lock_file to D:\backup-dropbox\Rproj\grazing-interaction\.Rproj.user\E0014006\sources\s-1573B793\lock_file 

Error: Cannot read from the source file Documents\Forest Ecology Term Paper\Managing Japanese Barberry (Ranunculales- Berberidaceae) Infestations Reduces Blacklegged Tick (Acari- Ixodidae) Abundance and Infection Prevalence with Borrelia burgdorferi (Spirochaetales- Spirochaetaceae).pdf. Path too long (Exception from HRESULT: 0x80010135) 

Error: Cannot read from the source file GoogleDrive\Grad School\Classes\Spring17_RNR696_Ecological_Modeling\Project\Backup_UniSim2-2.0.19_9Mar17\input\student\PestTox\PestTox_fate and transport_wbz0_2012 - sensitivity analysis_population vs concentrations in the water and topsoil.xml. Path too long (Exception from HRESULT: 0x80010135) 

Error: Cannot read from the source file GoogleDrive\Grad School\Classes\Spring17_RNR696_Ecological_Modeling\Project\Backup_UniSim2-2.0.19_9Mar17\input\student\PestTox\PestTox_fate and transport_wbz0_2013 - sensitivity analysis_population vs concentrations in the water and topsoil.xml. Path too long (Exception from HRESULT: 0x80010135) 

Error: Cannot read from the source file GoogleDrive\Grad School\Classes\Spring17_RNR696_Ecological_Modeling\Project\Backup_UniSim2-2.0.19_9Mar17\input\student\PestTox\PestTox_fate and transport_wbz30_2012 - sensitivity analysis_population vs concentrations in the water and topsoil.xml. Path too long (Exception from HRESULT: 0x80010135) 

Error: Cannot read from the source file GoogleDrive\Grad School\Classes\Spring17_RNR696_Ecological_Modeling\Project\Backup_UniSim2-2.0.19_9Mar17\input\student\PestTox\PestTox_fate and transport_wbz30_2013 - sensitivity analysis_population vs concentrations in the water and topsoil.xml. Path too long (Exception from HRESULT: 0x80010135) 

Error: Cannot read from the source file GoogleDrive\Grad School\Classes\Spring17_RNR696_Ecological_Modeling\Project\Backup_UniSim2-2.0.19_9Mar17\src\resources\data\input\student\PestTox\PestTox_fate and transport_Pnsz0_2012 - sensitivity analysis_buffer zone width vs runoff.xml. Path too long (Exception from HRESULT: 0x80010135) 

Error: Cannot read from the source file GoogleDrive\Grad School\Classes\Spring17_RNR696_Ecological_Modeling\Project\Backup_UniSim2-2.0.19_9Mar17\src\resources\data\input\student\PestTox\PestTox_fate and transport_Pnsz0_2013 - sensitivity analysis_buffer zone width vs runoff.xml. Path too long (Exception from HRESULT: 0x80010135) 

Error: Cannot read from the source file GoogleDrive\Grad School\Classes\Spring17_RNR696_Ecological_Modeling\Project\Backup_UniSim2-2.0.19_9Mar17\src\resources\data\input\student\PestTox\PestTox_fate and transport_Pnsz30_2012 - sensitivity analysis_buffer zone width vs runoff.xml. Path too long (Exception from HRESULT: 0x80010135) 

Error: Cannot read from the source file GoogleDrive\Grad School\Classes\Spring17_RNR696_Ecological_Modeling\Project\Backup_UniSim2-2.0.19_9Mar17\src\resources\data\input\student\PestTox\PestTox_fate and transport_Pnsz30_2013 - sensitivity analysis_buffer zone width vs runoff.xml. Path too long (Exception from HRESULT: 0x80010135) 

Error: Cannot read from the source file GoogleDrive\Grad School\Classes\Spring17_RNR696_Ecological_Modeling\Project\Backup_UniSim2-2.0.19_9Mar17\src\resources\data\input\student\PestTox\PestTox_fate and transport_wbz30_2012 - sensitivity analysis_population vs eggs per female.xml. Path too long (Exception from HRESULT: 0x80010135) 

Error: Cannot read from the source file GoogleDrive\Grad School\Classes\Spring17_RNR696_Ecological_Modeling\Project\Backup_UniSim2-2.0.19_9Mar17\src\resources\data\input\student\PestTox\PestTox_fate and transport_wbz30_2012 - sensitivity analysis_rainfall vs macropore flow.xml. Path too long (Exception from HRESULT: 0x80010135) 

Error: Cannot read from the source file GoogleDrive\Grad School\Classes\Spring17_RNR696_Ecological_Modeling\Project\Backup_UniSim2-2.0.19_9Mar17\src\resources\data\input\student\PestTox\PestTox_fate and transport_wbz30_2013 - sensitivity analysis_population vs eggs per female.xml. Path too long (Exception from HRESULT: 0x80010135) 

Error: Cannot read from the source file GoogleDrive\Grad School\Classes\Spring17_RNR696_Ecological_Modeling\Project\Backup_UniSim2-2.0.19_9Mar17\src\resources\data\input\student\PestTox\PestTox_fate and transport_wbz30_2013 - sensitivity analysis_rainfall vs macropore flow.xml. Path too long (Exception from HRESULT: 0x80010135) 

Error: Cannot read from the source file MS_Project\Cybertracker\Archive\Folder_Backup_20June2017_1927\Tablet_Backups\UA01_6Mar17\Android\data\com.symantec.mobilesecurity\files\symantec_update_temp\4\appinsight beryllium_1.0\appinsight$20beryllium_1.0_symalllanguages_livetri.zip. Path too long (Exception from HRESULT: 0x80010135) 


SYNC: 01/04/2022 23:28:11:463: Started scanning directory : C:\Users\andre\Zotero\
SYNC: 01/04/2022 23:28:11:463: Started scanning directory : D:\backup-zotero\
SYNC: 01/04/2022 23:28:14:360: Stopped scanning directory : C:\Users\andre\Zotero\
SYNC: 01/04/2022 23:28:22:105: Stopped scanning directory : D:\backup-zotero\
SYNC: 01/04/2022 23:28:22:253: Preview of C-zotero-Lacie-zotero (C:\Users\andre\Zotero\, D:\backup-zotero\) in time 00:00:10:792.
SyncToy action was 'Contribute'
Found 0 actions to perform.
Found 14,477 files that did not require action.
Analyzed 1,341.4 files per second.
Avoided copying 2,402,882,679 bytes in 14,477 files.
Saved approximately 01:20:05:00 by not copying any files.

SYNC: 01/04/2022 23:28:22:362: SyncToy run of C-zotero-Lacie-zotero (C:\Users\andre\Zotero\, D:\backup-zotero\) completed at 1/4/2022 11:28:22 PM.
SyncToy action was 'Contribute'.
SyncToy options were:
	Active for run all
	All files included
	No files excluded
	Do not check file contents
	Include read-only files
	Include hidden files
	Include system files
	Backup older files (send to Recycle Bin)
	All subfolders included
SyncToy run took 00:00:00:086.
Copied 0 bytes in 0 files in 00:00:00:86.
Bytes per second 0.0, files per second 0.0.
Avoided copying 2,402,882,679 bytes in 14,477 files that did not require action.
Saved approximately 01:20:05:00 by not copying all files.

SYNC: 01/05/2022 13:15:13:664: -------------------------------------------------------------------------
SYNC: 01/05/2022 13:15:13:666: Starting SyncToy, version 2.1.0.0, built 10/19/2009 2:58:16 AM.
SYNC: 01/05/2022 13:17:31:827: Started scanning directory : C:\Users\andre\temp\02-transfer\cameratraps\
SYNC: 01/05/2022 13:17:31:827: Started scanning directory : D:\backup-cameratraps\
SYNC: 01/05/2022 13:18:00:756: Stopped scanning directory : C:\Users\andre\temp\02-transfer\cameratraps\
SYNC: 01/05/2022 13:19:00:400: Stopped scanning directory : D:\backup-cameratraps\
SYNC: 01/05/2022 13:20:35:823: Preview of C-temp-transfer-Lacie-backup-cameratraps-CONTRIBUTE (C:\Users\andre\temp\02-transfer\cameratraps\, D:\backup-cameratraps\) in time 00:03:03:996.
SyncToy action was 'Contribute'
Found 0 actions to perform.
Found 209,799 files that did not require action.
Analyzed 1,140.2 files per second.
Avoided copying 227,326,906,093 bytes in 209,799 files.
Saved approximately 06:17:33:00 by not copying any files.

SYNC: 01/05/2022 13:26:22:489: Started scanning directory : C:\Users\andre\temp\02-transfer\cameratraps2\
SYNC: 01/05/2022 13:26:22:492: Started scanning directory : D:\backup-cameratraps2\
SYNC: 01/05/2022 13:26:26:365: Stopped scanning directory : C:\Users\andre\temp\02-transfer\cameratraps2\
SYNC: 01/05/2022 13:29:00:123: Stopped scanning directory : D:\backup-cameratraps2\
SYNC: 01/05/2022 13:29:09:320: Preview of C-temp-transfer-Lacie-backup-cameratraps2-CONTRIBUTE (C:\Users\andre\temp\02-transfer\cameratraps2\, D:\backup-cameratraps2\) in time 00:02:46:831.
SyncToy action was 'Contribute'
Found 9128 actions to perform.
Found 276,250 files that did not require action.
Analyzed 1,655.9 files per second.
Avoided copying 398,313,125,550 bytes in 276,250 files.
Saved approximately 05:17:06:00 by not copying any files.

SYNC: 01/05/2022 13:42:16:666: Started scanning directory : C:\Users\andre\temp\02-transfer\cameratraps2\
SYNC: 01/05/2022 13:42:16:666: Started scanning directory : D:\backup-cameratraps2\
SYNC: 01/05/2022 13:42:22:819: Stopped scanning directory : C:\Users\andre\temp\02-transfer\cameratraps2\
SYNC: 01/05/2022 13:44:06:381: Stopped scanning directory : D:\backup-cameratraps2\
SYNC: 01/05/2022 13:44:26:544: Preview of C-temp-transfer-Lacie-backup-cameratraps2-CONTRIBUTE (C:\Users\andre\temp\02-transfer\cameratraps2\, D:\backup-cameratraps2\) in time 00:02:09:879.
SyncToy action was 'Contribute'
Found 0 actions to perform.
Found 285,354 files that did not require action.
Analyzed 2,197.1 files per second.
Avoided copying 408,949,070,918 bytes in 285,354 files.
Saved approximately 11:11:38:00 by not copying any files.

SYNC: 01/05/2022 13:45:57:211: SyncToy run of C-temp-transfer-Lacie-backup-cameratraps2-CONTRIBUTE (C:\Users\andre\temp\02-transfer\cameratraps2\, D:\backup-cameratraps2\) completed at 1/5/2022 1:45:57 PM.
SyncToy action was 'Contribute'.
SyncToy options were:
	Active for run all
	All files included
	No files excluded
	Do not check file contents
	Include read-only files
	Include hidden files
	Include system files
	Backup older files (send to Recycle Bin)
	All subfolders included
SyncToy run took 00:00:20:332.
Copied 0 bytes in 0 files in 00:00:20:332.
Bytes per second 0.0, files per second 0.0.
Avoided copying 408,949,070,918 bytes in 285,354 files that did not require action.
Saved approximately 11:11:38:00 by not copying all files.

SYNC: 01/05/2022 13:47:01:072: Started scanning directory : C:\Users\andre\temp\02-transfer\cameratraps2\
SYNC: 01/05/2022 13:47:01:073: Started scanning directory : G:\cameratraps2\
SYNC: 01/05/2022 13:47:04:807: Stopped scanning directory : C:\Users\andre\temp\02-transfer\cameratraps2\
SYNC: 01/05/2022 13:48:52:321: Stopped scanning directory : G:\cameratraps2\
SYNC: 01/05/2022 13:49:11:706: Preview of C-temp-transfer-SNR3-cameratraps2-CONTRIBUTE (C:\Users\andre\temp\02-transfer\cameratraps2\, G:\cameratraps2\) in time 00:02:10:633.
SyncToy action was 'Contribute'
Found 0 actions to perform.
Found 285,352 files that did not require action.
Analyzed 2,184.4 files per second.
Avoided copying 408,949,070,758 bytes in 285,352 files.
Saved approximately 11:11:38:00 by not copying any files.

SYNC: 01/05/2022 13:49:39:752: SyncToy run of C-temp-transfer-SNR3-cameratraps2-CONTRIBUTE (C:\Users\andre\temp\02-transfer\cameratraps2\, G:\cameratraps2\) completed at 1/5/2022 1:49:39 PM.
SyncToy action was 'Contribute'.
SyncToy options were:
	Active for run all
	All files included
	No files excluded
	Do not check file contents
	Include read-only files
	Include hidden files
	Include system files
	Backup older files (send to Recycle Bin)
	All subfolders included
SyncToy run took 00:00:19:710.
Copied 0 bytes in 0 files in 00:00:19:710.
Bytes per second 0.0, files per second 0.0.
Avoided copying 408,949,070,758 bytes in 285,352 files that did not require action.
Saved approximately 11:11:38:00 by not copying all files.

SYNC: 01/05/2022 13:56:46:884: Started scanning directory : C:\Users\andre\temp\02-transfer\cameratraps\
SYNC: 01/05/2022 13:56:46:884: Started scanning directory : G:\cameratraps\
SYNC: 01/05/2022 13:57:14:824: Stopped scanning directory : C:\Users\andre\temp\02-transfer\cameratraps\
SYNC: 01/05/2022 14:16:35:017: *** Exception during preview: {0} : SyncToy cannot access its internal metadata file in one of the folders being synchronized.: 
 Microsoft.Synchronization.MetadataStorage.MetadataStorageEngineException: A storage engine operation failed with error code 25091 (HRESULT = 0x80004005, Source IID = {0FB15084-AF41-11CE-BD2B-204C4F4F5020}, Parameters=(0, 0, 0, , , , )).
 ---> System.Runtime.InteropServices.COMException (0x80041288): A storage engine operation failed with error code 25091 (HRESULT = 0x80004005, Source IID = {0FB15084-AF41-11CE-BD2B-204C4F4F5020}, Parameters=(0, 0, 0, , , , )).

   at Microsoft.Synchronization.Files.Interop.FileSyncProviderClass.DetectChanges()
   at Microsoft.Synchronization.Files.FileSyncProvider.DetectChanges()
   --- End of inner exception stack trace ---

Server stack trace: 
   at Microsoft.Synchronization.Files.FileSyncProvider.DetectChanges()
   at SyncToy.SyncEngine.DetectChangesOnProvider(FileSyncProvider syncProvider, String replicaRootPath)
   at System.Runtime.Remoting.Messaging.StackBuilderSink._PrivateProcessMessage(IntPtr md, Object[] args, Object server, Int32 methodPtr, Boolean fExecuteInContext, Object[]& outArgs)
   at System.Runtime.Remoting.Messaging.StackBuilderSink.PrivateProcessMessage(RuntimeMethodHandle md, Object[] args, Object server, Int32 methodPtr, Boolean fExecuteInContext, Object[]& outArgs)
   at System.Runtime.Remoting.Messaging.StackBuilderSink.AsyncProcessMessage(IMessage msg, IMessageSink replySink)

Exception rethrown at [0]: 
   at System.Runtime.Remoting.Proxies.RealProxy.EndInvokeHelper(Message reqMsg, Boolean bProxyCase)
   at System.Runtime.Remoting.Proxies.RemotingProxy.Invoke(Object NotUsed, MessageData& msgData)
   at SyncToy.SyncEngine.DetectChanges.EndInvoke(IAsyncResult result)
   at SyncToy.SyncEngine.Run(Boolean previewMode)
   at SyncToy.SyncEngine.Preview()
   at SyncToyUI.PreviewDialog.PreviewOnePair(SyncEngine she)
SYNC: 01/05/2022 14:16:35:018: *** Exception during preview: SyncToy cannot access its internal metadata file in one of the folders being synchronized.
SYNC: 01/05/2022 14:21:32:716: Started scanning directory : C:\Users\andre\temp\02-transfer\cameratraps\
SYNC: 01/05/2022 14:21:32:717: Started scanning directory : G:\cameratraps\
SYNC: 01/05/2022 14:21:53:085: Stopped scanning directory : C:\Users\andre\temp\02-transfer\cameratraps\
SYNC: 01/05/2022 14:40:58:658: *** Exception during preview: {0} : SyncToy cannot access its internal metadata file in one of the folders being synchronized.: 
 Microsoft.Synchronization.MetadataStorage.MetadataStorageEngineException: A storage engine operation failed with error code 25091 (HRESULT = 0x80004005, Source IID = {0FB15084-AF41-11CE-BD2B-204C4F4F5020}, Parameters=(0, 0, 0, , , , )).
 ---> System.Runtime.InteropServices.COMException (0x80041288): A storage engine operation failed with error code 25091 (HRESULT = 0x80004005, Source IID = {0FB15084-AF41-11CE-BD2B-204C4F4F5020}, Parameters=(0, 0, 0, , , , )).

   at Microsoft.Synchronization.Files.Interop.FileSyncProviderClass.DetectChanges()
   at Microsoft.Synchronization.Files.FileSyncProvider.DetectChanges()
   --- End of inner exception stack trace ---

Server stack trace: 
   at Microsoft.Synchronization.Files.FileSyncProvider.DetectChanges()
   at SyncToy.SyncEngine.DetectChangesOnProvider(FileSyncProvider syncProvider, String replicaRootPath)
   at System.Runtime.Remoting.Messaging.StackBuilderSink._PrivateProcessMessage(IntPtr md, Object[] args, Object server, Int32 methodPtr, Boolean fExecuteInContext, Object[]& outArgs)
   at System.Runtime.Remoting.Messaging.StackBuilderSink.PrivateProcessMessage(RuntimeMethodHandle md, Object[] args, Object server, Int32 methodPtr, Boolean fExecuteInContext, Object[]& outArgs)
   at System.Runtime.Remoting.Messaging.StackBuilderSink.AsyncProcessMessage(IMessage msg, IMessageSink replySink)

Exception rethrown at [0]: 
   at System.Runtime.Remoting.Proxies.RealProxy.EndInvokeHelper(Message reqMsg, Boolean bProxyCase)
   at System.Runtime.Remoting.Proxies.RemotingProxy.Invoke(Object NotUsed, MessageData& msgData)
   at SyncToy.SyncEngine.DetectChanges.EndInvoke(IAsyncResult result)
   at SyncToy.SyncEngine.Run(Boolean previewMode)
   at SyncToy.SyncEngine.Preview()
   at SyncToyUI.PreviewDialog.PreviewOnePair(SyncEngine she)
SYNC: 01/05/2022 14:40:58:658: *** Exception during preview: SyncToy cannot access its internal metadata file in one of the folders being synchronized.
SYNC: 01/05/2022 14:42:09:021: -------------------------------------------------------------------------
SYNC: 01/05/2022 14:42:09:024: Starting SyncToy, version 2.1.0.0, built 10/19/2009 2:58:16 AM.
SYNC: 01/05/2022 14:46:06:589: Started scanning directory : C:\Users\andre\temp\02-transfer\cameratraps\
SYNC: 01/05/2022 14:46:06:589: Started scanning directory : G:\cameratraps\
SYNC: 01/05/2022 14:46:25:493: Stopped scanning directory : C:\Users\andre\temp\02-transfer\cameratraps\
SYNC: 01/05/2022 15:02:23:240: *** Exception during preview: {0} : SyncToy cannot access its internal metadata file in one of the folders being synchronized.: 
 Microsoft.Synchronization.MetadataStorage.MetadataStorageEngineException: A storage engine operation failed with error code 25091 (HRESULT = 0x80004005, Source IID = {0FB15084-AF41-11CE-BD2B-204C4F4F5020}, Parameters=(0, 0, 0, , , , )).
 ---> System.Runtime.InteropServices.COMException (0x80041288): A storage engine operation failed with error code 25091 (HRESULT = 0x80004005, Source IID = {0FB15084-AF41-11CE-BD2B-204C4F4F5020}, Parameters=(0, 0, 0, , , , )).

   at Microsoft.Synchronization.Files.Interop.FileSyncProviderClass.DetectChanges()
   at Microsoft.Synchronization.Files.FileSyncProvider.DetectChanges()
   --- End of inner exception stack trace ---

Server stack trace: 
   at Microsoft.Synchronization.Files.FileSyncProvider.DetectChanges()
   at SyncToy.SyncEngine.DetectChangesOnProvider(FileSyncProvider syncProvider, String replicaRootPath)
   at System.Runtime.Remoting.Messaging.StackBuilderSink._PrivateProcessMessage(IntPtr md, Object[] args, Object server, Int32 methodPtr, Boolean fExecuteInContext, Object[]& outArgs)
   at System.Runtime.Remoting.Messaging.StackBuilderSink.PrivateProcessMessage(RuntimeMethodHandle md, Object[] args, Object server, Int32 methodPtr, Boolean fExecuteInContext, Object[]& outArgs)
   at System.Runtime.Remoting.Messaging.StackBuilderSink.AsyncProcessMessage(IMessage msg, IMessageSink replySink)

Exception rethrown at [0]: 
   at System.Runtime.Remoting.Proxies.RealProxy.EndInvokeHelper(Message reqMsg, Boolean bProxyCase)
   at System.Runtime.Remoting.Proxies.RemotingProxy.Invoke(Object NotUsed, MessageData& msgData)
   at SyncToy.SyncEngine.DetectChanges.EndInvoke(IAsyncResult result)
   at SyncToy.SyncEngine.Run(Boolean previewMode)
   at SyncToy.SyncEngine.Preview()
   at SyncToyUI.PreviewDialog.PreviewOnePair(SyncEngine she)
SYNC: 01/05/2022 15:02:23:241: *** Exception during preview: SyncToy cannot access its internal metadata file in one of the folders being synchronized.
